Dataset path set to: 
Running training script for model: mdx23c with dataset at 
[I 2025-01-31 08:58:36,848] A new study created in memory with name: no-name-28d81160-a8b7-4372-a522-5444efaf6f27
wandb: Using wandb-core as the SDK backend. Please refer to https://wandb.me/wandb-core for more information.
wandb: Currently logged in as: kaimikkelsen (kaimikkelsen-mcgill-university). Use `wandb login --relogin` to force relogin
wandb: Appending key for api.wandb.ai to your netrc file: /home/kaim/.netrc
wandb: Tracking run with wandb version 0.18.0
wandb: Run data is saved locally in /project/6002780/kaim/Music-Source-Separation-Training/wandb/run-20250131_085839-tjqy1pcv
wandb: Run `wandb offline` to turn off syncing.
wandb: Syncing run mdx23c_MUSDB18HQ_2025-01-31_08-57-12
wandb: ⭐️ View project at https://wandb.ai/kaimikkelsen-mcgill-university/msst
wandb: 🚀 View run at https://wandb.ai/kaimikkelsen-mcgill-university/msst/runs/tjqy1pcv
Optuna study started
Use augmentation for training
Dataset type: 1 Processes to use: 32 
Collecting metadata for ['/train']
Warning: no tracks found in folder '/train'. Please check it!
0it [00:00, ?it/s]0it [00:00, ?it/s]
No tracks found for training. Check paths you provided!
[1;34mwandb[0m: 🚀 View run [33mmdx23c_MUSDB18HQ_2025-01-31_08-57-12[0m at: [34mhttps://wandb.ai/kaimikkelsen-mcgill-university/msst/runs/tjqy1pcv[0m
[1;34mwandb[0m: Find logs at: [1;35m../../../../../../project/6002780/kaim/Music-Source-Separation-Training/wandb/run-20250131_085839-tjqy1pcv/logs[0m
