Loading tracks info from provider moisesdb_v0.1:   0%|          | 0/240 [00:00<?, ?it/s]Loading tracks info from provider moisesdb_v0.1:  12%|█▏        | 29/240 [00:00<00:00, 286.67it/s]Loading tracks info from provider moisesdb_v0.1:  34%|███▍      | 81/240 [00:00<00:00, 412.68it/s]Loading tracks info from provider moisesdb_v0.1:  52%|█████▏    | 125/240 [00:00<00:00, 421.25it/s]Loading tracks info from provider moisesdb_v0.1:  74%|███████▍  | 178/240 [00:00<00:00, 462.36it/s]Loading tracks info from provider moisesdb_v0.1:  94%|█████████▍| 225/240 [00:00<00:00, 447.64it/s]Loading tracks info from provider moisesdb_v0.1: 100%|██████████| 240/240 [00:00<00:00, 432.92it/s]
Saving vocals to /home/kaim/scratch/moisesdb-4stem/Not A Day Goes By/vocals.wav
Saving bass to /home/kaim/scratch/moisesdb-4stem/Not A Day Goes By/bass.wav
Saving drums to /home/kaim/scratch/moisesdb-4stem/Not A Day Goes By/drums.wav
Saving other to /home/kaim/scratch/moisesdb-4stem/Not A Day Goes By/other.wav
Saving mixture to /home/kaim/scratch/moisesdb-4stem/Not A Day Goes By/mixture.wav
Finished processing Not A Day Goes By
Saving vocals to /home/kaim/scratch/moisesdb-4stem/Real/vocals.wav
Saving bass to /home/kaim/scratch/moisesdb-4stem/Real/bass.wav
Saving drums to /home/kaim/scratch/moisesdb-4stem/Real/drums.wav
Saving other to /home/kaim/scratch/moisesdb-4stem/Real/other.wav
Saving mixture to /home/kaim/scratch/moisesdb-4stem/Real/mixture.wav
Finished processing Real
Saving vocals to /home/kaim/scratch/moisesdb-4stem/Five Little Ducks/vocals.wav
Saving bass to /home/kaim/scratch/moisesdb-4stem/Five Little Ducks/bass.wav
Saving drums to /home/kaim/scratch/moisesdb-4stem/Five Little Ducks/drums.wav
Saving other to /home/kaim/scratch/moisesdb-4stem/Five Little Ducks/other.wav
Saving mixture to /home/kaim/scratch/moisesdb-4stem/Five Little Ducks/mixture.wav
Finished processing Five Little Ducks
Saving vocals to /home/kaim/scratch/moisesdb-4stem/Éternelle/vocals.wav
Saving bass to /home/kaim/scratch/moisesdb-4stem/Éternelle/bass.wav
Saving drums to /home/kaim/scratch/moisesdb-4stem/Éternelle/drums.wav
Saving other to /home/kaim/scratch/moisesdb-4stem/Éternelle/other.wav
Saving mixture to /home/kaim/scratch/moisesdb-4stem/Éternelle/mixture.wav
Finished processing Éternelle
Saving vocals to /home/kaim/scratch/moisesdb-4stem/Ancient Voices/vocals.wav
Saving bass to /home/kaim/scratch/moisesdb-4stem/Ancient Voices/bass.wav
Saving drums to /home/kaim/scratch/moisesdb-4stem/Ancient Voices/drums.wav
Saving other to /home/kaim/scratch/moisesdb-4stem/Ancient Voices/other.wav
Saving mixture to /home/kaim/scratch/moisesdb-4stem/Ancient Voices/mixture.wav
Finished processing Ancient Voices
Saving vocals to /home/kaim/scratch/moisesdb-4stem/Ghetto In My Heart/vocals.wav
Saving bass to /home/kaim/scratch/moisesdb-4stem/Ghetto In My Heart/bass.wav
Saving drums to /home/kaim/scratch/moisesdb-4stem/Ghetto In My Heart/drums.wav
Saving other to /home/kaim/scratch/moisesdb-4stem/Ghetto In My Heart/other.wav
Saving mixture to /home/kaim/scratch/moisesdb-4stem/Ghetto In My Heart/mixture.wav
Finished processing Ghetto In My Heart
Saving vocals to /home/kaim/scratch/moisesdb-4stem/Standin' On My Own Two Feet/vocals.wav
Saving bass to /home/kaim/scratch/moisesdb-4stem/Standin' On My Own Two Feet/bass.wav
Saving drums to /home/kaim/scratch/moisesdb-4stem/Standin' On My Own Two Feet/drums.wav
Saving other to /home/kaim/scratch/moisesdb-4stem/Standin' On My Own Two Feet/other.wav
Saving mixture to /home/kaim/scratch/moisesdb-4stem/Standin' On My Own Two Feet/mixture.wav
Finished processing Standin' On My Own Two Feet
Saving vocals to /home/kaim/scratch/moisesdb-4stem/Long Live Rock And Roll/vocals.wav
Saving bass to /home/kaim/scratch/moisesdb-4stem/Long Live Rock And Roll/bass.wav
Saving drums to /home/kaim/scratch/moisesdb-4stem/Long Live Rock And Roll/drums.wav
Saving other to /home/kaim/scratch/moisesdb-4stem/Long Live Rock And Roll/other.wav
Saving mixture to /home/kaim/scratch/moisesdb-4stem/Long Live Rock And Roll/mixture.wav
Finished processing Long Live Rock And Roll
Saving vocals to /home/kaim/scratch/moisesdb-4stem/It's Your Money/vocals.wav
Saving bass to /home/kaim/scratch/moisesdb-4stem/It's Your Money/bass.wav
Saving drums to /home/kaim/scratch/moisesdb-4stem/It's Your Money/drums.wav
Saving other to /home/kaim/scratch/moisesdb-4stem/It's Your Money/other.wav
Saving mixture to /home/kaim/scratch/moisesdb-4stem/It's Your Money/mixture.wav
Finished processing It's Your Money
Saving vocals to /home/kaim/scratch/moisesdb-4stem/Good King Wenceslas/vocals.wav
Saving bass to /home/kaim/scratch/moisesdb-4stem/Good King Wenceslas/bass.wav
Saving drums to /home/kaim/scratch/moisesdb-4stem/Good King Wenceslas/drums.wav
Saving other to /home/kaim/scratch/moisesdb-4stem/Good King Wenceslas/other.wav
Saving mixture to /home/kaim/scratch/moisesdb-4stem/Good King Wenceslas/mixture.wav
Finished processing Good King Wenceslas
Saving vocals to /home/kaim/scratch/moisesdb-4stem/Too Late/vocals.wav
Saving bass to /home/kaim/scratch/moisesdb-4stem/Too Late/bass.wav
Saving drums to /home/kaim/scratch/moisesdb-4stem/Too Late/drums.wav
Saving other to /home/kaim/scratch/moisesdb-4stem/Too Late/other.wav
Saving mixture to /home/kaim/scratch/moisesdb-4stem/Too Late/mixture.wav
Finished processing Too Late
Saving vocals to /home/kaim/scratch/moisesdb-4stem/Dreaming 'Bout Being With You/vocals.wav
Saving bass to /home/kaim/scratch/moisesdb-4stem/Dreaming 'Bout Being With You/bass.wav
Saving drums to /home/kaim/scratch/moisesdb-4stem/Dreaming 'Bout Being With You/drums.wav
Saving other to /home/kaim/scratch/moisesdb-4stem/Dreaming 'Bout Being With You/other.wav
Saving mixture to /home/kaim/scratch/moisesdb-4stem/Dreaming 'Bout Being With You/mixture.wav
Finished processing Dreaming 'Bout Being With You
Saving vocals to /home/kaim/scratch/moisesdb-4stem/Time To Show/vocals.wav
Saving bass to /home/kaim/scratch/moisesdb-4stem/Time To Show/bass.wav
Saving drums to /home/kaim/scratch/moisesdb-4stem/Time To Show/drums.wav
Saving other to /home/kaim/scratch/moisesdb-4stem/Time To Show/other.wav
Saving mixture to /home/kaim/scratch/moisesdb-4stem/Time To Show/mixture.wav
Finished processing Time To Show
Saving vocals to /home/kaim/scratch/moisesdb-4stem/Hark The Herald Angels Sing/vocals.wav
Saving bass to /home/kaim/scratch/moisesdb-4stem/Hark The Herald Angels Sing/bass.wav
Saving drums to /home/kaim/scratch/moisesdb-4stem/Hark The Herald Angels Sing/drums.wav
Saving other to /home/kaim/scratch/moisesdb-4stem/Hark The Herald Angels Sing/other.wav
Saving mixture to /home/kaim/scratch/moisesdb-4stem/Hark The Herald Angels Sing/mixture.wav
Finished processing Hark The Herald Angels Sing
Saving vocals to /home/kaim/scratch/moisesdb-4stem/By Now/vocals.wav
Saving bass to /home/kaim/scratch/moisesdb-4stem/By Now/bass.wav
Saving drums to /home/kaim/scratch/moisesdb-4stem/By Now/drums.wav
Saving other to /home/kaim/scratch/moisesdb-4stem/By Now/other.wav
Saving mixture to /home/kaim/scratch/moisesdb-4stem/By Now/mixture.wav
Finished processing By Now
Saving vocals to /home/kaim/scratch/moisesdb-4stem/A Million Things/vocals.wav
Saving bass to /home/kaim/scratch/moisesdb-4stem/A Million Things/bass.wav
Saving drums to /home/kaim/scratch/moisesdb-4stem/A Million Things/drums.wav
Saving other to /home/kaim/scratch/moisesdb-4stem/A Million Things/other.wav
Saving mixture to /home/kaim/scratch/moisesdb-4stem/A Million Things/mixture.wav
Finished processing A Million Things
Saving vocals to /home/kaim/scratch/moisesdb-4stem/Diddle Dumpling My Son John/vocals.wav
Saving bass to /home/kaim/scratch/moisesdb-4stem/Diddle Dumpling My Son John/bass.wav
Saving drums to /home/kaim/scratch/moisesdb-4stem/Diddle Dumpling My Son John/drums.wav
Saving other to /home/kaim/scratch/moisesdb-4stem/Diddle Dumpling My Son John/other.wav
Saving mixture to /home/kaim/scratch/moisesdb-4stem/Diddle Dumpling My Son John/mixture.wav
Finished processing Diddle Dumpling My Son John
Saving vocals to /home/kaim/scratch/moisesdb-4stem/This Town/vocals.wav
Saving bass to /home/kaim/scratch/moisesdb-4stem/This Town/bass.wav
Saving drums to /home/kaim/scratch/moisesdb-4stem/This Town/drums.wav
Saving other to /home/kaim/scratch/moisesdb-4stem/This Town/other.wav
Saving mixture to /home/kaim/scratch/moisesdb-4stem/This Town/mixture.wav
Finished processing This Town
Saving vocals to /home/kaim/scratch/moisesdb-4stem/We Stand Together/vocals.wav
Saving bass to /home/kaim/scratch/moisesdb-4stem/We Stand Together/bass.wav
Saving drums to /home/kaim/scratch/moisesdb-4stem/We Stand Together/drums.wav
Saving other to /home/kaim/scratch/moisesdb-4stem/We Stand Together/other.wav
Saving mixture to /home/kaim/scratch/moisesdb-4stem/We Stand Together/mixture.wav
Finished processing We Stand Together
Saving vocals to /home/kaim/scratch/moisesdb-4stem/Aarons House/vocals.wav
Saving bass to /home/kaim/scratch/moisesdb-4stem/Aarons House/bass.wav
Saving drums to /home/kaim/scratch/moisesdb-4stem/Aarons House/drums.wav
Saving other to /home/kaim/scratch/moisesdb-4stem/Aarons House/other.wav
Saving mixture to /home/kaim/scratch/moisesdb-4stem/Aarons House/mixture.wav
Finished processing Aarons House
Saving vocals to /home/kaim/scratch/moisesdb-4stem/Dragons/vocals.wav
Saving bass to /home/kaim/scratch/moisesdb-4stem/Dragons/bass.wav
Saving drums to /home/kaim/scratch/moisesdb-4stem/Dragons/drums.wav
Saving other to /home/kaim/scratch/moisesdb-4stem/Dragons/other.wav
Saving mixture to /home/kaim/scratch/moisesdb-4stem/Dragons/mixture.wav
Finished processing Dragons
Saving vocals to /home/kaim/scratch/moisesdb-4stem/A Tisket a Tasket/vocals.wav
Saving bass to /home/kaim/scratch/moisesdb-4stem/A Tisket a Tasket/bass.wav
Saving drums to /home/kaim/scratch/moisesdb-4stem/A Tisket a Tasket/drums.wav
Saving other to /home/kaim/scratch/moisesdb-4stem/A Tisket a Tasket/other.wav
Saving mixture to /home/kaim/scratch/moisesdb-4stem/A Tisket a Tasket/mixture.wav
Finished processing A Tisket a Tasket
Saving vocals to /home/kaim/scratch/moisesdb-4stem/Paranoid Filter/vocals.wav
Saving bass to /home/kaim/scratch/moisesdb-4stem/Paranoid Filter/bass.wav
Saving drums to /home/kaim/scratch/moisesdb-4stem/Paranoid Filter/drums.wav
Saving other to /home/kaim/scratch/moisesdb-4stem/Paranoid Filter/other.wav
Saving mixture to /home/kaim/scratch/moisesdb-4stem/Paranoid Filter/mixture.wav
Finished processing Paranoid Filter
Saving vocals to /home/kaim/scratch/moisesdb-4stem/Rain/vocals.wav
Saving bass to /home/kaim/scratch/moisesdb-4stem/Rain/bass.wav
Saving drums to /home/kaim/scratch/moisesdb-4stem/Rain/drums.wav
Saving other to /home/kaim/scratch/moisesdb-4stem/Rain/other.wav
Saving mixture to /home/kaim/scratch/moisesdb-4stem/Rain/mixture.wav
Finished processing Rain
Saving vocals to /home/kaim/scratch/moisesdb-4stem/I'm Feeling Fine/vocals.wav
Saving bass to /home/kaim/scratch/moisesdb-4stem/I'm Feeling Fine/bass.wav
Saving drums to /home/kaim/scratch/moisesdb-4stem/I'm Feeling Fine/drums.wav
Saving other to /home/kaim/scratch/moisesdb-4stem/I'm Feeling Fine/other.wav
Saving mixture to /home/kaim/scratch/moisesdb-4stem/I'm Feeling Fine/mixture.wav
Finished processing I'm Feeling Fine
Saving vocals to /home/kaim/scratch/moisesdb-4stem/Falling In Falling Out/vocals.wav
Saving bass to /home/kaim/scratch/moisesdb-4stem/Falling In Falling Out/bass.wav
Saving drums to /home/kaim/scratch/moisesdb-4stem/Falling In Falling Out/drums.wav
Saving other to /home/kaim/scratch/moisesdb-4stem/Falling In Falling Out/other.wav
Saving mixture to /home/kaim/scratch/moisesdb-4stem/Falling In Falling Out/mixture.wav
Finished processing Falling In Falling Out
Saving vocals to /home/kaim/scratch/moisesdb-4stem/Can You Hear Me/vocals.wav
Saving bass to /home/kaim/scratch/moisesdb-4stem/Can You Hear Me/bass.wav
Saving drums to /home/kaim/scratch/moisesdb-4stem/Can You Hear Me/drums.wav
Saving other to /home/kaim/scratch/moisesdb-4stem/Can You Hear Me/other.wav
Saving mixture to /home/kaim/scratch/moisesdb-4stem/Can You Hear Me/mixture.wav
Finished processing Can You Hear Me
Saving vocals to /home/kaim/scratch/moisesdb-4stem/1,2,3,4,5,6 Pick Up Sticks/vocals.wav
Saving bass to /home/kaim/scratch/moisesdb-4stem/1,2,3,4,5,6 Pick Up Sticks/bass.wav
Saving drums to /home/kaim/scratch/moisesdb-4stem/1,2,3,4,5,6 Pick Up Sticks/drums.wav
Saving other to /home/kaim/scratch/moisesdb-4stem/1,2,3,4,5,6 Pick Up Sticks/other.wav
Saving mixture to /home/kaim/scratch/moisesdb-4stem/1,2,3,4,5,6 Pick Up Sticks/mixture.wav
Finished processing 1,2,3,4,5,6 Pick Up Sticks
Saving vocals to /home/kaim/scratch/moisesdb-4stem/Never Gonna Stop/vocals.wav
Saving bass to /home/kaim/scratch/moisesdb-4stem/Never Gonna Stop/bass.wav
Saving drums to /home/kaim/scratch/moisesdb-4stem/Never Gonna Stop/drums.wav
Saving other to /home/kaim/scratch/moisesdb-4stem/Never Gonna Stop/other.wav
Saving mixture to /home/kaim/scratch/moisesdb-4stem/Never Gonna Stop/mixture.wav
Finished processing Never Gonna Stop
Saving vocals to /home/kaim/scratch/moisesdb-4stem/Away In A Manger/vocals.wav
Saving bass to /home/kaim/scratch/moisesdb-4stem/Away In A Manger/bass.wav
Saving drums to /home/kaim/scratch/moisesdb-4stem/Away In A Manger/drums.wav
Saving other to /home/kaim/scratch/moisesdb-4stem/Away In A Manger/other.wav
Saving mixture to /home/kaim/scratch/moisesdb-4stem/Away In A Manger/mixture.wav
Finished processing Away In A Manger
Saving vocals to /home/kaim/scratch/moisesdb-4stem/O Come All Ye Faithful/vocals.wav
Saving bass to /home/kaim/scratch/moisesdb-4stem/O Come All Ye Faithful/bass.wav
Saving drums to /home/kaim/scratch/moisesdb-4stem/O Come All Ye Faithful/drums.wav
Saving other to /home/kaim/scratch/moisesdb-4stem/O Come All Ye Faithful/other.wav
Saving mixture to /home/kaim/scratch/moisesdb-4stem/O Come All Ye Faithful/mixture.wav
Finished processing O Come All Ye Faithful
Saving vocals to /home/kaim/scratch/moisesdb-4stem/I'm A Mess/vocals.wav
Saving bass to /home/kaim/scratch/moisesdb-4stem/I'm A Mess/bass.wav
Saving drums to /home/kaim/scratch/moisesdb-4stem/I'm A Mess/drums.wav
Saving other to /home/kaim/scratch/moisesdb-4stem/I'm A Mess/other.wav
Saving mixture to /home/kaim/scratch/moisesdb-4stem/I'm A Mess/mixture.wav
Finished processing I'm A Mess
Saving vocals to /home/kaim/scratch/moisesdb-4stem/Seize The Day/vocals.wav
Saving bass to /home/kaim/scratch/moisesdb-4stem/Seize The Day/bass.wav
Saving drums to /home/kaim/scratch/moisesdb-4stem/Seize The Day/drums.wav
Saving other to /home/kaim/scratch/moisesdb-4stem/Seize The Day/other.wav
Saving mixture to /home/kaim/scratch/moisesdb-4stem/Seize The Day/mixture.wav
Finished processing Seize The Day
Saving vocals to /home/kaim/scratch/moisesdb-4stem/Places/vocals.wav
Saving bass to /home/kaim/scratch/moisesdb-4stem/Places/bass.wav
Saving drums to /home/kaim/scratch/moisesdb-4stem/Places/drums.wav
Saving other to /home/kaim/scratch/moisesdb-4stem/Places/other.wav
Saving mixture to /home/kaim/scratch/moisesdb-4stem/Places/mixture.wav
Finished processing Places
Saving vocals to /home/kaim/scratch/moisesdb-4stem/Try Anything/vocals.wav
Saving bass to /home/kaim/scratch/moisesdb-4stem/Try Anything/bass.wav
Saving drums to /home/kaim/scratch/moisesdb-4stem/Try Anything/drums.wav
Saving other to /home/kaim/scratch/moisesdb-4stem/Try Anything/other.wav
Saving mixture to /home/kaim/scratch/moisesdb-4stem/Try Anything/mixture.wav
Finished processing Try Anything
Saving vocals to /home/kaim/scratch/moisesdb-4stem/The Long Way/vocals.wav
Saving bass to /home/kaim/scratch/moisesdb-4stem/The Long Way/bass.wav
Saving drums to /home/kaim/scratch/moisesdb-4stem/The Long Way/drums.wav
Saving other to /home/kaim/scratch/moisesdb-4stem/The Long Way/other.wav
Saving mixture to /home/kaim/scratch/moisesdb-4stem/The Long Way/mixture.wav
Finished processing The Long Way
Saving vocals to /home/kaim/scratch/moisesdb-4stem/Three Little Kittens/vocals.wav
Saving bass to /home/kaim/scratch/moisesdb-4stem/Three Little Kittens/bass.wav
Saving drums to /home/kaim/scratch/moisesdb-4stem/Three Little Kittens/drums.wav
Saving other to /home/kaim/scratch/moisesdb-4stem/Three Little Kittens/other.wav
Saving mixture to /home/kaim/scratch/moisesdb-4stem/Three Little Kittens/mixture.wav
Finished processing Three Little Kittens
Saving vocals to /home/kaim/scratch/moisesdb-4stem/Spicy/vocals.wav
Saving bass to /home/kaim/scratch/moisesdb-4stem/Spicy/bass.wav
Saving drums to /home/kaim/scratch/moisesdb-4stem/Spicy/drums.wav
Saving other to /home/kaim/scratch/moisesdb-4stem/Spicy/other.wav
Saving mixture to /home/kaim/scratch/moisesdb-4stem/Spicy/mixture.wav
Finished processing Spicy
Saving vocals to /home/kaim/scratch/moisesdb-4stem/Pontiac/vocals.wav
Saving bass to /home/kaim/scratch/moisesdb-4stem/Pontiac/bass.wav
Saving drums to /home/kaim/scratch/moisesdb-4stem/Pontiac/drums.wav
Saving other to /home/kaim/scratch/moisesdb-4stem/Pontiac/other.wav
Saving mixture to /home/kaim/scratch/moisesdb-4stem/Pontiac/mixture.wav
Finished processing Pontiac
Saving vocals to /home/kaim/scratch/moisesdb-4stem/Closer/vocals.wav
Saving bass to /home/kaim/scratch/moisesdb-4stem/Closer/bass.wav
Saving drums to /home/kaim/scratch/moisesdb-4stem/Closer/drums.wav
Saving other to /home/kaim/scratch/moisesdb-4stem/Closer/other.wav
Saving mixture to /home/kaim/scratch/moisesdb-4stem/Closer/mixture.wav
Finished processing Closer
Saving vocals to /home/kaim/scratch/moisesdb-4stem/La Venus D'Argent /vocals.wav
Saving bass to /home/kaim/scratch/moisesdb-4stem/La Venus D'Argent /bass.wav
Saving drums to /home/kaim/scratch/moisesdb-4stem/La Venus D'Argent /drums.wav
Saving other to /home/kaim/scratch/moisesdb-4stem/La Venus D'Argent /other.wav
Saving mixture to /home/kaim/scratch/moisesdb-4stem/La Venus D'Argent /mixture.wav
Finished processing La Venus D'Argent 
Saving vocals to /home/kaim/scratch/moisesdb-4stem/Fire/vocals.wav
Saving bass to /home/kaim/scratch/moisesdb-4stem/Fire/bass.wav
Saving drums to /home/kaim/scratch/moisesdb-4stem/Fire/drums.wav
Saving other to /home/kaim/scratch/moisesdb-4stem/Fire/other.wav
Saving mixture to /home/kaim/scratch/moisesdb-4stem/Fire/mixture.wav
Finished processing Fire
Saving vocals to /home/kaim/scratch/moisesdb-4stem/Be OK/vocals.wav
Saving bass to /home/kaim/scratch/moisesdb-4stem/Be OK/bass.wav
Saving drums to /home/kaim/scratch/moisesdb-4stem/Be OK/drums.wav
Saving other to /home/kaim/scratch/moisesdb-4stem/Be OK/other.wav
Saving mixture to /home/kaim/scratch/moisesdb-4stem/Be OK/mixture.wav
Finished processing Be OK
Saving vocals to /home/kaim/scratch/moisesdb-4stem/The Best In Me/vocals.wav
Saving bass to /home/kaim/scratch/moisesdb-4stem/The Best In Me/bass.wav
Saving drums to /home/kaim/scratch/moisesdb-4stem/The Best In Me/drums.wav
Saving other to /home/kaim/scratch/moisesdb-4stem/The Best In Me/other.wav
Saving mixture to /home/kaim/scratch/moisesdb-4stem/The Best In Me/mixture.wav
Finished processing The Best In Me
Saving vocals to /home/kaim/scratch/moisesdb-4stem/Neptunus/vocals.wav
Saving bass to /home/kaim/scratch/moisesdb-4stem/Neptunus/bass.wav
Saving drums to /home/kaim/scratch/moisesdb-4stem/Neptunus/drums.wav
Saving other to /home/kaim/scratch/moisesdb-4stem/Neptunus/other.wav
Saving mixture to /home/kaim/scratch/moisesdb-4stem/Neptunus/mixture.wav
Finished processing Neptunus
Saving vocals to /home/kaim/scratch/moisesdb-4stem/Salvage/vocals.wav
Saving bass to /home/kaim/scratch/moisesdb-4stem/Salvage/bass.wav
Saving drums to /home/kaim/scratch/moisesdb-4stem/Salvage/drums.wav
Saving other to /home/kaim/scratch/moisesdb-4stem/Salvage/other.wav
Saving mixture to /home/kaim/scratch/moisesdb-4stem/Salvage/mixture.wav
Finished processing Salvage
Saving vocals to /home/kaim/scratch/moisesdb-4stem/Thinking It's a Sign/vocals.wav
Saving bass to /home/kaim/scratch/moisesdb-4stem/Thinking It's a Sign/bass.wav
Saving drums to /home/kaim/scratch/moisesdb-4stem/Thinking It's a Sign/drums.wav
Saving other to /home/kaim/scratch/moisesdb-4stem/Thinking It's a Sign/other.wav
Saving mixture to /home/kaim/scratch/moisesdb-4stem/Thinking It's a Sign/mixture.wav
Finished processing Thinking It's a Sign
Saving vocals to /home/kaim/scratch/moisesdb-4stem/Boys & Girls Come Out To Play/vocals.wav
Saving bass to /home/kaim/scratch/moisesdb-4stem/Boys & Girls Come Out To Play/bass.wav
Saving drums to /home/kaim/scratch/moisesdb-4stem/Boys & Girls Come Out To Play/drums.wav
Saving other to /home/kaim/scratch/moisesdb-4stem/Boys & Girls Come Out To Play/other.wav
Saving mixture to /home/kaim/scratch/moisesdb-4stem/Boys & Girls Come Out To Play/mixture.wav
Finished processing Boys & Girls Come Out To Play
Saving vocals to /home/kaim/scratch/moisesdb-4stem/Can I Get A Minute/vocals.wav
Saving bass to /home/kaim/scratch/moisesdb-4stem/Can I Get A Minute/bass.wav
Saving drums to /home/kaim/scratch/moisesdb-4stem/Can I Get A Minute/drums.wav
Saving other to /home/kaim/scratch/moisesdb-4stem/Can I Get A Minute/other.wav
Saving mixture to /home/kaim/scratch/moisesdb-4stem/Can I Get A Minute/mixture.wav
Finished processing Can I Get A Minute
Saving vocals to /home/kaim/scratch/moisesdb-4stem/Stand Up/vocals.wav
Saving bass to /home/kaim/scratch/moisesdb-4stem/Stand Up/bass.wav
Saving drums to /home/kaim/scratch/moisesdb-4stem/Stand Up/drums.wav
Saving other to /home/kaim/scratch/moisesdb-4stem/Stand Up/other.wav
Saving mixture to /home/kaim/scratch/moisesdb-4stem/Stand Up/mixture.wav
Finished processing Stand Up
Saving vocals to /home/kaim/scratch/moisesdb-4stem/Find Your Smile/vocals.wav
Saving bass to /home/kaim/scratch/moisesdb-4stem/Find Your Smile/bass.wav
Saving drums to /home/kaim/scratch/moisesdb-4stem/Find Your Smile/drums.wav
Saving other to /home/kaim/scratch/moisesdb-4stem/Find Your Smile/other.wav
Saving mixture to /home/kaim/scratch/moisesdb-4stem/Find Your Smile/mixture.wav
Finished processing Find Your Smile
Saving vocals to /home/kaim/scratch/moisesdb-4stem/False Black Bear/vocals.wav
Saving bass to /home/kaim/scratch/moisesdb-4stem/False Black Bear/bass.wav
Saving drums to /home/kaim/scratch/moisesdb-4stem/False Black Bear/drums.wav
Saving other to /home/kaim/scratch/moisesdb-4stem/False Black Bear/other.wav
Saving mixture to /home/kaim/scratch/moisesdb-4stem/False Black Bear/mixture.wav
Finished processing False Black Bear
Saving vocals to /home/kaim/scratch/moisesdb-4stem/Any Human Heart/vocals.wav
Saving bass to /home/kaim/scratch/moisesdb-4stem/Any Human Heart/bass.wav
Saving drums to /home/kaim/scratch/moisesdb-4stem/Any Human Heart/drums.wav
Saving other to /home/kaim/scratch/moisesdb-4stem/Any Human Heart/other.wav
Saving mixture to /home/kaim/scratch/moisesdb-4stem/Any Human Heart/mixture.wav
Finished processing Any Human Heart
Saving vocals to /home/kaim/scratch/moisesdb-4stem/Unassuming Truth/vocals.wav
Saving bass to /home/kaim/scratch/moisesdb-4stem/Unassuming Truth/bass.wav
Saving drums to /home/kaim/scratch/moisesdb-4stem/Unassuming Truth/drums.wav
Saving other to /home/kaim/scratch/moisesdb-4stem/Unassuming Truth/other.wav
Saving mixture to /home/kaim/scratch/moisesdb-4stem/Unassuming Truth/mixture.wav
Finished processing Unassuming Truth
Saving vocals to /home/kaim/scratch/moisesdb-4stem/I Gave You Power /vocals.wav
Saving bass to /home/kaim/scratch/moisesdb-4stem/I Gave You Power /bass.wav
Saving drums to /home/kaim/scratch/moisesdb-4stem/I Gave You Power /drums.wav
Saving other to /home/kaim/scratch/moisesdb-4stem/I Gave You Power /other.wav
Saving mixture to /home/kaim/scratch/moisesdb-4stem/I Gave You Power /mixture.wav
Finished processing I Gave You Power 
Saving vocals to /home/kaim/scratch/moisesdb-4stem/Reach Out/vocals.wav
Saving bass to /home/kaim/scratch/moisesdb-4stem/Reach Out/bass.wav
Saving drums to /home/kaim/scratch/moisesdb-4stem/Reach Out/drums.wav
Saving other to /home/kaim/scratch/moisesdb-4stem/Reach Out/other.wav
Saving mixture to /home/kaim/scratch/moisesdb-4stem/Reach Out/mixture.wav
Finished processing Reach Out
Saving vocals to /home/kaim/scratch/moisesdb-4stem/Nature Of/vocals.wav
Saving bass to /home/kaim/scratch/moisesdb-4stem/Nature Of/bass.wav
Saving drums to /home/kaim/scratch/moisesdb-4stem/Nature Of/drums.wav
Saving other to /home/kaim/scratch/moisesdb-4stem/Nature Of/other.wav
Saving mixture to /home/kaim/scratch/moisesdb-4stem/Nature Of/mixture.wav
Finished processing Nature Of
Saving vocals to /home/kaim/scratch/moisesdb-4stem/Crackling On The Wire/vocals.wav
Saving bass to /home/kaim/scratch/moisesdb-4stem/Crackling On The Wire/bass.wav
Saving drums to /home/kaim/scratch/moisesdb-4stem/Crackling On The Wire/drums.wav
Saving other to /home/kaim/scratch/moisesdb-4stem/Crackling On The Wire/other.wav
Saving mixture to /home/kaim/scratch/moisesdb-4stem/Crackling On The Wire/mixture.wav
Finished processing Crackling On The Wire
Saving vocals to /home/kaim/scratch/moisesdb-4stem/Porridge/vocals.wav
Saving bass to /home/kaim/scratch/moisesdb-4stem/Porridge/bass.wav
Saving drums to /home/kaim/scratch/moisesdb-4stem/Porridge/drums.wav
Saving other to /home/kaim/scratch/moisesdb-4stem/Porridge/other.wav
Saving mixture to /home/kaim/scratch/moisesdb-4stem/Porridge/mixture.wav
Finished processing Porridge
Saving vocals to /home/kaim/scratch/moisesdb-4stem/Too Much Information/vocals.wav
Saving bass to /home/kaim/scratch/moisesdb-4stem/Too Much Information/bass.wav
Saving drums to /home/kaim/scratch/moisesdb-4stem/Too Much Information/drums.wav
Saving other to /home/kaim/scratch/moisesdb-4stem/Too Much Information/other.wav
Saving mixture to /home/kaim/scratch/moisesdb-4stem/Too Much Information/mixture.wav
Finished processing Too Much Information
Saving vocals to /home/kaim/scratch/moisesdb-4stem/Life On Earth/vocals.wav
Saving bass to /home/kaim/scratch/moisesdb-4stem/Life On Earth/bass.wav
Saving drums to /home/kaim/scratch/moisesdb-4stem/Life On Earth/drums.wav
Saving other to /home/kaim/scratch/moisesdb-4stem/Life On Earth/other.wav
Saving mixture to /home/kaim/scratch/moisesdb-4stem/Life On Earth/mixture.wav
Finished processing Life On Earth
Saving vocals to /home/kaim/scratch/moisesdb-4stem/U Do U/vocals.wav
Saving bass to /home/kaim/scratch/moisesdb-4stem/U Do U/bass.wav
Saving drums to /home/kaim/scratch/moisesdb-4stem/U Do U/drums.wav
Saving other to /home/kaim/scratch/moisesdb-4stem/U Do U/other.wav
Saving mixture to /home/kaim/scratch/moisesdb-4stem/U Do U/mixture.wav
Finished processing U Do U
Saving vocals to /home/kaim/scratch/moisesdb-4stem/Lifes Changes/vocals.wav
Saving bass to /home/kaim/scratch/moisesdb-4stem/Lifes Changes/bass.wav
Saving drums to /home/kaim/scratch/moisesdb-4stem/Lifes Changes/drums.wav
Saving other to /home/kaim/scratch/moisesdb-4stem/Lifes Changes/other.wav
Saving mixture to /home/kaim/scratch/moisesdb-4stem/Lifes Changes/mixture.wav
Finished processing Lifes Changes
Saving vocals to /home/kaim/scratch/moisesdb-4stem/The Man In The Moon/vocals.wav
Saving bass to /home/kaim/scratch/moisesdb-4stem/The Man In The Moon/bass.wav
Saving drums to /home/kaim/scratch/moisesdb-4stem/The Man In The Moon/drums.wav
Saving other to /home/kaim/scratch/moisesdb-4stem/The Man In The Moon/other.wav
Saving mixture to /home/kaim/scratch/moisesdb-4stem/The Man In The Moon/mixture.wav
Finished processing The Man In The Moon
Saving vocals to /home/kaim/scratch/moisesdb-4stem/Music Makes Me/vocals.wav
Saving bass to /home/kaim/scratch/moisesdb-4stem/Music Makes Me/bass.wav
Saving drums to /home/kaim/scratch/moisesdb-4stem/Music Makes Me/drums.wav
Saving other to /home/kaim/scratch/moisesdb-4stem/Music Makes Me/other.wav
Saving mixture to /home/kaim/scratch/moisesdb-4stem/Music Makes Me/mixture.wav
Finished processing Music Makes Me
Saving vocals to /home/kaim/scratch/moisesdb-4stem/Feel Low/vocals.wav
Saving bass to /home/kaim/scratch/moisesdb-4stem/Feel Low/bass.wav
Saving drums to /home/kaim/scratch/moisesdb-4stem/Feel Low/drums.wav
Saving other to /home/kaim/scratch/moisesdb-4stem/Feel Low/other.wav
Saving mixture to /home/kaim/scratch/moisesdb-4stem/Feel Low/mixture.wav
Finished processing Feel Low
Saving vocals to /home/kaim/scratch/moisesdb-4stem/Never Say Never/vocals.wav
Saving bass to /home/kaim/scratch/moisesdb-4stem/Never Say Never/bass.wav
Saving drums to /home/kaim/scratch/moisesdb-4stem/Never Say Never/drums.wav
Saving other to /home/kaim/scratch/moisesdb-4stem/Never Say Never/other.wav
Saving mixture to /home/kaim/scratch/moisesdb-4stem/Never Say Never/mixture.wav
Finished processing Never Say Never
Saving vocals to /home/kaim/scratch/moisesdb-4stem/Athazagora/vocals.wav
Saving bass to /home/kaim/scratch/moisesdb-4stem/Athazagora/bass.wav
Saving drums to /home/kaim/scratch/moisesdb-4stem/Athazagora/drums.wav
Saving other to /home/kaim/scratch/moisesdb-4stem/Athazagora/other.wav
Saving mixture to /home/kaim/scratch/moisesdb-4stem/Athazagora/mixture.wav
Finished processing Athazagora
Saving vocals to /home/kaim/scratch/moisesdb-4stem/Old Mother Hubbard/vocals.wav
Saving bass to /home/kaim/scratch/moisesdb-4stem/Old Mother Hubbard/bass.wav
Saving drums to /home/kaim/scratch/moisesdb-4stem/Old Mother Hubbard/drums.wav
Saving other to /home/kaim/scratch/moisesdb-4stem/Old Mother Hubbard/other.wav
Saving mixture to /home/kaim/scratch/moisesdb-4stem/Old Mother Hubbard/mixture.wav
Finished processing Old Mother Hubbard
Saving vocals to /home/kaim/scratch/moisesdb-4stem/Fine Line/vocals.wav
Saving bass to /home/kaim/scratch/moisesdb-4stem/Fine Line/bass.wav
Saving drums to /home/kaim/scratch/moisesdb-4stem/Fine Line/drums.wav
Saving other to /home/kaim/scratch/moisesdb-4stem/Fine Line/other.wav
Saving mixture to /home/kaim/scratch/moisesdb-4stem/Fine Line/mixture.wav
Finished processing Fine Line
Saving vocals to /home/kaim/scratch/moisesdb-4stem/Cleaner/vocals.wav
Saving bass to /home/kaim/scratch/moisesdb-4stem/Cleaner/bass.wav
Saving drums to /home/kaim/scratch/moisesdb-4stem/Cleaner/drums.wav
Saving other to /home/kaim/scratch/moisesdb-4stem/Cleaner/other.wav
Saving mixture to /home/kaim/scratch/moisesdb-4stem/Cleaner/mixture.wav
Finished processing Cleaner
Saving vocals to /home/kaim/scratch/moisesdb-4stem/King Of Horror/vocals.wav
Saving bass to /home/kaim/scratch/moisesdb-4stem/King Of Horror/bass.wav
Saving drums to /home/kaim/scratch/moisesdb-4stem/King Of Horror/drums.wav
Saving other to /home/kaim/scratch/moisesdb-4stem/King Of Horror/other.wav
Saving mixture to /home/kaim/scratch/moisesdb-4stem/King Of Horror/mixture.wav
Finished processing King Of Horror
Saving vocals to /home/kaim/scratch/moisesdb-4stem/Distant Eyes/vocals.wav
Saving bass to /home/kaim/scratch/moisesdb-4stem/Distant Eyes/bass.wav
Saving drums to /home/kaim/scratch/moisesdb-4stem/Distant Eyes/drums.wav
Saving other to /home/kaim/scratch/moisesdb-4stem/Distant Eyes/other.wav
Saving mixture to /home/kaim/scratch/moisesdb-4stem/Distant Eyes/mixture.wav
Finished processing Distant Eyes
Traceback (most recent call last):
  File "/project/6002780/kaim/Music-Source-Separation-Training/create_4_stem_moisesdb.py", line 20, in <module>
    stems = track.mix_stems(mix_4_stems)
  File "/project/6002780/kaim/Music-Source-Separation-Training/separation_env/lib/python3.10/site-packages/moisesdb/track.py", line 123, in mix_stems
    stems[stem] = trim_and_mix(stems_to_mix)
  File "/project/6002780/kaim/Music-Source-Separation-Training/separation_env/lib/python3.10/site-packages/moisesdb/track.py", line 161, in trim_and_mix
    min_len = min(s.shape[-1] for s in sources)
ValueError: min() arg is an empty sequence
