Moving ../data/MUSDB18HQ.zip to /localscratch/kaim.55014728.0 for faster access
unzipping /localscratch/kaim.55014728.0/MUSDB18HQ.zip
Archive:  /localscratch/kaim.55014728.0/MUSDB18HQ.zip
   creating: /localscratch/kaim.55014728.0/MUSDB18HQ/
   creating: /localscratch/kaim.55014728.0/MUSDB18HQ/train/
   creating: /localscratch/kaim.55014728.0/MUSDB18HQ/train/Music Delta - Hendrix/
  inflating: /localscratch/kaim.55014728.0/MUSDB18HQ/train/Music Delta - Hendrix/other.wav  
  inflating: /localscratch/kaim.55014728.0/MUSDB18HQ/train/Music Delta - Hendrix/drums.wav  
  inflating: /localscratch/kaim.55014728.0/MUSDB18HQ/train/Music Delta - Hendrix/mixture.wav  
  inflating: /localscratch/kaim.55014728.0/MUSDB18HQ/train/Music Delta - Hendrix/vocals.wav  
  inflating: /localscratch/kaim.55014728.0/MUSDB18HQ/train/Music Delta - Hendrix/bass.wav  
   creating: /localscratch/kaim.55014728.0/MUSDB18HQ/train/Music Delta - 80s Rock/
  inflating: /localscratch/kaim.55014728.0/MUSDB18HQ/train/Music Delta - 80s Rock/other.wav  
  inflating: /localscratch/kaim.55014728.0/MUSDB18HQ/train/Music Delta - 80s Rock/drums.wav  
  inflating: /localscratch/kaim.55014728.0/MUSDB18HQ/train/Music Delta - 80s Rock/mixture.wav  
  inflating: /localscratch/kaim.55014728.0/MUSDB18HQ/train/Music Delta - 80s Rock/vocals.wav  
  inflating: /localscratch/kaim.55014728.0/MUSDB18HQ/train/Music Delta - 80s Rock/bass.wav  
   creating: /localscratch/kaim.55014728.0/MUSDB18HQ/train/The Wrong'Uns - Rothko/
  inflating: /localscratch/kaim.55014728.0/MUSDB18HQ/train/The Wrong'Uns - Rothko/other.wav  
  inflating: /localscratch/kaim.55014728.0/MUSDB18HQ/train/The Wrong'Uns - Rothko/drums.wav  
  inflating: /localscratch/kaim.55014728.0/MUSDB18HQ/train/The Wrong'Uns - Rothko/mixture.wav  
  inflating: /localscratch/kaim.55014728.0/MUSDB18HQ/train/The Wrong'Uns - Rothko/vocals.wav  
  inflating: /localscratch/kaim.55014728.0/MUSDB18HQ/train/The Wrong'Uns - Rothko/bass.wav  
   creating: /localscratch/kaim.55014728.0/MUSDB18HQ/train/Music Delta - Reggae/
  inflating: /localscratch/kaim.55014728.0/MUSDB18HQ/train/Music Delta - Reggae/other.wav  
  inflating: /localscratch/kaim.55014728.0/MUSDB18HQ/train/Music Delta - Reggae/drums.wav  
  inflating: /localscratch/kaim.55014728.0/MUSDB18HQ/train/Music Delta - Reggae/mixture.wav  
  inflating: /localscratch/kaim.55014728.0/MUSDB18HQ/train/Music Delta - Reggae/vocals.wav  
  inflating: /localscratch/kaim.55014728.0/MUSDB18HQ/train/Music Delta - Reggae/bass.wav  
   creating: /localscratch/kaim.55014728.0/MUSDB18HQ/train/Secret Mountains - High Horse/
  inflating: /localscratch/kaim.55014728.0/MUSDB18HQ/train/Secret Mountains - High Horse/other.wav  
  inflating: /localscratch/kaim.55014728.0/MUSDB18HQ/train/Secret Mountains - High Horse/drums.wav  
  inflating: /localscratch/kaim.55014728.0/MUSDB18HQ/train/Secret Mountains - High Horse/mixture.wav  
  inflating: /localscratch/kaim.55014728.0/MUSDB18HQ/train/Secret Mountains - High Horse/vocals.wav  
  inflating: /localscratch/kaim.55014728.0/MUSDB18HQ/train/Secret Mountains - High Horse/bass.wav  
   creating: /localscratch/kaim.55014728.0/MUSDB18HQ/train/Young Griffo - Facade/
  inflating: /localscratch/kaim.55014728.0/MUSDB18HQ/train/Young Griffo - Facade/other.wav  
  inflating: /localscratch/kaim.55014728.0/MUSDB18HQ/train/Young Griffo - Facade/drums.wav  
  inflating: /localscratch/kaim.55014728.0/MUSDB18HQ/train/Young Griffo - Facade/mixture.wav  
  inflating: /localscratch/kaim.55014728.0/MUSDB18HQ/train/Young Griffo - Facade/vocals.wav  
  inflating: /localscratch/kaim.55014728.0/MUSDB18HQ/train/Young Griffo - Facade/bass.wav  
   creating: /localscratch/kaim.55014728.0/MUSDB18HQ/train/BigTroubles - Phantom/
  inflating: /localscratch/kaim.55014728.0/MUSDB18HQ/train/BigTroubles - Phantom/other.wav  
  inflating: /localscratch/kaim.55014728.0/MUSDB18HQ/train/BigTroubles - Phantom/drums.wav  
  inflating: /localscratch/kaim.55014728.0/MUSDB18HQ/train/BigTroubles - Phantom/mixture.wav  
  inflating: /localscratch/kaim.55014728.0/MUSDB18HQ/train/BigTroubles - Phantom/vocals.wav  
  inflating: /localscratch/kaim.55014728.0/MUSDB18HQ/train/BigTroubles - Phantom/bass.wav  
   creating: /localscratch/kaim.55014728.0/MUSDB18HQ/train/Alexander Ross - Velvet Curtain/
  inflating: /localscratch/kaim.55014728.0/MUSDB18HQ/train/Alexander Ross - Velvet Curtain/other.wav  
  inflating: /localscratch/kaim.55014728.0/MUSDB18HQ/train/Alexander Ross - Velvet Curtain/drums.wav  
  inflating: /localscratch/kaim.55014728.0/MUSDB18HQ/train/Alexander Ross - Velvet Curtain/mixture.wav  
  inflating: /localscratch/kaim.55014728.0/MUSDB18HQ/train/Alexander Ross - Velvet Curtain/vocals.wav  
  inflating: /localscratch/kaim.55014728.0/MUSDB18HQ/train/Alexander Ross - Velvet Curtain/bass.wav  
   creating: /localscratch/kaim.55014728.0/MUSDB18HQ/train/ANiMAL - Easy Tiger/
  inflating: /localscratch/kaim.55014728.0/MUSDB18HQ/train/ANiMAL - Easy Tiger/other.wav  
  inflating: /localscratch/kaim.55014728.0/MUSDB18HQ/train/ANiMAL - Easy Tiger/drums.wav  
  inflating: /localscratch/kaim.55014728.0/MUSDB18HQ/train/ANiMAL - Easy Tiger/mixture.wav  
  inflating: /localscratch/kaim.55014728.0/MUSDB18HQ/train/ANiMAL - Easy Tiger/vocals.wav  
  inflating: /localscratch/kaim.55014728.0/MUSDB18HQ/train/ANiMAL - Easy Tiger/bass.wav  
   creating: /localscratch/kaim.55014728.0/MUSDB18HQ/train/Creepoid - OldTree/
  inflating: /localscratch/kaim.55014728.0/MUSDB18HQ/train/Creepoid - OldTree/other.wav  
  inflating: /localscratch/kaim.55014728.0/MUSDB18HQ/train/Creepoid - OldTree/drums.wav  
  inflating: /localscratch/kaim.55014728.0/MUSDB18HQ/train/Creepoid - OldTree/mixture.wav  
  inflating: /localscratch/kaim.55014728.0/MUSDB18HQ/train/Creepoid - OldTree/vocals.wav  
  inflating: /localscratch/kaim.55014728.0/MUSDB18HQ/train/Creepoid - OldTree/bass.wav  
   creating: /localscratch/kaim.55014728.0/MUSDB18HQ/train/Jay Menon - Through My Eyes/
  inflating: /localscratch/kaim.55014728.0/MUSDB18HQ/train/Jay Menon - Through My Eyes/other.wav  
  inflating: /localscratch/kaim.55014728.0/MUSDB18HQ/train/Jay Menon - Through My Eyes/drums.wav  
  inflating: /localscratch/kaim.55014728.0/MUSDB18HQ/train/Jay Menon - Through My Eyes/mixture.wav  
  inflating: /localscratch/kaim.55014728.0/MUSDB18HQ/train/Jay Menon - Through My Eyes/vocals.wav  
  inflating: /localscratch/kaim.55014728.0/MUSDB18HQ/train/Jay Menon - Through My Eyes/bass.wav  
   creating: /localscratch/kaim.55014728.0/MUSDB18HQ/train/Dreamers Of The Ghetto - Heavy Love/
  inflating: /localscratch/kaim.55014728.0/MUSDB18HQ/train/Dreamers Of The Ghetto - Heavy Love/other.wav  
  inflating: /localscratch/kaim.55014728.0/MUSDB18HQ/train/Dreamers Of The Ghetto - Heavy Love/drums.wav  
  inflating: /localscratch/kaim.55014728.0/MUSDB18HQ/train/Dreamers Of The Ghetto - Heavy Love/mixture.wav  
  inflating: /localscratch/kaim.55014728.0/MUSDB18HQ/train/Dreamers Of The Ghetto - Heavy Love/vocals.wav  
  inflating: /localscratch/kaim.55014728.0/MUSDB18HQ/train/Dreamers Of The Ghetto - Heavy Love/bass.wav  
   creating: /localscratch/kaim.55014728.0/MUSDB18HQ/train/Phre The Eon - Everybody's Falling Apart/
  inflating: /localscratch/kaim.55014728.0/MUSDB18HQ/train/Phre The Eon - Everybody's Falling Apart/other.wav  
  inflating: /localscratch/kaim.55014728.0/MUSDB18HQ/train/Phre The Eon - Everybody's Falling Apart/drums.wav  
  inflating: /localscratch/kaim.55014728.0/MUSDB18HQ/train/Phre The Eon - Everybody's Falling Apart/mixture.wav  
  inflating: /localscratch/kaim.55014728.0/MUSDB18HQ/train/Phre The Eon - Everybody's Falling Apart/vocals.wav  
  inflating: /localscratch/kaim.55014728.0/MUSDB18HQ/train/Phre The Eon - Everybody's Falling Apart/bass.wav  
   creating: /localscratch/kaim.55014728.0/MUSDB18HQ/train/AvaLuna - Waterduct/
  inflating: /localscratch/kaim.55014728.0/MUSDB18HQ/train/AvaLuna - Waterduct/other.wav  
  inflating: /localscratch/kaim.55014728.0/MUSDB18HQ/train/AvaLuna - Waterduct/drums.wav  
  inflating: /localscratch/kaim.55014728.0/MUSDB18HQ/train/AvaLuna - Waterduct/mixture.wav  
  inflating: /localscratch/kaim.55014728.0/MUSDB18HQ/train/AvaLuna - Waterduct/vocals.wav  
  inflating: /localscratch/kaim.55014728.0/MUSDB18HQ/train/AvaLuna - Waterduct/bass.wav  
   creating: /localscratch/kaim.55014728.0/MUSDB18HQ/train/Fergessen - The Wind/
  inflating: /localscratch/kaim.55014728.0/MUSDB18HQ/train/Fergessen - The Wind/other.wav  
  inflating: /localscratch/kaim.55014728.0/MUSDB18HQ/train/Fergessen - The Wind/drums.wav  
  inflating: /localscratch/kaim.55014728.0/MUSDB18HQ/train/Fergessen - The Wind/mixture.wav  
  inflating: /localscratch/kaim.55014728.0/MUSDB18HQ/train/Fergessen - The Wind/vocals.wav  
  inflating: /localscratch/kaim.55014728.0/MUSDB18HQ/train/Fergessen - The Wind/bass.wav  
   creating: /localscratch/kaim.55014728.0/MUSDB18HQ/train/Clara Berry And Wooldog - Stella/
  inflating: /localscratch/kaim.55014728.0/MUSDB18HQ/train/Clara Berry And Wooldog - Stella/other.wav  
  inflating: /localscratch/kaim.55014728.0/MUSDB18HQ/train/Clara Berry And Wooldog - Stella/drums.wav  
  inflating: /localscratch/kaim.55014728.0/MUSDB18HQ/train/Clara Berry And Wooldog - Stella/mixture.wav  
  inflating: /localscratch/kaim.55014728.0/MUSDB18HQ/train/Clara Berry And Wooldog - Stella/vocals.wav  
  inflating: /localscratch/kaim.55014728.0/MUSDB18HQ/train/Clara Berry And Wooldog - Stella/bass.wav  
   creating: /localscratch/kaim.55014728.0/MUSDB18HQ/train/Cnoc An Tursa - Bannockburn/
  inflating: /localscratch/kaim.55014728.0/MUSDB18HQ/train/Cnoc An Tursa - Bannockburn/other.wav  
  inflating: /localscratch/kaim.55014728.0/MUSDB18HQ/train/Cnoc An Tursa - Bannockburn/drums.wav  
  inflating: /localscratch/kaim.55014728.0/MUSDB18HQ/train/Cnoc An Tursa - Bannockburn/mixture.wav  
  inflating: /localscratch/kaim.55014728.0/MUSDB18HQ/train/Cnoc An Tursa - Bannockburn/vocals.wav  
  inflating: /localscratch/kaim.55014728.0/MUSDB18HQ/train/Cnoc An Tursa - Bannockburn/bass.wav  
   creating: /localscratch/kaim.55014728.0/MUSDB18HQ/train/Port St Willow - Stay Even/
  inflating: /localscratch/kaim.55014728.0/MUSDB18HQ/train/Port St Willow - Stay Even/other.wav  
  inflating: /localscratch/kaim.55014728.0/MUSDB18HQ/train/Port St Willow - Stay Even/drums.wav  
  inflating: /localscratch/kaim.55014728.0/MUSDB18HQ/train/Port St Willow - Stay Even/mixture.wav  
  inflating: /localscratch/kaim.55014728.0/MUSDB18HQ/train/Port St Willow - Stay Even/vocals.wav  
  inflating: /localscratch/kaim.55014728.0/MUSDB18HQ/train/Port St Willow - Stay Even/bass.wav  
   creating: /localscratch/kaim.55014728.0/MUSDB18HQ/train/Music Delta - Britpop/
  inflating: /localscratch/kaim.55014728.0/MUSDB18HQ/train/Music Delta - Britpop/other.wav  
  inflating: /localscratch/kaim.55014728.0/MUSDB18HQ/train/Music Delta - Britpop/drums.wav  
  inflating: /localscratch/kaim.55014728.0/MUSDB18HQ/train/Music Delta - Britpop/mixture.wav  
  inflating: /localscratch/kaim.55014728.0/MUSDB18HQ/train/Music Delta - Britpop/vocals.wav  
  inflating: /localscratch/kaim.55014728.0/MUSDB18HQ/train/Music Delta - Britpop/bass.wav  
   creating: /localscratch/kaim.55014728.0/MUSDB18HQ/train/Faces On Film - Waiting For Ga/
  inflating: /localscratch/kaim.55014728.0/MUSDB18HQ/train/Faces On Film - Waiting For Ga/other.wav  
  inflating: /localscratch/kaim.55014728.0/MUSDB18HQ/train/Faces On Film - Waiting For Ga/drums.wav  
  inflating: /localscratch/kaim.55014728.0/MUSDB18HQ/train/Faces On Film - Waiting For Ga/mixture.wav  
  inflating: /localscratch/kaim.55014728.0/MUSDB18HQ/train/Faces On Film - Waiting For Ga/vocals.wav  
  inflating: /localscratch/kaim.55014728.0/MUSDB18HQ/train/Faces On Film - Waiting For Ga/bass.wav  
   creating: /localscratch/kaim.55014728.0/MUSDB18HQ/train/Matthew Entwistle - Dont You Ever/
  inflating: /localscratch/kaim.55014728.0/MUSDB18HQ/train/Matthew Entwistle - Dont You Ever/other.wav  
  inflating: /localscratch/kaim.55014728.0/MUSDB18HQ/train/Matthew Entwistle - Dont You Ever/drums.wav  
  inflating: /localscratch/kaim.55014728.0/MUSDB18HQ/train/Matthew Entwistle - Dont You Ever/mixture.wav  
  inflating: /localscratch/kaim.55014728.0/MUSDB18HQ/train/Matthew Entwistle - Dont You Ever/vocals.wav  
  inflating: /localscratch/kaim.55014728.0/MUSDB18HQ/train/Matthew Entwistle - Dont You Ever/bass.wav  
   creating: /localscratch/kaim.55014728.0/MUSDB18HQ/train/Snowmine - Curfews/
  inflating: /localscratch/kaim.55014728.0/MUSDB18HQ/train/Snowmine - Curfews/other.wav  
  inflating: /localscratch/kaim.55014728.0/MUSDB18HQ/train/Snowmine - Curfews/drums.wav  
  inflating: /localscratch/kaim.55014728.0/MUSDB18HQ/train/Snowmine - Curfews/mixture.wav  
  inflating: /localscratch/kaim.55014728.0/MUSDB18HQ/train/Snowmine - Curfews/vocals.wav  
  inflating: /localscratch/kaim.55014728.0/MUSDB18HQ/train/Snowmine - Curfews/bass.wav  
   creating: /localscratch/kaim.55014728.0/MUSDB18HQ/train/Hop Along - Sister Cities/
  inflating: /localscratch/kaim.55014728.0/MUSDB18HQ/train/Hop Along - Sister Cities/other.wav  
  inflating: /localscratch/kaim.55014728.0/MUSDB18HQ/train/Hop Along - Sister Cities/drums.wav  
  inflating: /localscratch/kaim.55014728.0/MUSDB18HQ/train/Hop Along - Sister Cities/mixture.wav  
  inflating: /localscratch/kaim.55014728.0/MUSDB18HQ/train/Hop Along - Sister Cities/vocals.wav  
  inflating: /localscratch/kaim.55014728.0/MUSDB18HQ/train/Hop Along - Sister Cities/bass.wav  
   creating: /localscratch/kaim.55014728.0/MUSDB18HQ/train/Meaxic - You Listen/
  inflating: /localscratch/kaim.55014728.0/MUSDB18HQ/train/Meaxic - You Listen/other.wav  
  inflating: /localscratch/kaim.55014728.0/MUSDB18HQ/train/Meaxic - You Listen/drums.wav  
  inflating: /localscratch/kaim.55014728.0/MUSDB18HQ/train/Meaxic - You Listen/mixture.wav  
  inflating: /localscratch/kaim.55014728.0/MUSDB18HQ/train/Meaxic - You Listen/vocals.wav  
  inflating: /localscratch/kaim.55014728.0/MUSDB18HQ/train/Meaxic - You Listen/bass.wav  
   creating: /localscratch/kaim.55014728.0/MUSDB18HQ/train/Invisible Familiars - Disturbing Wildlife/
  inflating: /localscratch/kaim.55014728.0/MUSDB18HQ/train/Invisible Familiars - Disturbing Wildlife/other.wav  
  inflating: /localscratch/kaim.55014728.0/MUSDB18HQ/train/Invisible Familiars - Disturbing Wildlife/drums.wav  
  inflating: /localscratch/kaim.55014728.0/MUSDB18HQ/train/Invisible Familiars - Disturbing Wildlife/mixture.wav  
  inflating: /localscratch/kaim.55014728.0/MUSDB18HQ/train/Invisible Familiars - Disturbing Wildlife/vocals.wav  
  inflating: /localscratch/kaim.55014728.0/MUSDB18HQ/train/Invisible Familiars - Disturbing Wildlife/bass.wav  
   creating: /localscratch/kaim.55014728.0/MUSDB18HQ/train/Jokers, Jacks & Kings - Sea Of Leaves/
  inflating: /localscratch/kaim.55014728.0/MUSDB18HQ/train/Jokers, Jacks & Kings - Sea Of Leaves/other.wav  
  inflating: /localscratch/kaim.55014728.0/MUSDB18HQ/train/Jokers, Jacks & Kings - Sea Of Leaves/drums.wav  
  inflating: /localscratch/kaim.55014728.0/MUSDB18HQ/train/Jokers, Jacks & Kings - Sea Of Leaves/mixture.wav  
  inflating: /localscratch/kaim.55014728.0/MUSDB18HQ/train/Jokers, Jacks & Kings - Sea Of Leaves/vocals.wav  
  inflating: /localscratch/kaim.55014728.0/MUSDB18HQ/train/Jokers, Jacks & Kings - Sea Of Leaves/bass.wav  
   creating: /localscratch/kaim.55014728.0/MUSDB18HQ/train/Music Delta - Rock/
  inflating: /localscratch/kaim.55014728.0/MUSDB18HQ/train/Music Delta - Rock/other.wav  
  inflating: /localscratch/kaim.55014728.0/MUSDB18HQ/train/Music Delta - Rock/drums.wav  
  inflating: /localscratch/kaim.55014728.0/MUSDB18HQ/train/Music Delta - Rock/mixture.wav  
  inflating: /localscratch/kaim.55014728.0/MUSDB18HQ/train/Music Delta - Rock/vocals.wav  
  inflating: /localscratch/kaim.55014728.0/MUSDB18HQ/train/Music Delta - Rock/bass.wav  
   creating: /localscratch/kaim.55014728.0/MUSDB18HQ/train/Lushlife - Toynbee Suite/
  inflating: /localscratch/kaim.55014728.0/MUSDB18HQ/train/Lushlife - Toynbee Suite/other.wav  
  inflating: /localscratch/kaim.55014728.0/MUSDB18HQ/train/Lushlife - Toynbee Suite/drums.wav  
  inflating: /localscratch/kaim.55014728.0/MUSDB18HQ/train/Lushlife - Toynbee Suite/mixture.wav  
  inflating: /localscratch/kaim.55014728.0/MUSDB18HQ/train/Lushlife - Toynbee Suite/vocals.wav  
  inflating: /localscratch/kaim.55014728.0/MUSDB18HQ/train/Lushlife - Toynbee Suite/bass.wav  
   creating: /localscratch/kaim.55014728.0/MUSDB18HQ/train/Hollow Ground - Left Blind/
  inflating: /localscratch/kaim.55014728.0/MUSDB18HQ/train/Hollow Ground - Left Blind/other.wav  
  inflating: /localscratch/kaim.55014728.0/MUSDB18HQ/train/Hollow Ground - Left Blind/drums.wav  
  inflating: /localscratch/kaim.55014728.0/MUSDB18HQ/train/Hollow Ground - Left Blind/mixture.wav  
  inflating: /localscratch/kaim.55014728.0/MUSDB18HQ/train/Hollow Ground - Left Blind/vocals.wav  
  inflating: /localscratch/kaim.55014728.0/MUSDB18HQ/train/Hollow Ground - Left Blind/bass.wav  
   creating: /localscratch/kaim.55014728.0/MUSDB18HQ/train/Strand Of Oaks - Spacestation/
  inflating: /localscratch/kaim.55014728.0/MUSDB18HQ/train/Strand Of Oaks - Spacestation/other.wav  
  inflating: /localscratch/kaim.55014728.0/MUSDB18HQ/train/Strand Of Oaks - Spacestation/drums.wav  
  inflating: /localscratch/kaim.55014728.0/MUSDB18HQ/train/Strand Of Oaks - Spacestation/mixture.wav  
  inflating: /localscratch/kaim.55014728.0/MUSDB18HQ/train/Strand Of Oaks - Spacestation/vocals.wav  
  inflating: /localscratch/kaim.55014728.0/MUSDB18HQ/train/Strand Of Oaks - Spacestation/bass.wav  
   creating: /localscratch/kaim.55014728.0/MUSDB18HQ/train/Aimee Norwich - Child/
  inflating: /localscratch/kaim.55014728.0/MUSDB18HQ/train/Aimee Norwich - Child/other.wav  
  inflating: /localscratch/kaim.55014728.0/MUSDB18HQ/train/Aimee Norwich - Child/drums.wav  
  inflating: /localscratch/kaim.55014728.0/MUSDB18HQ/train/Aimee Norwich - Child/mixture.wav  
  inflating: /localscratch/kaim.55014728.0/MUSDB18HQ/train/Aimee Norwich - Child/vocals.wav  
  inflating: /localscratch/kaim.55014728.0/MUSDB18HQ/train/Aimee Norwich - Child/bass.wav  
   creating: /localscratch/kaim.55014728.0/MUSDB18HQ/train/James May - If You Say/
  inflating: /localscratch/kaim.55014728.0/MUSDB18HQ/train/James May - If You Say/other.wav  
  inflating: /localscratch/kaim.55014728.0/MUSDB18HQ/train/James May - If You Say/drums.wav  
  inflating: /localscratch/kaim.55014728.0/MUSDB18HQ/train/James May - If You Say/mixture.wav  
  inflating: /localscratch/kaim.55014728.0/MUSDB18HQ/train/James May - If You Say/vocals.wav  
  inflating: /localscratch/kaim.55014728.0/MUSDB18HQ/train/James May - If You Say/bass.wav  
   creating: /localscratch/kaim.55014728.0/MUSDB18HQ/train/Helado Negro - Mitad Del Mundo/
  inflating: /localscratch/kaim.55014728.0/MUSDB18HQ/train/Helado Negro - Mitad Del Mundo/other.wav  
  inflating: /localscratch/kaim.55014728.0/MUSDB18HQ/train/Helado Negro - Mitad Del Mundo/drums.wav  
  inflating: /localscratch/kaim.55014728.0/MUSDB18HQ/train/Helado Negro - Mitad Del Mundo/mixture.wav  
  inflating: /localscratch/kaim.55014728.0/MUSDB18HQ/train/Helado Negro - Mitad Del Mundo/vocals.wav  
  inflating: /localscratch/kaim.55014728.0/MUSDB18HQ/train/Helado Negro - Mitad Del Mundo/bass.wav  
   creating: /localscratch/kaim.55014728.0/MUSDB18HQ/train/Auctioneer - Our Future Faces/
  inflating: /localscratch/kaim.55014728.0/MUSDB18HQ/train/Auctioneer - Our Future Faces/other.wav  
  inflating: /localscratch/kaim.55014728.0/MUSDB18HQ/train/Auctioneer - Our Future Faces/drums.wav  
  inflating: /localscratch/kaim.55014728.0/MUSDB18HQ/train/Auctioneer - Our Future Faces/mixture.wav  
  inflating: /localscratch/kaim.55014728.0/MUSDB18HQ/train/Auctioneer - Our Future Faces/vocals.wav  
  inflating: /localscratch/kaim.55014728.0/MUSDB18HQ/train/Auctioneer - Our Future Faces/bass.wav  
   creating: /localscratch/kaim.55014728.0/MUSDB18HQ/train/Celestial Shore - Die For Us/
  inflating: /localscratch/kaim.55014728.0/MUSDB18HQ/train/Celestial Shore - Die For Us/other.wav  
  inflating: /localscratch/kaim.55014728.0/MUSDB18HQ/train/Celestial Shore - Die For Us/drums.wav  
  inflating: /localscratch/kaim.55014728.0/MUSDB18HQ/train/Celestial Shore - Die For Us/mixture.wav  
  inflating: /localscratch/kaim.55014728.0/MUSDB18HQ/train/Celestial Shore - Die For Us/vocals.wav  
  inflating: /localscratch/kaim.55014728.0/MUSDB18HQ/train/Celestial Shore - Die For Us/bass.wav  
   creating: /localscratch/kaim.55014728.0/MUSDB18HQ/train/Leaf - Wicked/
  inflating: /localscratch/kaim.55014728.0/MUSDB18HQ/train/Leaf - Wicked/other.wav  
  inflating: /localscratch/kaim.55014728.0/MUSDB18HQ/train/Leaf - Wicked/drums.wav  
  inflating: /localscratch/kaim.55014728.0/MUSDB18HQ/train/Leaf - Wicked/mixture.wav  
  inflating: /localscratch/kaim.55014728.0/MUSDB18HQ/train/Leaf - Wicked/vocals.wav  
  inflating: /localscratch/kaim.55014728.0/MUSDB18HQ/train/Leaf - Wicked/bass.wav  
   creating: /localscratch/kaim.55014728.0/MUSDB18HQ/train/Swinging Steaks - Lost My Way/
  inflating: /localscratch/kaim.55014728.0/MUSDB18HQ/train/Swinging Steaks - Lost My Way/other.wav  
  inflating: /localscratch/kaim.55014728.0/MUSDB18HQ/train/Swinging Steaks - Lost My Way/drums.wav  
  inflating: /localscratch/kaim.55014728.0/MUSDB18HQ/train/Swinging Steaks - Lost My Way/mixture.wav  
  inflating: /localscratch/kaim.55014728.0/MUSDB18HQ/train/Swinging Steaks - Lost My Way/vocals.wav  
  inflating: /localscratch/kaim.55014728.0/MUSDB18HQ/train/Swinging Steaks - Lost My Way/bass.wav  
   creating: /localscratch/kaim.55014728.0/MUSDB18HQ/train/Music Delta - Country2/
  inflating: /localscratch/kaim.55014728.0/MUSDB18HQ/train/Music Delta - Country2/other.wav  
  inflating: /localscratch/kaim.55014728.0/MUSDB18HQ/train/Music Delta - Country2/drums.wav  
  inflating: /localscratch/kaim.55014728.0/MUSDB18HQ/train/Music Delta - Country2/mixture.wav  
  inflating: /localscratch/kaim.55014728.0/MUSDB18HQ/train/Music Delta - Country2/vocals.wav  
  inflating: /localscratch/kaim.55014728.0/MUSDB18HQ/train/Music Delta - Country2/bass.wav  
   creating: /localscratch/kaim.55014728.0/MUSDB18HQ/train/Actions - Devil's Words/
  inflating: /localscratch/kaim.55014728.0/MUSDB18HQ/train/Actions - Devil's Words/other.wav  
  inflating: /localscratch/kaim.55014728.0/MUSDB18HQ/train/Actions - Devil's Words/drums.wav  
  inflating: /localscratch/kaim.55014728.0/MUSDB18HQ/train/Actions - Devil's Words/mixture.wav  
  inflating: /localscratch/kaim.55014728.0/MUSDB18HQ/train/Actions - Devil's Words/vocals.wav  
  inflating: /localscratch/kaim.55014728.0/MUSDB18HQ/train/Actions - Devil's Words/bass.wav  
   creating: /localscratch/kaim.55014728.0/MUSDB18HQ/train/Dark Ride - Burning Bridges/
  inflating: /localscratch/kaim.55014728.0/MUSDB18HQ/train/Dark Ride - Burning Bridges/other.wav  
  inflating: /localscratch/kaim.55014728.0/MUSDB18HQ/train/Dark Ride - Burning Bridges/drums.wav  
  inflating: /localscratch/kaim.55014728.0/MUSDB18HQ/train/Dark Ride - Burning Bridges/mixture.wav  
  inflating: /localscratch/kaim.55014728.0/MUSDB18HQ/train/Dark Ride - Burning Bridges/vocals.wav  
  inflating: /localscratch/kaim.55014728.0/MUSDB18HQ/train/Dark Ride - Burning Bridges/bass.wav  
   creating: /localscratch/kaim.55014728.0/MUSDB18HQ/train/Grants - PunchDrunk/
  inflating: /localscratch/kaim.55014728.0/MUSDB18HQ/train/Grants - PunchDrunk/other.wav  
  inflating: /localscratch/kaim.55014728.0/MUSDB18HQ/train/Grants - PunchDrunk/drums.wav  
  inflating: /localscratch/kaim.55014728.0/MUSDB18HQ/train/Grants - PunchDrunk/mixture.wav  
  inflating: /localscratch/kaim.55014728.0/MUSDB18HQ/train/Grants - PunchDrunk/vocals.wav  
  inflating: /localscratch/kaim.55014728.0/MUSDB18HQ/train/Grants - PunchDrunk/bass.wav  
   creating: /localscratch/kaim.55014728.0/MUSDB18HQ/train/Traffic Experiment - Once More (With Feeling)/
  inflating: /localscratch/kaim.55014728.0/MUSDB18HQ/train/Traffic Experiment - Once More (With Feeling)/other.wav  
  inflating: /localscratch/kaim.55014728.0/MUSDB18HQ/train/Traffic Experiment - Once More (With Feeling)/drums.wav  
  inflating: /localscratch/kaim.55014728.0/MUSDB18HQ/train/Traffic Experiment - Once More (With Feeling)/mixture.wav  
  inflating: /localscratch/kaim.55014728.0/MUSDB18HQ/train/Traffic Experiment - Once More (With Feeling)/vocals.wav  
  inflating: /localscratch/kaim.55014728.0/MUSDB18HQ/train/Traffic Experiment - Once More (With Feeling)/bass.wav  
   creating: /localscratch/kaim.55014728.0/MUSDB18HQ/train/Titanium - Haunted Age/
  inflating: /localscratch/kaim.55014728.0/MUSDB18HQ/train/Titanium - Haunted Age/other.wav  
  inflating: /localscratch/kaim.55014728.0/MUSDB18HQ/train/Titanium - Haunted Age/drums.wav  
  inflating: /localscratch/kaim.55014728.0/MUSDB18HQ/train/Titanium - Haunted Age/mixture.wav  
  inflating: /localscratch/kaim.55014728.0/MUSDB18HQ/train/Titanium - Haunted Age/vocals.wav  
  inflating: /localscratch/kaim.55014728.0/MUSDB18HQ/train/Titanium - Haunted Age/bass.wav  
   creating: /localscratch/kaim.55014728.0/MUSDB18HQ/train/Music Delta - Rockabilly/
  inflating: /localscratch/kaim.55014728.0/MUSDB18HQ/train/Music Delta - Rockabilly/other.wav  
  inflating: /localscratch/kaim.55014728.0/MUSDB18HQ/train/Music Delta - Rockabilly/drums.wav  
  inflating: /localscratch/kaim.55014728.0/MUSDB18HQ/train/Music Delta - Rockabilly/mixture.wav  
  inflating: /localscratch/kaim.55014728.0/MUSDB18HQ/train/Music Delta - Rockabilly/vocals.wav  
  inflating: /localscratch/kaim.55014728.0/MUSDB18HQ/train/Music Delta - Rockabilly/bass.wav  
   creating: /localscratch/kaim.55014728.0/MUSDB18HQ/train/Leaf - Come Around/
  inflating: /localscratch/kaim.55014728.0/MUSDB18HQ/train/Leaf - Come Around/other.wav  
  inflating: /localscratch/kaim.55014728.0/MUSDB18HQ/train/Leaf - Come Around/drums.wav  
  inflating: /localscratch/kaim.55014728.0/MUSDB18HQ/train/Leaf - Come Around/mixture.wav  
  inflating: /localscratch/kaim.55014728.0/MUSDB18HQ/train/Leaf - Come Around/vocals.wav  
  inflating: /localscratch/kaim.55014728.0/MUSDB18HQ/train/Leaf - Come Around/bass.wav  
   creating: /localscratch/kaim.55014728.0/MUSDB18HQ/train/St Vitus - Word Gets Around/
  inflating: /localscratch/kaim.55014728.0/MUSDB18HQ/train/St Vitus - Word Gets Around/other.wav  
  inflating: /localscratch/kaim.55014728.0/MUSDB18HQ/train/St Vitus - Word Gets Around/drums.wav  
  inflating: /localscratch/kaim.55014728.0/MUSDB18HQ/train/St Vitus - Word Gets Around/mixture.wav  
  inflating: /localscratch/kaim.55014728.0/MUSDB18HQ/train/St Vitus - Word Gets Around/vocals.wav  
  inflating: /localscratch/kaim.55014728.0/MUSDB18HQ/train/St Vitus - Word Gets Around/bass.wav  
   creating: /localscratch/kaim.55014728.0/MUSDB18HQ/train/Music Delta - Disco/
  inflating: /localscratch/kaim.55014728.0/MUSDB18HQ/train/Music Delta - Disco/other.wav  
  inflating: /localscratch/kaim.55014728.0/MUSDB18HQ/train/Music Delta - Disco/drums.wav  
  inflating: /localscratch/kaim.55014728.0/MUSDB18HQ/train/Music Delta - Disco/mixture.wav  
  inflating: /localscratch/kaim.55014728.0/MUSDB18HQ/train/Music Delta - Disco/vocals.wav  
  inflating: /localscratch/kaim.55014728.0/MUSDB18HQ/train/Music Delta - Disco/bass.wav  
   creating: /localscratch/kaim.55014728.0/MUSDB18HQ/train/Johnny Lokke - Whisper To A Scream/
  inflating: /localscratch/kaim.55014728.0/MUSDB18HQ/train/Johnny Lokke - Whisper To A Scream/other.wav  
  inflating: /localscratch/kaim.55014728.0/MUSDB18HQ/train/Johnny Lokke - Whisper To A Scream/drums.wav  
  inflating: /localscratch/kaim.55014728.0/MUSDB18HQ/train/Johnny Lokke - Whisper To A Scream/mixture.wav  
  inflating: /localscratch/kaim.55014728.0/MUSDB18HQ/train/Johnny Lokke - Whisper To A Scream/vocals.wav  
  inflating: /localscratch/kaim.55014728.0/MUSDB18HQ/train/Johnny Lokke - Whisper To A Scream/bass.wav  
   creating: /localscratch/kaim.55014728.0/MUSDB18HQ/train/Triviul - Dorothy/
  inflating: /localscratch/kaim.55014728.0/MUSDB18HQ/train/Triviul - Dorothy/other.wav  
  inflating: /localscratch/kaim.55014728.0/MUSDB18HQ/train/Triviul - Dorothy/drums.wav  
  inflating: /localscratch/kaim.55014728.0/MUSDB18HQ/train/Triviul - Dorothy/mixture.wav  
  inflating: /localscratch/kaim.55014728.0/MUSDB18HQ/train/Triviul - Dorothy/vocals.wav  
  inflating: /localscratch/kaim.55014728.0/MUSDB18HQ/train/Triviul - Dorothy/bass.wav  
   creating: /localscratch/kaim.55014728.0/MUSDB18HQ/train/Skelpolu - Together Alone/
  inflating: /localscratch/kaim.55014728.0/MUSDB18HQ/train/Skelpolu - Together Alone/other.wav  
  inflating: /localscratch/kaim.55014728.0/MUSDB18HQ/train/Skelpolu - Together Alone/drums.wav  
  inflating: /localscratch/kaim.55014728.0/MUSDB18HQ/train/Skelpolu - Together Alone/mixture.wav  
  inflating: /localscratch/kaim.55014728.0/MUSDB18HQ/train/Skelpolu - Together Alone/vocals.wav  
  inflating: /localscratch/kaim.55014728.0/MUSDB18HQ/train/Skelpolu - Together Alone/bass.wav  
   creating: /localscratch/kaim.55014728.0/MUSDB18HQ/train/Fergessen - Back From The Start/
  inflating: /localscratch/kaim.55014728.0/MUSDB18HQ/train/Fergessen - Back From The Start/other.wav  
  inflating: /localscratch/kaim.55014728.0/MUSDB18HQ/train/Fergessen - Back From The Start/drums.wav  
  inflating: /localscratch/kaim.55014728.0/MUSDB18HQ/train/Fergessen - Back From The Start/mixture.wav  
  inflating: /localscratch/kaim.55014728.0/MUSDB18HQ/train/Fergessen - Back From The Start/vocals.wav  
  inflating: /localscratch/kaim.55014728.0/MUSDB18HQ/train/Fergessen - Back From The Start/bass.wav  
   creating: /localscratch/kaim.55014728.0/MUSDB18HQ/train/Tim Taler - Stalker/
  inflating: /localscratch/kaim.55014728.0/MUSDB18HQ/train/Tim Taler - Stalker/other.wav  
  inflating: /localscratch/kaim.55014728.0/MUSDB18HQ/train/Tim Taler - Stalker/drums.wav  
  inflating: /localscratch/kaim.55014728.0/MUSDB18HQ/train/Tim Taler - Stalker/mixture.wav  
  inflating: /localscratch/kaim.55014728.0/MUSDB18HQ/train/Tim Taler - Stalker/vocals.wav  
  inflating: /localscratch/kaim.55014728.0/MUSDB18HQ/train/Tim Taler - Stalker/bass.wav  
   creating: /localscratch/kaim.55014728.0/MUSDB18HQ/train/Hezekiah Jones - Borrowed Heart/
  inflating: /localscratch/kaim.55014728.0/MUSDB18HQ/train/Hezekiah Jones - Borrowed Heart/other.wav  
  inflating: /localscratch/kaim.55014728.0/MUSDB18HQ/train/Hezekiah Jones - Borrowed Heart/drums.wav  
  inflating: /localscratch/kaim.55014728.0/MUSDB18HQ/train/Hezekiah Jones - Borrowed Heart/mixture.wav  
  inflating: /localscratch/kaim.55014728.0/MUSDB18HQ/train/Hezekiah Jones - Borrowed Heart/vocals.wav  
  inflating: /localscratch/kaim.55014728.0/MUSDB18HQ/train/Hezekiah Jones - Borrowed Heart/bass.wav  
   creating: /localscratch/kaim.55014728.0/MUSDB18HQ/train/The Scarlet Brand - Les Fleurs Du Mal/
  inflating: /localscratch/kaim.55014728.0/MUSDB18HQ/train/The Scarlet Brand - Les Fleurs Du Mal/other.wav  
  inflating: /localscratch/kaim.55014728.0/MUSDB18HQ/train/The Scarlet Brand - Les Fleurs Du Mal/drums.wav  
  inflating: /localscratch/kaim.55014728.0/MUSDB18HQ/train/The Scarlet Brand - Les Fleurs Du Mal/mixture.wav  
  inflating: /localscratch/kaim.55014728.0/MUSDB18HQ/train/The Scarlet Brand - Les Fleurs Du Mal/vocals.wav  
  inflating: /localscratch/kaim.55014728.0/MUSDB18HQ/train/The Scarlet Brand - Les Fleurs Du Mal/bass.wav  
   creating: /localscratch/kaim.55014728.0/MUSDB18HQ/train/Night Panther - Fire/
  inflating: /localscratch/kaim.55014728.0/MUSDB18HQ/train/Night Panther - Fire/other.wav  
  inflating: /localscratch/kaim.55014728.0/MUSDB18HQ/train/Night Panther - Fire/drums.wav  
  inflating: /localscratch/kaim.55014728.0/MUSDB18HQ/train/Night Panther - Fire/mixture.wav  
  inflating: /localscratch/kaim.55014728.0/MUSDB18HQ/train/Night Panther - Fire/vocals.wav  
  inflating: /localscratch/kaim.55014728.0/MUSDB18HQ/train/Night Panther - Fire/bass.wav  
   creating: /localscratch/kaim.55014728.0/MUSDB18HQ/train/Music Delta - Grunge/
  inflating: /localscratch/kaim.55014728.0/MUSDB18HQ/train/Music Delta - Grunge/other.wav  
  inflating: /localscratch/kaim.55014728.0/MUSDB18HQ/train/Music Delta - Grunge/drums.wav  
  inflating: /localscratch/kaim.55014728.0/MUSDB18HQ/train/Music Delta - Grunge/mixture.wav  
  inflating: /localscratch/kaim.55014728.0/MUSDB18HQ/train/Music Delta - Grunge/vocals.wav  
  inflating: /localscratch/kaim.55014728.0/MUSDB18HQ/train/Music Delta - Grunge/bass.wav  
   creating: /localscratch/kaim.55014728.0/MUSDB18HQ/train/The Districts - Vermont/
  inflating: /localscratch/kaim.55014728.0/MUSDB18HQ/train/The Districts - Vermont/other.wav  
  inflating: /localscratch/kaim.55014728.0/MUSDB18HQ/train/The Districts - Vermont/drums.wav  
  inflating: /localscratch/kaim.55014728.0/MUSDB18HQ/train/The Districts - Vermont/mixture.wav  
  inflating: /localscratch/kaim.55014728.0/MUSDB18HQ/train/The Districts - Vermont/vocals.wav  
  inflating: /localscratch/kaim.55014728.0/MUSDB18HQ/train/The Districts - Vermont/bass.wav  
   creating: /localscratch/kaim.55014728.0/MUSDB18HQ/train/Giselle - Moss/
  inflating: /localscratch/kaim.55014728.0/MUSDB18HQ/train/Giselle - Moss/other.wav  
  inflating: /localscratch/kaim.55014728.0/MUSDB18HQ/train/Giselle - Moss/drums.wav  
  inflating: /localscratch/kaim.55014728.0/MUSDB18HQ/train/Giselle - Moss/mixture.wav  
  inflating: /localscratch/kaim.55014728.0/MUSDB18HQ/train/Giselle - Moss/vocals.wav  
  inflating: /localscratch/kaim.55014728.0/MUSDB18HQ/train/Giselle - Moss/bass.wav  
   creating: /localscratch/kaim.55014728.0/MUSDB18HQ/train/Actions - South Of The Water/
  inflating: /localscratch/kaim.55014728.0/MUSDB18HQ/train/Actions - South Of The Water/other.wav  
  inflating: /localscratch/kaim.55014728.0/MUSDB18HQ/train/Actions - South Of The Water/drums.wav  
  inflating: /localscratch/kaim.55014728.0/MUSDB18HQ/train/Actions - South Of The Water/mixture.wav  
  inflating: /localscratch/kaim.55014728.0/MUSDB18HQ/train/Actions - South Of The Water/vocals.wav  
  inflating: /localscratch/kaim.55014728.0/MUSDB18HQ/train/Actions - South Of The Water/bass.wav  
   creating: /localscratch/kaim.55014728.0/MUSDB18HQ/train/Angela Thomas Wade - Milk Cow Blues/
  inflating: /localscratch/kaim.55014728.0/MUSDB18HQ/train/Angela Thomas Wade - Milk Cow Blues/other.wav  
  inflating: /localscratch/kaim.55014728.0/MUSDB18HQ/train/Angela Thomas Wade - Milk Cow Blues/drums.wav  
  inflating: /localscratch/kaim.55014728.0/MUSDB18HQ/train/Angela Thomas Wade - Milk Cow Blues/mixture.wav  
  inflating: /localscratch/kaim.55014728.0/MUSDB18HQ/train/Angela Thomas Wade - Milk Cow Blues/vocals.wav  
  inflating: /localscratch/kaim.55014728.0/MUSDB18HQ/train/Angela Thomas Wade - Milk Cow Blues/bass.wav  
   creating: /localscratch/kaim.55014728.0/MUSDB18HQ/train/Music Delta - Country1/
  inflating: /localscratch/kaim.55014728.0/MUSDB18HQ/train/Music Delta - Country1/other.wav  
  inflating: /localscratch/kaim.55014728.0/MUSDB18HQ/train/Music Delta - Country1/drums.wav  
  inflating: /localscratch/kaim.55014728.0/MUSDB18HQ/train/Music Delta - Country1/mixture.wav  
  inflating: /localscratch/kaim.55014728.0/MUSDB18HQ/train/Music Delta - Country1/vocals.wav  
  inflating: /localscratch/kaim.55014728.0/MUSDB18HQ/train/Music Delta - Country1/bass.wav  
   creating: /localscratch/kaim.55014728.0/MUSDB18HQ/train/James May - Dont Let Go/
  inflating: /localscratch/kaim.55014728.0/MUSDB18HQ/train/James May - Dont Let Go/other.wav  
  inflating: /localscratch/kaim.55014728.0/MUSDB18HQ/train/James May - Dont Let Go/drums.wav  
  inflating: /localscratch/kaim.55014728.0/MUSDB18HQ/train/James May - Dont Let Go/mixture.wav  
  inflating: /localscratch/kaim.55014728.0/MUSDB18HQ/train/James May - Dont Let Go/vocals.wav  
  inflating: /localscratch/kaim.55014728.0/MUSDB18HQ/train/James May - Dont Let Go/bass.wav  
   creating: /localscratch/kaim.55014728.0/MUSDB18HQ/train/James May - All Souls Moon/
  inflating: /localscratch/kaim.55014728.0/MUSDB18HQ/train/James May - All Souls Moon/other.wav  
  inflating: /localscratch/kaim.55014728.0/MUSDB18HQ/train/James May - All Souls Moon/drums.wav  
  inflating: /localscratch/kaim.55014728.0/MUSDB18HQ/train/James May - All Souls Moon/mixture.wav  
  inflating: /localscratch/kaim.55014728.0/MUSDB18HQ/train/James May - All Souls Moon/vocals.wav  
  inflating: /localscratch/kaim.55014728.0/MUSDB18HQ/train/James May - All Souls Moon/bass.wav  
   creating: /localscratch/kaim.55014728.0/MUSDB18HQ/train/Clara Berry And Wooldog - Air Traffic/
  inflating: /localscratch/kaim.55014728.0/MUSDB18HQ/train/Clara Berry And Wooldog - Air Traffic/other.wav  
  inflating: /localscratch/kaim.55014728.0/MUSDB18HQ/train/Clara Berry And Wooldog - Air Traffic/drums.wav  
  inflating: /localscratch/kaim.55014728.0/MUSDB18HQ/train/Clara Berry And Wooldog - Air Traffic/mixture.wav  
  inflating: /localscratch/kaim.55014728.0/MUSDB18HQ/train/Clara Berry And Wooldog - Air Traffic/vocals.wav  
  inflating: /localscratch/kaim.55014728.0/MUSDB18HQ/train/Clara Berry And Wooldog - Air Traffic/bass.wav  
   creating: /localscratch/kaim.55014728.0/MUSDB18HQ/train/Voelund - Comfort Lives In Belief/
  inflating: /localscratch/kaim.55014728.0/MUSDB18HQ/train/Voelund - Comfort Lives In Belief/other.wav  
  inflating: /localscratch/kaim.55014728.0/MUSDB18HQ/train/Voelund - Comfort Lives In Belief/drums.wav  
  inflating: /localscratch/kaim.55014728.0/MUSDB18HQ/train/Voelund - Comfort Lives In Belief/mixture.wav  
  inflating: /localscratch/kaim.55014728.0/MUSDB18HQ/train/Voelund - Comfort Lives In Belief/vocals.wav  
  inflating: /localscratch/kaim.55014728.0/MUSDB18HQ/train/Voelund - Comfort Lives In Belief/bass.wav  
   creating: /localscratch/kaim.55014728.0/MUSDB18HQ/train/Bill Chudziak - Children Of No-one/
  inflating: /localscratch/kaim.55014728.0/MUSDB18HQ/train/Bill Chudziak - Children Of No-one/other.wav  
  inflating: /localscratch/kaim.55014728.0/MUSDB18HQ/train/Bill Chudziak - Children Of No-one/drums.wav  
  inflating: /localscratch/kaim.55014728.0/MUSDB18HQ/train/Bill Chudziak - Children Of No-one/mixture.wav  
  inflating: /localscratch/kaim.55014728.0/MUSDB18HQ/train/Bill Chudziak - Children Of No-one/vocals.wav  
  inflating: /localscratch/kaim.55014728.0/MUSDB18HQ/train/Bill Chudziak - Children Of No-one/bass.wav  
   creating: /localscratch/kaim.55014728.0/MUSDB18HQ/train/Sweet Lights - You Let Me Down/
  inflating: /localscratch/kaim.55014728.0/MUSDB18HQ/train/Sweet Lights - You Let Me Down/other.wav  
  inflating: /localscratch/kaim.55014728.0/MUSDB18HQ/train/Sweet Lights - You Let Me Down/drums.wav  
  inflating: /localscratch/kaim.55014728.0/MUSDB18HQ/train/Sweet Lights - You Let Me Down/mixture.wav  
  inflating: /localscratch/kaim.55014728.0/MUSDB18HQ/train/Sweet Lights - You Let Me Down/vocals.wav  
  inflating: /localscratch/kaim.55014728.0/MUSDB18HQ/train/Sweet Lights - You Let Me Down/bass.wav  
   creating: /localscratch/kaim.55014728.0/MUSDB18HQ/train/Music Delta - Beatles/
  inflating: /localscratch/kaim.55014728.0/MUSDB18HQ/train/Music Delta - Beatles/other.wav  
  inflating: /localscratch/kaim.55014728.0/MUSDB18HQ/train/Music Delta - Beatles/drums.wav  
  inflating: /localscratch/kaim.55014728.0/MUSDB18HQ/train/Music Delta - Beatles/mixture.wav  
  inflating: /localscratch/kaim.55014728.0/MUSDB18HQ/train/Music Delta - Beatles/vocals.wav  
  inflating: /localscratch/kaim.55014728.0/MUSDB18HQ/train/Music Delta - Beatles/bass.wav  
   creating: /localscratch/kaim.55014728.0/MUSDB18HQ/train/Chris Durban - Celebrate/
  inflating: /localscratch/kaim.55014728.0/MUSDB18HQ/train/Chris Durban - Celebrate/other.wav  
  inflating: /localscratch/kaim.55014728.0/MUSDB18HQ/train/Chris Durban - Celebrate/drums.wav  
  inflating: /localscratch/kaim.55014728.0/MUSDB18HQ/train/Chris Durban - Celebrate/mixture.wav  
  inflating: /localscratch/kaim.55014728.0/MUSDB18HQ/train/Chris Durban - Celebrate/vocals.wav  
  inflating: /localscratch/kaim.55014728.0/MUSDB18HQ/train/Chris Durban - Celebrate/bass.wav  
   creating: /localscratch/kaim.55014728.0/MUSDB18HQ/train/Flags - 54/
  inflating: /localscratch/kaim.55014728.0/MUSDB18HQ/train/Flags - 54/other.wav  
  inflating: /localscratch/kaim.55014728.0/MUSDB18HQ/train/Flags - 54/drums.wav  
  inflating: /localscratch/kaim.55014728.0/MUSDB18HQ/train/Flags - 54/mixture.wav  
  inflating: /localscratch/kaim.55014728.0/MUSDB18HQ/train/Flags - 54/vocals.wav  
  inflating: /localscratch/kaim.55014728.0/MUSDB18HQ/train/Flags - 54/bass.wav  
   creating: /localscratch/kaim.55014728.0/MUSDB18HQ/train/Young Griffo - Blood To Bone/
  inflating: /localscratch/kaim.55014728.0/MUSDB18HQ/train/Young Griffo - Blood To Bone/other.wav  
  inflating: /localscratch/kaim.55014728.0/MUSDB18HQ/train/Young Griffo - Blood To Bone/drums.wav  
  inflating: /localscratch/kaim.55014728.0/MUSDB18HQ/train/Young Griffo - Blood To Bone/mixture.wav  
  inflating: /localscratch/kaim.55014728.0/MUSDB18HQ/train/Young Griffo - Blood To Bone/vocals.wav  
  inflating: /localscratch/kaim.55014728.0/MUSDB18HQ/train/Young Griffo - Blood To Bone/bass.wav  
   creating: /localscratch/kaim.55014728.0/MUSDB18HQ/train/Atlantis Bound - It Was My Fault For Waiting/
  inflating: /localscratch/kaim.55014728.0/MUSDB18HQ/train/Atlantis Bound - It Was My Fault For Waiting/other.wav  
  inflating: /localscratch/kaim.55014728.0/MUSDB18HQ/train/Atlantis Bound - It Was My Fault For Waiting/drums.wav  
  inflating: /localscratch/kaim.55014728.0/MUSDB18HQ/train/Atlantis Bound - It Was My Fault For Waiting/mixture.wav  
  inflating: /localscratch/kaim.55014728.0/MUSDB18HQ/train/Atlantis Bound - It Was My Fault For Waiting/vocals.wav  
  inflating: /localscratch/kaim.55014728.0/MUSDB18HQ/train/Atlantis Bound - It Was My Fault For Waiting/bass.wav  
   creating: /localscratch/kaim.55014728.0/MUSDB18HQ/train/A Classic Education - NightOwl/
  inflating: /localscratch/kaim.55014728.0/MUSDB18HQ/train/A Classic Education - NightOwl/other.wav  
  inflating: /localscratch/kaim.55014728.0/MUSDB18HQ/train/A Classic Education - NightOwl/drums.wav  
  inflating: /localscratch/kaim.55014728.0/MUSDB18HQ/train/A Classic Education - NightOwl/mixture.wav  
  inflating: /localscratch/kaim.55014728.0/MUSDB18HQ/train/A Classic Education - NightOwl/vocals.wav  
  inflating: /localscratch/kaim.55014728.0/MUSDB18HQ/train/A Classic Education - NightOwl/bass.wav  
   creating: /localscratch/kaim.55014728.0/MUSDB18HQ/train/Drumtracks - Ghost Bitch/
  inflating: /localscratch/kaim.55014728.0/MUSDB18HQ/train/Drumtracks - Ghost Bitch/other.wav  
  inflating: /localscratch/kaim.55014728.0/MUSDB18HQ/train/Drumtracks - Ghost Bitch/drums.wav  
  inflating: /localscratch/kaim.55014728.0/MUSDB18HQ/train/Drumtracks - Ghost Bitch/mixture.wav  
  inflating: /localscratch/kaim.55014728.0/MUSDB18HQ/train/Drumtracks - Ghost Bitch/vocals.wav  
  inflating: /localscratch/kaim.55014728.0/MUSDB18HQ/train/Drumtracks - Ghost Bitch/bass.wav  
   creating: /localscratch/kaim.55014728.0/MUSDB18HQ/train/ANiMAL - Clinic A/
  inflating: /localscratch/kaim.55014728.0/MUSDB18HQ/train/ANiMAL - Clinic A/other.wav  
  inflating: /localscratch/kaim.55014728.0/MUSDB18HQ/train/ANiMAL - Clinic A/drums.wav  
  inflating: /localscratch/kaim.55014728.0/MUSDB18HQ/train/ANiMAL - Clinic A/mixture.wav  
  inflating: /localscratch/kaim.55014728.0/MUSDB18HQ/train/ANiMAL - Clinic A/vocals.wav  
  inflating: /localscratch/kaim.55014728.0/MUSDB18HQ/train/ANiMAL - Clinic A/bass.wav  
   creating: /localscratch/kaim.55014728.0/MUSDB18HQ/train/Music Delta - Punk/
  inflating: /localscratch/kaim.55014728.0/MUSDB18HQ/train/Music Delta - Punk/other.wav  
  inflating: /localscratch/kaim.55014728.0/MUSDB18HQ/train/Music Delta - Punk/drums.wav  
  inflating: /localscratch/kaim.55014728.0/MUSDB18HQ/train/Music Delta - Punk/mixture.wav  
  inflating: /localscratch/kaim.55014728.0/MUSDB18HQ/train/Music Delta - Punk/vocals.wav  
  inflating: /localscratch/kaim.55014728.0/MUSDB18HQ/train/Music Delta - Punk/bass.wav  
   creating: /localscratch/kaim.55014728.0/MUSDB18HQ/train/Steven Clark - Bounty/
  inflating: /localscratch/kaim.55014728.0/MUSDB18HQ/train/Steven Clark - Bounty/other.wav  
  inflating: /localscratch/kaim.55014728.0/MUSDB18HQ/train/Steven Clark - Bounty/drums.wav  
  inflating: /localscratch/kaim.55014728.0/MUSDB18HQ/train/Steven Clark - Bounty/mixture.wav  
  inflating: /localscratch/kaim.55014728.0/MUSDB18HQ/train/Steven Clark - Bounty/vocals.wav  
  inflating: /localscratch/kaim.55014728.0/MUSDB18HQ/train/Steven Clark - Bounty/bass.wav  
   creating: /localscratch/kaim.55014728.0/MUSDB18HQ/train/Spike Mullings - Mike's Sulking/
  inflating: /localscratch/kaim.55014728.0/MUSDB18HQ/train/Spike Mullings - Mike's Sulking/other.wav  
  inflating: /localscratch/kaim.55014728.0/MUSDB18HQ/train/Spike Mullings - Mike's Sulking/drums.wav  
  inflating: /localscratch/kaim.55014728.0/MUSDB18HQ/train/Spike Mullings - Mike's Sulking/mixture.wav  
  inflating: /localscratch/kaim.55014728.0/MUSDB18HQ/train/Spike Mullings - Mike's Sulking/vocals.wav  
  inflating: /localscratch/kaim.55014728.0/MUSDB18HQ/train/Spike Mullings - Mike's Sulking/bass.wav  
   creating: /localscratch/kaim.55014728.0/MUSDB18HQ/train/Wall Of Death - Femme/
  inflating: /localscratch/kaim.55014728.0/MUSDB18HQ/train/Wall Of Death - Femme/other.wav  
  inflating: /localscratch/kaim.55014728.0/MUSDB18HQ/train/Wall Of Death - Femme/drums.wav  
  inflating: /localscratch/kaim.55014728.0/MUSDB18HQ/train/Wall Of Death - Femme/mixture.wav  
  inflating: /localscratch/kaim.55014728.0/MUSDB18HQ/train/Wall Of Death - Femme/vocals.wav  
  inflating: /localscratch/kaim.55014728.0/MUSDB18HQ/train/Wall Of Death - Femme/bass.wav  
   creating: /localscratch/kaim.55014728.0/MUSDB18HQ/train/North To Alaska - All The Same/
  inflating: /localscratch/kaim.55014728.0/MUSDB18HQ/train/North To Alaska - All The Same/other.wav  
  inflating: /localscratch/kaim.55014728.0/MUSDB18HQ/train/North To Alaska - All The Same/drums.wav  
  inflating: /localscratch/kaim.55014728.0/MUSDB18HQ/train/North To Alaska - All The Same/mixture.wav  
  inflating: /localscratch/kaim.55014728.0/MUSDB18HQ/train/North To Alaska - All The Same/vocals.wav  
  inflating: /localscratch/kaim.55014728.0/MUSDB18HQ/train/North To Alaska - All The Same/bass.wav  
   creating: /localscratch/kaim.55014728.0/MUSDB18HQ/train/The Long Wait - Back Home To Blue/
  inflating: /localscratch/kaim.55014728.0/MUSDB18HQ/train/The Long Wait - Back Home To Blue/other.wav  
  inflating: /localscratch/kaim.55014728.0/MUSDB18HQ/train/The Long Wait - Back Home To Blue/drums.wav  
  inflating: /localscratch/kaim.55014728.0/MUSDB18HQ/train/The Long Wait - Back Home To Blue/mixture.wav  
  inflating: /localscratch/kaim.55014728.0/MUSDB18HQ/train/The Long Wait - Back Home To Blue/vocals.wav  
  inflating: /localscratch/kaim.55014728.0/MUSDB18HQ/train/The Long Wait - Back Home To Blue/bass.wav  
   creating: /localscratch/kaim.55014728.0/MUSDB18HQ/train/The So So Glos - Emergency/
  inflating: /localscratch/kaim.55014728.0/MUSDB18HQ/train/The So So Glos - Emergency/other.wav  
  inflating: /localscratch/kaim.55014728.0/MUSDB18HQ/train/The So So Glos - Emergency/drums.wav  
  inflating: /localscratch/kaim.55014728.0/MUSDB18HQ/train/The So So Glos - Emergency/mixture.wav  
  inflating: /localscratch/kaim.55014728.0/MUSDB18HQ/train/The So So Glos - Emergency/vocals.wav  
  inflating: /localscratch/kaim.55014728.0/MUSDB18HQ/train/The So So Glos - Emergency/bass.wav  
   creating: /localscratch/kaim.55014728.0/MUSDB18HQ/train/Remember December - C U Next Time/
  inflating: /localscratch/kaim.55014728.0/MUSDB18HQ/train/Remember December - C U Next Time/other.wav  
  inflating: /localscratch/kaim.55014728.0/MUSDB18HQ/train/Remember December - C U Next Time/drums.wav  
  inflating: /localscratch/kaim.55014728.0/MUSDB18HQ/train/Remember December - C U Next Time/mixture.wav  
  inflating: /localscratch/kaim.55014728.0/MUSDB18HQ/train/Remember December - C U Next Time/vocals.wav  
  inflating: /localscratch/kaim.55014728.0/MUSDB18HQ/train/Remember December - C U Next Time/bass.wav  
   creating: /localscratch/kaim.55014728.0/MUSDB18HQ/train/Music Delta - Gospel/
  inflating: /localscratch/kaim.55014728.0/MUSDB18HQ/train/Music Delta - Gospel/other.wav  
  inflating: /localscratch/kaim.55014728.0/MUSDB18HQ/train/Music Delta - Gospel/drums.wav  
  inflating: /localscratch/kaim.55014728.0/MUSDB18HQ/train/Music Delta - Gospel/mixture.wav  
  inflating: /localscratch/kaim.55014728.0/MUSDB18HQ/train/Music Delta - Gospel/vocals.wav  
  inflating: /localscratch/kaim.55014728.0/MUSDB18HQ/train/Music Delta - Gospel/bass.wav  
   creating: /localscratch/kaim.55014728.0/MUSDB18HQ/train/Patrick Talbot - Set Me Free/
  inflating: /localscratch/kaim.55014728.0/MUSDB18HQ/train/Patrick Talbot - Set Me Free/other.wav  
  inflating: /localscratch/kaim.55014728.0/MUSDB18HQ/train/Patrick Talbot - Set Me Free/drums.wav  
  inflating: /localscratch/kaim.55014728.0/MUSDB18HQ/train/Patrick Talbot - Set Me Free/mixture.wav  
  inflating: /localscratch/kaim.55014728.0/MUSDB18HQ/train/Patrick Talbot - Set Me Free/vocals.wav  
  inflating: /localscratch/kaim.55014728.0/MUSDB18HQ/train/Patrick Talbot - Set Me Free/bass.wav  
   creating: /localscratch/kaim.55014728.0/MUSDB18HQ/train/Black Bloc - If You Want Success/
  inflating: /localscratch/kaim.55014728.0/MUSDB18HQ/train/Black Bloc - If You Want Success/other.wav  
  inflating: /localscratch/kaim.55014728.0/MUSDB18HQ/train/Black Bloc - If You Want Success/drums.wav  
  inflating: /localscratch/kaim.55014728.0/MUSDB18HQ/train/Black Bloc - If You Want Success/mixture.wav  
  inflating: /localscratch/kaim.55014728.0/MUSDB18HQ/train/Black Bloc - If You Want Success/vocals.wav  
  inflating: /localscratch/kaim.55014728.0/MUSDB18HQ/train/Black Bloc - If You Want Success/bass.wav  
   creating: /localscratch/kaim.55014728.0/MUSDB18HQ/test/
   creating: /localscratch/kaim.55014728.0/MUSDB18HQ/test/Ben Carrigan - We'll Talk About It All Tonight/
  inflating: /localscratch/kaim.55014728.0/MUSDB18HQ/test/Ben Carrigan - We'll Talk About It All Tonight/other.wav  
  inflating: /localscratch/kaim.55014728.0/MUSDB18HQ/test/Ben Carrigan - We'll Talk About It All Tonight/drums.wav  
  inflating: /localscratch/kaim.55014728.0/MUSDB18HQ/test/Ben Carrigan - We'll Talk About It All Tonight/mixture.wav  
  inflating: /localscratch/kaim.55014728.0/MUSDB18HQ/test/Ben Carrigan - We'll Talk About It All Tonight/vocals.wav  
  inflating: /localscratch/kaim.55014728.0/MUSDB18HQ/test/Ben Carrigan - We'll Talk About It All Tonight/bass.wav  
   creating: /localscratch/kaim.55014728.0/MUSDB18HQ/test/AM Contra - Heart Peripheral/
  inflating: /localscratch/kaim.55014728.0/MUSDB18HQ/test/AM Contra - Heart Peripheral/other.wav  
  inflating: /localscratch/kaim.55014728.0/MUSDB18HQ/test/AM Contra - Heart Peripheral/drums.wav  
  inflating: /localscratch/kaim.55014728.0/MUSDB18HQ/test/AM Contra - Heart Peripheral/mixture.wav  
  inflating: /localscratch/kaim.55014728.0/MUSDB18HQ/test/AM Contra - Heart Peripheral/vocals.wav  
  inflating: /localscratch/kaim.55014728.0/MUSDB18HQ/test/AM Contra - Heart Peripheral/bass.wav  
   creating: /localscratch/kaim.55014728.0/MUSDB18HQ/test/Tom McKenzie - Directions/
  inflating: /localscratch/kaim.55014728.0/MUSDB18HQ/test/Tom McKenzie - Directions/other.wav  
  inflating: /localscratch/kaim.55014728.0/MUSDB18HQ/test/Tom McKenzie - Directions/drums.wav  
  inflating: /localscratch/kaim.55014728.0/MUSDB18HQ/test/Tom McKenzie - Directions/mixture.wav  
  inflating: /localscratch/kaim.55014728.0/MUSDB18HQ/test/Tom McKenzie - Directions/vocals.wav  
  inflating: /localscratch/kaim.55014728.0/MUSDB18HQ/test/Tom McKenzie - Directions/bass.wav  
   creating: /localscratch/kaim.55014728.0/MUSDB18HQ/test/The Long Wait - Dark Horses/
  inflating: /localscratch/kaim.55014728.0/MUSDB18HQ/test/The Long Wait - Dark Horses/other.wav  
  inflating: /localscratch/kaim.55014728.0/MUSDB18HQ/test/The Long Wait - Dark Horses/drums.wav  
  inflating: /localscratch/kaim.55014728.0/MUSDB18HQ/test/The Long Wait - Dark Horses/mixture.wav  
  inflating: /localscratch/kaim.55014728.0/MUSDB18HQ/test/The Long Wait - Dark Horses/vocals.wav  
  inflating: /localscratch/kaim.55014728.0/MUSDB18HQ/test/The Long Wait - Dark Horses/bass.wav  
   creating: /localscratch/kaim.55014728.0/MUSDB18HQ/test/We Fell From The Sky - Not You/
  inflating: /localscratch/kaim.55014728.0/MUSDB18HQ/test/We Fell From The Sky - Not You/other.wav  
  inflating: /localscratch/kaim.55014728.0/MUSDB18HQ/test/We Fell From The Sky - Not You/drums.wav  
  inflating: /localscratch/kaim.55014728.0/MUSDB18HQ/test/We Fell From The Sky - Not You/mixture.wav  
  inflating: /localscratch/kaim.55014728.0/MUSDB18HQ/test/We Fell From The Sky - Not You/vocals.wav  
  inflating: /localscratch/kaim.55014728.0/MUSDB18HQ/test/We Fell From The Sky - Not You/bass.wav  
   creating: /localscratch/kaim.55014728.0/MUSDB18HQ/test/The Doppler Shift - Atrophy/
  inflating: /localscratch/kaim.55014728.0/MUSDB18HQ/test/The Doppler Shift - Atrophy/other.wav  
  inflating: /localscratch/kaim.55014728.0/MUSDB18HQ/test/The Doppler Shift - Atrophy/drums.wav  
  inflating: /localscratch/kaim.55014728.0/MUSDB18HQ/test/The Doppler Shift - Atrophy/mixture.wav  
  inflating: /localscratch/kaim.55014728.0/MUSDB18HQ/test/The Doppler Shift - Atrophy/vocals.wav  
  inflating: /localscratch/kaim.55014728.0/MUSDB18HQ/test/The Doppler Shift - Atrophy/bass.wav  
   creating: /localscratch/kaim.55014728.0/MUSDB18HQ/test/Lyndsey Ollard - Catching Up/
  inflating: /localscratch/kaim.55014728.0/MUSDB18HQ/test/Lyndsey Ollard - Catching Up/other.wav  
  inflating: /localscratch/kaim.55014728.0/MUSDB18HQ/test/Lyndsey Ollard - Catching Up/drums.wav  
  inflating: /localscratch/kaim.55014728.0/MUSDB18HQ/test/Lyndsey Ollard - Catching Up/mixture.wav  
  inflating: /localscratch/kaim.55014728.0/MUSDB18HQ/test/Lyndsey Ollard - Catching Up/vocals.wav  
  inflating: /localscratch/kaim.55014728.0/MUSDB18HQ/test/Lyndsey Ollard - Catching Up/bass.wav  
   creating: /localscratch/kaim.55014728.0/MUSDB18HQ/test/Bobby Nobody - Stitch Up/
  inflating: /localscratch/kaim.55014728.0/MUSDB18HQ/test/Bobby Nobody - Stitch Up/other.wav  
  inflating: /localscratch/kaim.55014728.0/MUSDB18HQ/test/Bobby Nobody - Stitch Up/drums.wav  
  inflating: /localscratch/kaim.55014728.0/MUSDB18HQ/test/Bobby Nobody - Stitch Up/mixture.wav  
  inflating: /localscratch/kaim.55014728.0/MUSDB18HQ/test/Bobby Nobody - Stitch Up/vocals.wav  
  inflating: /localscratch/kaim.55014728.0/MUSDB18HQ/test/Bobby Nobody - Stitch Up/bass.wav  
   creating: /localscratch/kaim.55014728.0/MUSDB18HQ/test/The Sunshine Garcia Band - For I Am The Moon/
  inflating: /localscratch/kaim.55014728.0/MUSDB18HQ/test/The Sunshine Garcia Band - For I Am The Moon/other.wav  
  inflating: /localscratch/kaim.55014728.0/MUSDB18HQ/test/The Sunshine Garcia Band - For I Am The Moon/drums.wav  
  inflating: /localscratch/kaim.55014728.0/MUSDB18HQ/test/The Sunshine Garcia Band - For I Am The Moon/mixture.wav  
  inflating: /localscratch/kaim.55014728.0/MUSDB18HQ/test/The Sunshine Garcia Band - For I Am The Moon/vocals.wav  
  inflating: /localscratch/kaim.55014728.0/MUSDB18HQ/test/The Sunshine Garcia Band - For I Am The Moon/bass.wav  
   creating: /localscratch/kaim.55014728.0/MUSDB18HQ/test/Girls Under Glass - We Feel Alright/
  inflating: /localscratch/kaim.55014728.0/MUSDB18HQ/test/Girls Under Glass - We Feel Alright/other.wav  
  inflating: /localscratch/kaim.55014728.0/MUSDB18HQ/test/Girls Under Glass - We Feel Alright/drums.wav  
  inflating: /localscratch/kaim.55014728.0/MUSDB18HQ/test/Girls Under Glass - We Feel Alright/mixture.wav  
  inflating: /localscratch/kaim.55014728.0/MUSDB18HQ/test/Girls Under Glass - We Feel Alright/vocals.wav  
  inflating: /localscratch/kaim.55014728.0/MUSDB18HQ/test/Girls Under Glass - We Feel Alright/bass.wav  
   creating: /localscratch/kaim.55014728.0/MUSDB18HQ/test/Angels In Amplifiers - I'm Alright/
  inflating: /localscratch/kaim.55014728.0/MUSDB18HQ/test/Angels In Amplifiers - I'm Alright/other.wav  
  inflating: /localscratch/kaim.55014728.0/MUSDB18HQ/test/Angels In Amplifiers - I'm Alright/drums.wav  
  inflating: /localscratch/kaim.55014728.0/MUSDB18HQ/test/Angels In Amplifiers - I'm Alright/mixture.wav  
  inflating: /localscratch/kaim.55014728.0/MUSDB18HQ/test/Angels In Amplifiers - I'm Alright/vocals.wav  
  inflating: /localscratch/kaim.55014728.0/MUSDB18HQ/test/Angels In Amplifiers - I'm Alright/bass.wav  
   creating: /localscratch/kaim.55014728.0/MUSDB18HQ/test/Juliet's Rescue - Heartbeats/
  inflating: /localscratch/kaim.55014728.0/MUSDB18HQ/test/Juliet's Rescue - Heartbeats/other.wav  
  inflating: /localscratch/kaim.55014728.0/MUSDB18HQ/test/Juliet's Rescue - Heartbeats/drums.wav  
  inflating: /localscratch/kaim.55014728.0/MUSDB18HQ/test/Juliet's Rescue - Heartbeats/mixture.wav  
  inflating: /localscratch/kaim.55014728.0/MUSDB18HQ/test/Juliet's Rescue - Heartbeats/vocals.wav  
  inflating: /localscratch/kaim.55014728.0/MUSDB18HQ/test/Juliet's Rescue - Heartbeats/bass.wav  
   creating: /localscratch/kaim.55014728.0/MUSDB18HQ/test/Sambasevam Shanmugam - Kaathaadi/
  inflating: /localscratch/kaim.55014728.0/MUSDB18HQ/test/Sambasevam Shanmugam - Kaathaadi/other.wav  
  inflating: /localscratch/kaim.55014728.0/MUSDB18HQ/test/Sambasevam Shanmugam - Kaathaadi/drums.wav  
  inflating: /localscratch/kaim.55014728.0/MUSDB18HQ/test/Sambasevam Shanmugam - Kaathaadi/mixture.wav  
  inflating: /localscratch/kaim.55014728.0/MUSDB18HQ/test/Sambasevam Shanmugam - Kaathaadi/vocals.wav  
  inflating: /localscratch/kaim.55014728.0/MUSDB18HQ/test/Sambasevam Shanmugam - Kaathaadi/bass.wav  
   creating: /localscratch/kaim.55014728.0/MUSDB18HQ/test/Enda Reilly - Cur An Long Ag Seol/
  inflating: /localscratch/kaim.55014728.0/MUSDB18HQ/test/Enda Reilly - Cur An Long Ag Seol/other.wav  
  inflating: /localscratch/kaim.55014728.0/MUSDB18HQ/test/Enda Reilly - Cur An Long Ag Seol/drums.wav  
  inflating: /localscratch/kaim.55014728.0/MUSDB18HQ/test/Enda Reilly - Cur An Long Ag Seol/mixture.wav  
  inflating: /localscratch/kaim.55014728.0/MUSDB18HQ/test/Enda Reilly - Cur An Long Ag Seol/vocals.wav  
  inflating: /localscratch/kaim.55014728.0/MUSDB18HQ/test/Enda Reilly - Cur An Long Ag Seol/bass.wav  
   creating: /localscratch/kaim.55014728.0/MUSDB18HQ/test/Speak Softly - Like Horses/
  inflating: /localscratch/kaim.55014728.0/MUSDB18HQ/test/Speak Softly - Like Horses/other.wav  
  inflating: /localscratch/kaim.55014728.0/MUSDB18HQ/test/Speak Softly - Like Horses/drums.wav  
  inflating: /localscratch/kaim.55014728.0/MUSDB18HQ/test/Speak Softly - Like Horses/mixture.wav  
  inflating: /localscratch/kaim.55014728.0/MUSDB18HQ/test/Speak Softly - Like Horses/vocals.wav  
  inflating: /localscratch/kaim.55014728.0/MUSDB18HQ/test/Speak Softly - Like Horses/bass.wav  
   creating: /localscratch/kaim.55014728.0/MUSDB18HQ/test/PR - Happy Daze/
  inflating: /localscratch/kaim.55014728.0/MUSDB18HQ/test/PR - Happy Daze/other.wav  
  inflating: /localscratch/kaim.55014728.0/MUSDB18HQ/test/PR - Happy Daze/drums.wav  
  inflating: /localscratch/kaim.55014728.0/MUSDB18HQ/test/PR - Happy Daze/mixture.wav  
  inflating: /localscratch/kaim.55014728.0/MUSDB18HQ/test/PR - Happy Daze/vocals.wav  
  inflating: /localscratch/kaim.55014728.0/MUSDB18HQ/test/PR - Happy Daze/bass.wav  
   creating: /localscratch/kaim.55014728.0/MUSDB18HQ/test/The Easton Ellises (Baumi) - SDRNR/
  inflating: /localscratch/kaim.55014728.0/MUSDB18HQ/test/The Easton Ellises (Baumi) - SDRNR/other.wav  
  inflating: /localscratch/kaim.55014728.0/MUSDB18HQ/test/The Easton Ellises (Baumi) - SDRNR/drums.wav  
  inflating: /localscratch/kaim.55014728.0/MUSDB18HQ/test/The Easton Ellises (Baumi) - SDRNR/mixture.wav  
  inflating: /localscratch/kaim.55014728.0/MUSDB18HQ/test/The Easton Ellises (Baumi) - SDRNR/vocals.wav  
  inflating: /localscratch/kaim.55014728.0/MUSDB18HQ/test/The Easton Ellises (Baumi) - SDRNR/bass.wav  
   creating: /localscratch/kaim.55014728.0/MUSDB18HQ/test/James Elder & Mark M Thompson - The English Actor/
  inflating: /localscratch/kaim.55014728.0/MUSDB18HQ/test/James Elder & Mark M Thompson - The English Actor/other.wav  
  inflating: /localscratch/kaim.55014728.0/MUSDB18HQ/test/James Elder & Mark M Thompson - The English Actor/drums.wav  
  inflating: /localscratch/kaim.55014728.0/MUSDB18HQ/test/James Elder & Mark M Thompson - The English Actor/mixture.wav  
  inflating: /localscratch/kaim.55014728.0/MUSDB18HQ/test/James Elder & Mark M Thompson - The English Actor/vocals.wav  
  inflating: /localscratch/kaim.55014728.0/MUSDB18HQ/test/James Elder & Mark M Thompson - The English Actor/bass.wav  
   creating: /localscratch/kaim.55014728.0/MUSDB18HQ/test/BKS - Bulldozer/
  inflating: /localscratch/kaim.55014728.0/MUSDB18HQ/test/BKS - Bulldozer/other.wav  
  inflating: /localscratch/kaim.55014728.0/MUSDB18HQ/test/BKS - Bulldozer/drums.wav  
  inflating: /localscratch/kaim.55014728.0/MUSDB18HQ/test/BKS - Bulldozer/mixture.wav  
  inflating: /localscratch/kaim.55014728.0/MUSDB18HQ/test/BKS - Bulldozer/vocals.wav  
  inflating: /localscratch/kaim.55014728.0/MUSDB18HQ/test/BKS - Bulldozer/bass.wav  
   creating: /localscratch/kaim.55014728.0/MUSDB18HQ/test/Moosmusic - Big Dummy Shake/
  inflating: /localscratch/kaim.55014728.0/MUSDB18HQ/test/Moosmusic - Big Dummy Shake/other.wav  
  inflating: /localscratch/kaim.55014728.0/MUSDB18HQ/test/Moosmusic - Big Dummy Shake/drums.wav  
  inflating: /localscratch/kaim.55014728.0/MUSDB18HQ/test/Moosmusic - Big Dummy Shake/mixture.wav  
  inflating: /localscratch/kaim.55014728.0/MUSDB18HQ/test/Moosmusic - Big Dummy Shake/vocals.wav  
  inflating: /localscratch/kaim.55014728.0/MUSDB18HQ/test/Moosmusic - Big Dummy Shake/bass.wav  
   creating: /localscratch/kaim.55014728.0/MUSDB18HQ/test/Speak Softly - Broken Man/
  inflating: /localscratch/kaim.55014728.0/MUSDB18HQ/test/Speak Softly - Broken Man/other.wav  
  inflating: /localscratch/kaim.55014728.0/MUSDB18HQ/test/Speak Softly - Broken Man/drums.wav  
  inflating: /localscratch/kaim.55014728.0/MUSDB18HQ/test/Speak Softly - Broken Man/mixture.wav  
  inflating: /localscratch/kaim.55014728.0/MUSDB18HQ/test/Speak Softly - Broken Man/vocals.wav  
  inflating: /localscratch/kaim.55014728.0/MUSDB18HQ/test/Speak Softly - Broken Man/bass.wav  
   creating: /localscratch/kaim.55014728.0/MUSDB18HQ/test/Al James - Schoolboy Facination/
  inflating: /localscratch/kaim.55014728.0/MUSDB18HQ/test/Al James - Schoolboy Facination/other.wav  
  inflating: /localscratch/kaim.55014728.0/MUSDB18HQ/test/Al James - Schoolboy Facination/drums.wav  
  inflating: /localscratch/kaim.55014728.0/MUSDB18HQ/test/Al James - Schoolboy Facination/mixture.wav  
  inflating: /localscratch/kaim.55014728.0/MUSDB18HQ/test/Al James - Schoolboy Facination/vocals.wav  
  inflating: /localscratch/kaim.55014728.0/MUSDB18HQ/test/Al James - Schoolboy Facination/bass.wav  
   creating: /localscratch/kaim.55014728.0/MUSDB18HQ/test/Motor Tapes - Shore/
  inflating: /localscratch/kaim.55014728.0/MUSDB18HQ/test/Motor Tapes - Shore/other.wav  
  inflating: /localscratch/kaim.55014728.0/MUSDB18HQ/test/Motor Tapes - Shore/drums.wav  
  inflating: /localscratch/kaim.55014728.0/MUSDB18HQ/test/Motor Tapes - Shore/mixture.wav  
  inflating: /localscratch/kaim.55014728.0/MUSDB18HQ/test/Motor Tapes - Shore/vocals.wav  
  inflating: /localscratch/kaim.55014728.0/MUSDB18HQ/test/Motor Tapes - Shore/bass.wav  
   creating: /localscratch/kaim.55014728.0/MUSDB18HQ/test/Side Effects Project - Sing With Me/
  inflating: /localscratch/kaim.55014728.0/MUSDB18HQ/test/Side Effects Project - Sing With Me/other.wav  
  inflating: /localscratch/kaim.55014728.0/MUSDB18HQ/test/Side Effects Project - Sing With Me/drums.wav  
  inflating: /localscratch/kaim.55014728.0/MUSDB18HQ/test/Side Effects Project - Sing With Me/mixture.wav  
  inflating: /localscratch/kaim.55014728.0/MUSDB18HQ/test/Side Effects Project - Sing With Me/vocals.wav  
  inflating: /localscratch/kaim.55014728.0/MUSDB18HQ/test/Side Effects Project - Sing With Me/bass.wav  
   creating: /localscratch/kaim.55014728.0/MUSDB18HQ/test/Signe Jakobsen - What Have You Done To Me/
  inflating: /localscratch/kaim.55014728.0/MUSDB18HQ/test/Signe Jakobsen - What Have You Done To Me/other.wav  
  inflating: /localscratch/kaim.55014728.0/MUSDB18HQ/test/Signe Jakobsen - What Have You Done To Me/drums.wav  
  inflating: /localscratch/kaim.55014728.0/MUSDB18HQ/test/Signe Jakobsen - What Have You Done To Me/mixture.wav  
  inflating: /localscratch/kaim.55014728.0/MUSDB18HQ/test/Signe Jakobsen - What Have You Done To Me/vocals.wav  
  inflating: /localscratch/kaim.55014728.0/MUSDB18HQ/test/Signe Jakobsen - What Have You Done To Me/bass.wav  
   creating: /localscratch/kaim.55014728.0/MUSDB18HQ/test/Little Chicago's Finest - My Own/
  inflating: /localscratch/kaim.55014728.0/MUSDB18HQ/test/Little Chicago's Finest - My Own/other.wav  
  inflating: /localscratch/kaim.55014728.0/MUSDB18HQ/test/Little Chicago's Finest - My Own/drums.wav  
  inflating: /localscratch/kaim.55014728.0/MUSDB18HQ/test/Little Chicago's Finest - My Own/mixture.wav  
  inflating: /localscratch/kaim.55014728.0/MUSDB18HQ/test/Little Chicago's Finest - My Own/vocals.wav  
  inflating: /localscratch/kaim.55014728.0/MUSDB18HQ/test/Little Chicago's Finest - My Own/bass.wav  
   creating: /localscratch/kaim.55014728.0/MUSDB18HQ/test/Buitraker - Revo X/
  inflating: /localscratch/kaim.55014728.0/MUSDB18HQ/test/Buitraker - Revo X/other.wav  
  inflating: /localscratch/kaim.55014728.0/MUSDB18HQ/test/Buitraker - Revo X/drums.wav  
  inflating: /localscratch/kaim.55014728.0/MUSDB18HQ/test/Buitraker - Revo X/mixture.wav  
  inflating: /localscratch/kaim.55014728.0/MUSDB18HQ/test/Buitraker - Revo X/vocals.wav  
  inflating: /localscratch/kaim.55014728.0/MUSDB18HQ/test/Buitraker - Revo X/bass.wav  
   creating: /localscratch/kaim.55014728.0/MUSDB18HQ/test/The Easton Ellises - Falcon 69/
  inflating: /localscratch/kaim.55014728.0/MUSDB18HQ/test/The Easton Ellises - Falcon 69/other.wav  
  inflating: /localscratch/kaim.55014728.0/MUSDB18HQ/test/The Easton Ellises - Falcon 69/drums.wav  
  inflating: /localscratch/kaim.55014728.0/MUSDB18HQ/test/The Easton Ellises - Falcon 69/mixture.wav  
  inflating: /localscratch/kaim.55014728.0/MUSDB18HQ/test/The Easton Ellises - Falcon 69/vocals.wav  
  inflating: /localscratch/kaim.55014728.0/MUSDB18HQ/test/The Easton Ellises - Falcon 69/bass.wav  
   creating: /localscratch/kaim.55014728.0/MUSDB18HQ/test/Timboz - Pony/
  inflating: /localscratch/kaim.55014728.0/MUSDB18HQ/test/Timboz - Pony/other.wav  
  inflating: /localscratch/kaim.55014728.0/MUSDB18HQ/test/Timboz - Pony/drums.wav  
  inflating: /localscratch/kaim.55014728.0/MUSDB18HQ/test/Timboz - Pony/mixture.wav  
  inflating: /localscratch/kaim.55014728.0/MUSDB18HQ/test/Timboz - Pony/vocals.wav  
  inflating: /localscratch/kaim.55014728.0/MUSDB18HQ/test/Timboz - Pony/bass.wav  
   creating: /localscratch/kaim.55014728.0/MUSDB18HQ/test/BKS - Too Much/
  inflating: /localscratch/kaim.55014728.0/MUSDB18HQ/test/BKS - Too Much/other.wav  
  inflating: /localscratch/kaim.55014728.0/MUSDB18HQ/test/BKS - Too Much/drums.wav  
  inflating: /localscratch/kaim.55014728.0/MUSDB18HQ/test/BKS - Too Much/mixture.wav  
  inflating: /localscratch/kaim.55014728.0/MUSDB18HQ/test/BKS - Too Much/vocals.wav  
  inflating: /localscratch/kaim.55014728.0/MUSDB18HQ/test/BKS - Too Much/bass.wav  
   creating: /localscratch/kaim.55014728.0/MUSDB18HQ/test/Detsky Sad - Walkie Talkie/
  inflating: /localscratch/kaim.55014728.0/MUSDB18HQ/test/Detsky Sad - Walkie Talkie/other.wav  
  inflating: /localscratch/kaim.55014728.0/MUSDB18HQ/test/Detsky Sad - Walkie Talkie/drums.wav  
  inflating: /localscratch/kaim.55014728.0/MUSDB18HQ/test/Detsky Sad - Walkie Talkie/mixture.wav  
  inflating: /localscratch/kaim.55014728.0/MUSDB18HQ/test/Detsky Sad - Walkie Talkie/vocals.wav  
  inflating: /localscratch/kaim.55014728.0/MUSDB18HQ/test/Detsky Sad - Walkie Talkie/bass.wav  
   creating: /localscratch/kaim.55014728.0/MUSDB18HQ/test/Secretariat - Borderline/
  inflating: /localscratch/kaim.55014728.0/MUSDB18HQ/test/Secretariat - Borderline/other.wav  
  inflating: /localscratch/kaim.55014728.0/MUSDB18HQ/test/Secretariat - Borderline/drums.wav  
  inflating: /localscratch/kaim.55014728.0/MUSDB18HQ/test/Secretariat - Borderline/mixture.wav  
  inflating: /localscratch/kaim.55014728.0/MUSDB18HQ/test/Secretariat - Borderline/vocals.wav  
  inflating: /localscratch/kaim.55014728.0/MUSDB18HQ/test/Secretariat - Borderline/bass.wav  
   creating: /localscratch/kaim.55014728.0/MUSDB18HQ/test/Nerve 9 - Pray For The Rain/
  inflating: /localscratch/kaim.55014728.0/MUSDB18HQ/test/Nerve 9 - Pray For The Rain/other.wav  
  inflating: /localscratch/kaim.55014728.0/MUSDB18HQ/test/Nerve 9 - Pray For The Rain/drums.wav  
  inflating: /localscratch/kaim.55014728.0/MUSDB18HQ/test/Nerve 9 - Pray For The Rain/mixture.wav  
  inflating: /localscratch/kaim.55014728.0/MUSDB18HQ/test/Nerve 9 - Pray For The Rain/vocals.wav  
  inflating: /localscratch/kaim.55014728.0/MUSDB18HQ/test/Nerve 9 - Pray For The Rain/bass.wav  
   creating: /localscratch/kaim.55014728.0/MUSDB18HQ/test/M.E.R.C. Music - Knockout/
  inflating: /localscratch/kaim.55014728.0/MUSDB18HQ/test/M.E.R.C. Music - Knockout/other.wav  
  inflating: /localscratch/kaim.55014728.0/MUSDB18HQ/test/M.E.R.C. Music - Knockout/drums.wav  
  inflating: /localscratch/kaim.55014728.0/MUSDB18HQ/test/M.E.R.C. Music - Knockout/mixture.wav  
  inflating: /localscratch/kaim.55014728.0/MUSDB18HQ/test/M.E.R.C. Music - Knockout/vocals.wav  
  inflating: /localscratch/kaim.55014728.0/MUSDB18HQ/test/M.E.R.C. Music - Knockout/bass.wav  
   creating: /localscratch/kaim.55014728.0/MUSDB18HQ/test/Forkupines - Semantics/
  inflating: /localscratch/kaim.55014728.0/MUSDB18HQ/test/Forkupines - Semantics/other.wav  
  inflating: /localscratch/kaim.55014728.0/MUSDB18HQ/test/Forkupines - Semantics/drums.wav  
  inflating: /localscratch/kaim.55014728.0/MUSDB18HQ/test/Forkupines - Semantics/mixture.wav  
  inflating: /localscratch/kaim.55014728.0/MUSDB18HQ/test/Forkupines - Semantics/vocals.wav  
  inflating: /localscratch/kaim.55014728.0/MUSDB18HQ/test/Forkupines - Semantics/bass.wav  
   creating: /localscratch/kaim.55014728.0/MUSDB18HQ/test/Mu - Too Bright/
  inflating: /localscratch/kaim.55014728.0/MUSDB18HQ/test/Mu - Too Bright/other.wav  
  inflating: /localscratch/kaim.55014728.0/MUSDB18HQ/test/Mu - Too Bright/drums.wav  
  inflating: /localscratch/kaim.55014728.0/MUSDB18HQ/test/Mu - Too Bright/mixture.wav  
  inflating: /localscratch/kaim.55014728.0/MUSDB18HQ/test/Mu - Too Bright/vocals.wav  
  inflating: /localscratch/kaim.55014728.0/MUSDB18HQ/test/Mu - Too Bright/bass.wav  
   creating: /localscratch/kaim.55014728.0/MUSDB18HQ/test/Cristina Vane - So Easy/
  inflating: /localscratch/kaim.55014728.0/MUSDB18HQ/test/Cristina Vane - So Easy/other.wav  
  inflating: /localscratch/kaim.55014728.0/MUSDB18HQ/test/Cristina Vane - So Easy/drums.wav  
  inflating: /localscratch/kaim.55014728.0/MUSDB18HQ/test/Cristina Vane - So Easy/mixture.wav  
  inflating: /localscratch/kaim.55014728.0/MUSDB18HQ/test/Cristina Vane - So Easy/vocals.wav  
  inflating: /localscratch/kaim.55014728.0/MUSDB18HQ/test/Cristina Vane - So Easy/bass.wav  
   creating: /localscratch/kaim.55014728.0/MUSDB18HQ/test/Raft Monk - Tiring/
  inflating: /localscratch/kaim.55014728.0/MUSDB18HQ/test/Raft Monk - Tiring/other.wav  
  inflating: /localscratch/kaim.55014728.0/MUSDB18HQ/test/Raft Monk - Tiring/drums.wav  
  inflating: /localscratch/kaim.55014728.0/MUSDB18HQ/test/Raft Monk - Tiring/mixture.wav  
  inflating: /localscratch/kaim.55014728.0/MUSDB18HQ/test/Raft Monk - Tiring/vocals.wav  
  inflating: /localscratch/kaim.55014728.0/MUSDB18HQ/test/Raft Monk - Tiring/bass.wav  
   creating: /localscratch/kaim.55014728.0/MUSDB18HQ/test/Louis Cressy Band - Good Time/
  inflating: /localscratch/kaim.55014728.0/MUSDB18HQ/test/Louis Cressy Band - Good Time/other.wav  
  inflating: /localscratch/kaim.55014728.0/MUSDB18HQ/test/Louis Cressy Band - Good Time/drums.wav  
  inflating: /localscratch/kaim.55014728.0/MUSDB18HQ/test/Louis Cressy Band - Good Time/mixture.wav  
  inflating: /localscratch/kaim.55014728.0/MUSDB18HQ/test/Louis Cressy Band - Good Time/vocals.wav  
  inflating: /localscratch/kaim.55014728.0/MUSDB18HQ/test/Louis Cressy Band - Good Time/bass.wav  
   creating: /localscratch/kaim.55014728.0/MUSDB18HQ/test/Zeno - Signs/
  inflating: /localscratch/kaim.55014728.0/MUSDB18HQ/test/Zeno - Signs/other.wav  
  inflating: /localscratch/kaim.55014728.0/MUSDB18HQ/test/Zeno - Signs/drums.wav  
  inflating: /localscratch/kaim.55014728.0/MUSDB18HQ/test/Zeno - Signs/mixture.wav  
  inflating: /localscratch/kaim.55014728.0/MUSDB18HQ/test/Zeno - Signs/vocals.wav  
  inflating: /localscratch/kaim.55014728.0/MUSDB18HQ/test/Zeno - Signs/bass.wav  
   creating: /localscratch/kaim.55014728.0/MUSDB18HQ/test/Triviul feat. The Fiend - Widow/
  inflating: /localscratch/kaim.55014728.0/MUSDB18HQ/test/Triviul feat. The Fiend - Widow/other.wav  
  inflating: /localscratch/kaim.55014728.0/MUSDB18HQ/test/Triviul feat. The Fiend - Widow/drums.wav  
  inflating: /localscratch/kaim.55014728.0/MUSDB18HQ/test/Triviul feat. The Fiend - Widow/mixture.wav  
  inflating: /localscratch/kaim.55014728.0/MUSDB18HQ/test/Triviul feat. The Fiend - Widow/vocals.wav  
  inflating: /localscratch/kaim.55014728.0/MUSDB18HQ/test/Triviul feat. The Fiend - Widow/bass.wav  
   creating: /localscratch/kaim.55014728.0/MUSDB18HQ/test/The Mountaineering Club - Mallory/
  inflating: /localscratch/kaim.55014728.0/MUSDB18HQ/test/The Mountaineering Club - Mallory/other.wav  
  inflating: /localscratch/kaim.55014728.0/MUSDB18HQ/test/The Mountaineering Club - Mallory/drums.wav  
  inflating: /localscratch/kaim.55014728.0/MUSDB18HQ/test/The Mountaineering Club - Mallory/mixture.wav  
  inflating: /localscratch/kaim.55014728.0/MUSDB18HQ/test/The Mountaineering Club - Mallory/vocals.wav  
  inflating: /localscratch/kaim.55014728.0/MUSDB18HQ/test/The Mountaineering Club - Mallory/bass.wav  
   creating: /localscratch/kaim.55014728.0/MUSDB18HQ/test/Secretariat - Over The Top/
  inflating: /localscratch/kaim.55014728.0/MUSDB18HQ/test/Secretariat - Over The Top/other.wav  
  inflating: /localscratch/kaim.55014728.0/MUSDB18HQ/test/Secretariat - Over The Top/drums.wav  
  inflating: /localscratch/kaim.55014728.0/MUSDB18HQ/test/Secretariat - Over The Top/mixture.wav  
  inflating: /localscratch/kaim.55014728.0/MUSDB18HQ/test/Secretariat - Over The Top/vocals.wav  
  inflating: /localscratch/kaim.55014728.0/MUSDB18HQ/test/Secretariat - Over The Top/bass.wav  
   creating: /localscratch/kaim.55014728.0/MUSDB18HQ/test/Punkdisco - Oral Hygiene/
  inflating: /localscratch/kaim.55014728.0/MUSDB18HQ/test/Punkdisco - Oral Hygiene/other.wav  
  inflating: /localscratch/kaim.55014728.0/MUSDB18HQ/test/Punkdisco - Oral Hygiene/drums.wav  
  inflating: /localscratch/kaim.55014728.0/MUSDB18HQ/test/Punkdisco - Oral Hygiene/mixture.wav  
  inflating: /localscratch/kaim.55014728.0/MUSDB18HQ/test/Punkdisco - Oral Hygiene/vocals.wav  
  inflating: /localscratch/kaim.55014728.0/MUSDB18HQ/test/Punkdisco - Oral Hygiene/bass.wav  
   creating: /localscratch/kaim.55014728.0/MUSDB18HQ/test/Arise - Run Run Run/
  inflating: /localscratch/kaim.55014728.0/MUSDB18HQ/test/Arise - Run Run Run/other.wav  
  inflating: /localscratch/kaim.55014728.0/MUSDB18HQ/test/Arise - Run Run Run/drums.wav  
  inflating: /localscratch/kaim.55014728.0/MUSDB18HQ/test/Arise - Run Run Run/mixture.wav  
  inflating: /localscratch/kaim.55014728.0/MUSDB18HQ/test/Arise - Run Run Run/vocals.wav  
  inflating: /localscratch/kaim.55014728.0/MUSDB18HQ/test/Arise - Run Run Run/bass.wav  
   creating: /localscratch/kaim.55014728.0/MUSDB18HQ/test/Georgia Wonder - Siren/
  inflating: /localscratch/kaim.55014728.0/MUSDB18HQ/test/Georgia Wonder - Siren/other.wav  
  inflating: /localscratch/kaim.55014728.0/MUSDB18HQ/test/Georgia Wonder - Siren/drums.wav  
  inflating: /localscratch/kaim.55014728.0/MUSDB18HQ/test/Georgia Wonder - Siren/mixture.wav  
  inflating: /localscratch/kaim.55014728.0/MUSDB18HQ/test/Georgia Wonder - Siren/vocals.wav  
  inflating: /localscratch/kaim.55014728.0/MUSDB18HQ/test/Georgia Wonder - Siren/bass.wav  
   creating: /localscratch/kaim.55014728.0/MUSDB18HQ/test/PR - Oh No/
  inflating: /localscratch/kaim.55014728.0/MUSDB18HQ/test/PR - Oh No/other.wav  
  inflating: /localscratch/kaim.55014728.0/MUSDB18HQ/test/PR - Oh No/drums.wav  
  inflating: /localscratch/kaim.55014728.0/MUSDB18HQ/test/PR - Oh No/mixture.wav  
  inflating: /localscratch/kaim.55014728.0/MUSDB18HQ/test/PR - Oh No/vocals.wav  
  inflating: /localscratch/kaim.55014728.0/MUSDB18HQ/test/PR - Oh No/bass.wav  
   creating: /localscratch/kaim.55014728.0/MUSDB18HQ/test/Skelpolu - Resurrection/
  inflating: /localscratch/kaim.55014728.0/MUSDB18HQ/test/Skelpolu - Resurrection/other.wav  
  inflating: /localscratch/kaim.55014728.0/MUSDB18HQ/test/Skelpolu - Resurrection/drums.wav  
  inflating: /localscratch/kaim.55014728.0/MUSDB18HQ/test/Skelpolu - Resurrection/mixture.wav  
  inflating: /localscratch/kaim.55014728.0/MUSDB18HQ/test/Skelpolu - Resurrection/vocals.wav  
  inflating: /localscratch/kaim.55014728.0/MUSDB18HQ/test/Skelpolu - Resurrection/bass.wav  
   creating: /localscratch/kaim.55014728.0/MUSDB18HQ/test/Hollow Ground - Ill Fate/
  inflating: /localscratch/kaim.55014728.0/MUSDB18HQ/test/Hollow Ground - Ill Fate/other.wav  
  inflating: /localscratch/kaim.55014728.0/MUSDB18HQ/test/Hollow Ground - Ill Fate/drums.wav  
  inflating: /localscratch/kaim.55014728.0/MUSDB18HQ/test/Hollow Ground - Ill Fate/mixture.wav  
  inflating: /localscratch/kaim.55014728.0/MUSDB18HQ/test/Hollow Ground - Ill Fate/vocals.wav  
  inflating: /localscratch/kaim.55014728.0/MUSDB18HQ/test/Hollow Ground - Ill Fate/bass.wav  
   creating: /localscratch/kaim.55014728.0/MUSDB18HQ/test/Carlos Gonzalez - A Place For Us/
  inflating: /localscratch/kaim.55014728.0/MUSDB18HQ/test/Carlos Gonzalez - A Place For Us/other.wav  
  inflating: /localscratch/kaim.55014728.0/MUSDB18HQ/test/Carlos Gonzalez - A Place For Us/drums.wav  
  inflating: /localscratch/kaim.55014728.0/MUSDB18HQ/test/Carlos Gonzalez - A Place For Us/mixture.wav  
  inflating: /localscratch/kaim.55014728.0/MUSDB18HQ/test/Carlos Gonzalez - A Place For Us/vocals.wav  
  inflating: /localscratch/kaim.55014728.0/MUSDB18HQ/test/Carlos Gonzalez - A Place For Us/bass.wav  
   creating: /localscratch/kaim.55014728.0/MUSDB18HQ/validation/
   creating: /localscratch/kaim.55014728.0/MUSDB18HQ/validation/ANiMAL - Rockshow/
  inflating: /localscratch/kaim.55014728.0/MUSDB18HQ/validation/ANiMAL - Rockshow/other.wav  
  inflating: /localscratch/kaim.55014728.0/MUSDB18HQ/validation/ANiMAL - Rockshow/drums.wav  
  inflating: /localscratch/kaim.55014728.0/MUSDB18HQ/validation/ANiMAL - Rockshow/mixture.wav  
  inflating: /localscratch/kaim.55014728.0/MUSDB18HQ/validation/ANiMAL - Rockshow/vocals.wav  
  inflating: /localscratch/kaim.55014728.0/MUSDB18HQ/validation/ANiMAL - Rockshow/bass.wav  
   creating: /localscratch/kaim.55014728.0/MUSDB18HQ/validation/Fergessen - Nos Palpitants/
  inflating: /localscratch/kaim.55014728.0/MUSDB18HQ/validation/Fergessen - Nos Palpitants/other.wav  
  inflating: /localscratch/kaim.55014728.0/MUSDB18HQ/validation/Fergessen - Nos Palpitants/drums.wav  
  inflating: /localscratch/kaim.55014728.0/MUSDB18HQ/validation/Fergessen - Nos Palpitants/mixture.wav  
  inflating: /localscratch/kaim.55014728.0/MUSDB18HQ/validation/Fergessen - Nos Palpitants/vocals.wav  
  inflating: /localscratch/kaim.55014728.0/MUSDB18HQ/validation/Fergessen - Nos Palpitants/bass.wav  
   creating: /localscratch/kaim.55014728.0/MUSDB18HQ/validation/Skelpolu - Human Mistakes/
  inflating: /localscratch/kaim.55014728.0/MUSDB18HQ/validation/Skelpolu - Human Mistakes/other.wav  
  inflating: /localscratch/kaim.55014728.0/MUSDB18HQ/validation/Skelpolu - Human Mistakes/drums.wav  
  inflating: /localscratch/kaim.55014728.0/MUSDB18HQ/validation/Skelpolu - Human Mistakes/mixture.wav  
  inflating: /localscratch/kaim.55014728.0/MUSDB18HQ/validation/Skelpolu - Human Mistakes/vocals.wav  
  inflating: /localscratch/kaim.55014728.0/MUSDB18HQ/validation/Skelpolu - Human Mistakes/bass.wav  
   creating: /localscratch/kaim.55014728.0/MUSDB18HQ/validation/Meaxic - Take A Step/
  inflating: /localscratch/kaim.55014728.0/MUSDB18HQ/validation/Meaxic - Take A Step/other.wav  
  inflating: /localscratch/kaim.55014728.0/MUSDB18HQ/validation/Meaxic - Take A Step/drums.wav  
  inflating: /localscratch/kaim.55014728.0/MUSDB18HQ/validation/Meaxic - Take A Step/mixture.wav  
  inflating: /localscratch/kaim.55014728.0/MUSDB18HQ/validation/Meaxic - Take A Step/vocals.wav  
  inflating: /localscratch/kaim.55014728.0/MUSDB18HQ/validation/Meaxic - Take A Step/bass.wav  
   creating: /localscratch/kaim.55014728.0/MUSDB18HQ/validation/Clara Berry And Wooldog - Waltz For My Victims/
  inflating: /localscratch/kaim.55014728.0/MUSDB18HQ/validation/Clara Berry And Wooldog - Waltz For My Victims/other.wav  
  inflating: /localscratch/kaim.55014728.0/MUSDB18HQ/validation/Clara Berry And Wooldog - Waltz For My Victims/drums.wav  
  inflating: /localscratch/kaim.55014728.0/MUSDB18HQ/validation/Clara Berry And Wooldog - Waltz For My Victims/mixture.wav  
  inflating: /localscratch/kaim.55014728.0/MUSDB18HQ/validation/Clara Berry And Wooldog - Waltz For My Victims/vocals.wav  
  inflating: /localscratch/kaim.55014728.0/MUSDB18HQ/validation/Clara Berry And Wooldog - Waltz For My Victims/bass.wav  
   creating: /localscratch/kaim.55014728.0/MUSDB18HQ/validation/Johnny Lokke - Promises & Lies/
  inflating: /localscratch/kaim.55014728.0/MUSDB18HQ/validation/Johnny Lokke - Promises & Lies/other.wav  
  inflating: /localscratch/kaim.55014728.0/MUSDB18HQ/validation/Johnny Lokke - Promises & Lies/drums.wav  
  inflating: /localscratch/kaim.55014728.0/MUSDB18HQ/validation/Johnny Lokke - Promises & Lies/mixture.wav  
  inflating: /localscratch/kaim.55014728.0/MUSDB18HQ/validation/Johnny Lokke - Promises & Lies/vocals.wav  
  inflating: /localscratch/kaim.55014728.0/MUSDB18HQ/validation/Johnny Lokke - Promises & Lies/bass.wav  
   creating: /localscratch/kaim.55014728.0/MUSDB18HQ/validation/Traffic Experiment - Sirens/
  inflating: /localscratch/kaim.55014728.0/MUSDB18HQ/validation/Traffic Experiment - Sirens/other.wav  
  inflating: /localscratch/kaim.55014728.0/MUSDB18HQ/validation/Traffic Experiment - Sirens/drums.wav  
  inflating: /localscratch/kaim.55014728.0/MUSDB18HQ/validation/Traffic Experiment - Sirens/mixture.wav  
  inflating: /localscratch/kaim.55014728.0/MUSDB18HQ/validation/Traffic Experiment - Sirens/vocals.wav  
  inflating: /localscratch/kaim.55014728.0/MUSDB18HQ/validation/Traffic Experiment - Sirens/bass.wav  
   creating: /localscratch/kaim.55014728.0/MUSDB18HQ/validation/Young Griffo - Pennies/
  inflating: /localscratch/kaim.55014728.0/MUSDB18HQ/validation/Young Griffo - Pennies/other.wav  
  inflating: /localscratch/kaim.55014728.0/MUSDB18HQ/validation/Young Griffo - Pennies/drums.wav  
  inflating: /localscratch/kaim.55014728.0/MUSDB18HQ/validation/Young Griffo - Pennies/mixture.wav  
  inflating: /localscratch/kaim.55014728.0/MUSDB18HQ/validation/Young Griffo - Pennies/vocals.wav  
  inflating: /localscratch/kaim.55014728.0/MUSDB18HQ/validation/Young Griffo - Pennies/bass.wav  
   creating: /localscratch/kaim.55014728.0/MUSDB18HQ/validation/James May - On The Line/
  inflating: /localscratch/kaim.55014728.0/MUSDB18HQ/validation/James May - On The Line/other.wav  
  inflating: /localscratch/kaim.55014728.0/MUSDB18HQ/validation/James May - On The Line/drums.wav  
  inflating: /localscratch/kaim.55014728.0/MUSDB18HQ/validation/James May - On The Line/mixture.wav  
  inflating: /localscratch/kaim.55014728.0/MUSDB18HQ/validation/James May - On The Line/vocals.wav  
  inflating: /localscratch/kaim.55014728.0/MUSDB18HQ/validation/James May - On The Line/bass.wav  
   creating: /localscratch/kaim.55014728.0/MUSDB18HQ/validation/Patrick Talbot - A Reason To Leave/
  inflating: /localscratch/kaim.55014728.0/MUSDB18HQ/validation/Patrick Talbot - A Reason To Leave/other.wav  
  inflating: /localscratch/kaim.55014728.0/MUSDB18HQ/validation/Patrick Talbot - A Reason To Leave/drums.wav  
  inflating: /localscratch/kaim.55014728.0/MUSDB18HQ/validation/Patrick Talbot - A Reason To Leave/mixture.wav  
  inflating: /localscratch/kaim.55014728.0/MUSDB18HQ/validation/Patrick Talbot - A Reason To Leave/vocals.wav  
  inflating: /localscratch/kaim.55014728.0/MUSDB18HQ/validation/Patrick Talbot - A Reason To Leave/bass.wav  
   creating: /localscratch/kaim.55014728.0/MUSDB18HQ/validation/Actions - One Minute Smile/
  inflating: /localscratch/kaim.55014728.0/MUSDB18HQ/validation/Actions - One Minute Smile/other.wav  
  inflating: /localscratch/kaim.55014728.0/MUSDB18HQ/validation/Actions - One Minute Smile/drums.wav  
  inflating: /localscratch/kaim.55014728.0/MUSDB18HQ/validation/Actions - One Minute Smile/mixture.wav  
  inflating: /localscratch/kaim.55014728.0/MUSDB18HQ/validation/Actions - One Minute Smile/vocals.wav  
  inflating: /localscratch/kaim.55014728.0/MUSDB18HQ/validation/Actions - One Minute Smile/bass.wav  
   creating: /localscratch/kaim.55014728.0/MUSDB18HQ/validation/Leaf - Summerghost/
  inflating: /localscratch/kaim.55014728.0/MUSDB18HQ/validation/Leaf - Summerghost/other.wav  
  inflating: /localscratch/kaim.55014728.0/MUSDB18HQ/validation/Leaf - Summerghost/drums.wav  
  inflating: /localscratch/kaim.55014728.0/MUSDB18HQ/validation/Leaf - Summerghost/mixture.wav  
  inflating: /localscratch/kaim.55014728.0/MUSDB18HQ/validation/Leaf - Summerghost/vocals.wav  
  inflating: /localscratch/kaim.55014728.0/MUSDB18HQ/validation/Leaf - Summerghost/bass.wav  
   creating: /localscratch/kaim.55014728.0/MUSDB18HQ/validation/Alexander Ross - Goodbye Bolero/
  inflating: /localscratch/kaim.55014728.0/MUSDB18HQ/validation/Alexander Ross - Goodbye Bolero/other.wav  
  inflating: /localscratch/kaim.55014728.0/MUSDB18HQ/validation/Alexander Ross - Goodbye Bolero/drums.wav  
  inflating: /localscratch/kaim.55014728.0/MUSDB18HQ/validation/Alexander Ross - Goodbye Bolero/mixture.wav  
  inflating: /localscratch/kaim.55014728.0/MUSDB18HQ/validation/Alexander Ross - Goodbye Bolero/vocals.wav  
  inflating: /localscratch/kaim.55014728.0/MUSDB18HQ/validation/Alexander Ross - Goodbye Bolero/bass.wav  
   creating: /localscratch/kaim.55014728.0/MUSDB18HQ/validation/Triviul - Angelsaint/
  inflating: /localscratch/kaim.55014728.0/MUSDB18HQ/validation/Triviul - Angelsaint/other.wav  
  inflating: /localscratch/kaim.55014728.0/MUSDB18HQ/validation/Triviul - Angelsaint/drums.wav  
  inflating: /localscratch/kaim.55014728.0/MUSDB18HQ/validation/Triviul - Angelsaint/mixture.wav  
  inflating: /localscratch/kaim.55014728.0/MUSDB18HQ/validation/Triviul - Angelsaint/vocals.wav  
  inflating: /localscratch/kaim.55014728.0/MUSDB18HQ/validation/Triviul - Angelsaint/bass.wav  
Dataset successfully unzipped.
Dataset path set to: /localscratch/kaim.55014728.0/MUSDB18HQ
Running training script for model: scnet with dataset at /localscratch/kaim.55014728.0/MUSDB18HQ
wandb: Using wandb-core as the SDK backend. Please refer to https://wandb.me/wandb-core for more information.
wandb: Currently logged in as: kaimikkelsen (kaimikkelsen-mcgill-university). Use `wandb login --relogin` to force relogin
wandb: Appending key for api.wandb.ai to your netrc file: /home/kaim/.netrc
wandb: Tracking run with wandb version 0.18.0
wandb: Run data is saved locally in /project/6002780/kaim/Music-Source-Separation-Training/wandb/run-20250219_123158-ymqaj3j8
wandb: Run `wandb offline` to turn off syncing.
wandb: Syncing run scnet_['/localscratch/kaim.55014728.0/MUSDB18HQ/train']_2025-02-19
wandb: ⭐️ View project at https://wandb.ai/kaimikkelsen-mcgill-university/msst
wandb: 🚀 View run at https://wandb.ai/kaimikkelsen-mcgill-university/msst/runs/ymqaj3j8
parsing args
training model
Use augmentation for training
Dataset type: 1 Processes to use: 32 
Collecting metadata for ['/localscratch/kaim.55014728.0/MUSDB18HQ/train']
  0%|          | 0/86 [00:00<?, ?it/s]  1%|          | 1/86 [00:20<29:12, 20.61s/it]  2%|▏         | 2/86 [00:20<12:04,  8.63s/it]  3%|▎         | 3/86 [00:21<06:36,  4.78s/it]  5%|▍         | 4/86 [00:21<04:06,  3.01s/it]  6%|▌         | 5/86 [00:21<02:49,  2.10s/it]  7%|▋         | 6/86 [00:22<02:00,  1.51s/it]  8%|▊         | 7/86 [00:23<01:41,  1.29s/it]  9%|▉         | 8/86 [00:23<01:28,  1.13s/it] 10%|█         | 9/86 [00:24<01:15,  1.02it/s] 16%|█▋        | 14/86 [00:25<00:29,  2.42it/s] 19%|█▊        | 16/86 [00:26<00:28,  2.45it/s] 21%|██        | 18/86 [00:26<00:23,  2.91it/s] 31%|███▏      | 27/86 [00:26<00:08,  6.90it/s] 36%|███▌      | 31/86 [00:27<00:06,  8.02it/s] 42%|████▏     | 36/86 [00:28<00:08,  5.79it/s] 47%|████▋     | 40/86 [00:28<00:06,  7.51it/s] 71%|███████   | 61/86 [00:29<00:01, 16.90it/s] 74%|███████▍  | 64/86 [00:30<00:02, 10.33it/s] 87%|████████▋ | 75/86 [00:30<00:00, 14.21it/s]100%|██████████| 86/86 [00:30<00:00,  2.83it/s]
Found tracks in dataset: 86
Instruments: ['drums', 'bass', 'other', 'vocals']
Metrics for training: ['sdr', 'l1_freq', 'si_sdr', 'neg_log_wmse', 'aura_stft', 'aura_mrstft', 'bleedless', 'fullness']. Metric for scheduler: sdr
Patience: 3 Reduce factor: 0.219196951462339
Batch size: 8 Grad accum steps: 1 Effective batch size: 8
Dataset type: 1
Optimizer: adamw
Train for: 1000 epochs
Train epoch: 0 Learning rate: 0.00026841981212125316
  0%|          | 0/1000 [00:00<?, ?it/s]  0%|          | 0/1000 [00:18<?, ?it/s, loss=0.757, avg_loss=0.757]  0%|          | 1/1000 [00:18<5:14:06, 18.87s/it, loss=0.757, avg_loss=0.757]  0%|          | 1/1000 [00:19<5:14:06, 18.87s/it, loss=0.502, avg_loss=0.63]   0%|          | 2/1000 [00:19<2:16:40,  8.22s/it, loss=0.502, avg_loss=0.63]  0%|          | 2/1000 [00:20<2:16:40,  8.22s/it, loss=0.425, avg_loss=0.561]  0%|          | 3/1000 [00:20<1:19:57,  4.81s/it, loss=0.425, avg_loss=0.561]  0%|          | 3/1000 [00:21<1:19:57,  4.81s/it, loss=0.474, avg_loss=0.54]   0%|          | 4/1000 [00:21<53:21,  3.21s/it, loss=0.474, avg_loss=0.54]    0%|          | 4/1000 [00:21<53:21,  3.21s/it, loss=0.468, avg_loss=0.525]  0%|          | 5/1000 [00:21<38:39,  2.33s/it, loss=0.468, avg_loss=0.525]  0%|          | 5/1000 [00:22<38:39,  2.33s/it, loss=0.676, avg_loss=0.55]   1%|          | 6/1000 [00:22<29:48,  1.80s/it, loss=0.676, avg_loss=0.55]  1%|          | 6/1000 [00:23<29:48,  1.80s/it, loss=0.428, avg_loss=0.533]  1%|          | 7/1000 [00:23<24:12,  1.46s/it, loss=0.428, avg_loss=0.533]  1%|          | 7/1000 [00:24<24:12,  1.46s/it, loss=0.47, avg_loss=0.525]   1%|          | 8/1000 [00:24<20:27,  1.24s/it, loss=0.47, avg_loss=0.525]  1%|          | 8/1000 [00:24<20:27,  1.24s/it, loss=0.428, avg_loss=0.514]  1%|          | 9/1000 [00:24<18:00,  1.09s/it, loss=0.428, avg_loss=0.514]  1%|          | 9/1000 [00:25<18:00,  1.09s/it, loss=0.389, avg_loss=0.502]  1%|          | 10/1000 [00:25<16:18,  1.01it/s, loss=0.389, avg_loss=0.502]  1%|          | 10/1000 [00:26<16:18,  1.01it/s, loss=0.362, avg_loss=0.489]  1%|          | 11/1000 [00:26<15:09,  1.09it/s, loss=0.362, avg_loss=0.489]  1%|          | 11/1000 [00:27<15:09,  1.09it/s, loss=0.417, avg_loss=0.483]  1%|          | 12/1000 [00:27<14:20,  1.15it/s, loss=0.417, avg_loss=0.483]  1%|          | 12/1000 [00:28<14:20,  1.15it/s, loss=0.374, avg_loss=0.475]  1%|▏         | 13/1000 [00:28<13:48,  1.19it/s, loss=0.374, avg_loss=0.475]  1%|▏         | 13/1000 [00:28<13:48,  1.19it/s, loss=0.425, avg_loss=0.471]  1%|▏         | 14/1000 [00:28<13:24,  1.23it/s, loss=0.425, avg_loss=0.471]  1%|▏         | 14/1000 [00:29<13:24,  1.23it/s, loss=0.326, avg_loss=0.461]  2%|▏         | 15/1000 [00:29<13:07,  1.25it/s, loss=0.326, avg_loss=0.461]  2%|▏         | 15/1000 [00:30<13:07,  1.25it/s, loss=0.32, avg_loss=0.453]   2%|▏         | 16/1000 [00:30<12:57,  1.26it/s, loss=0.32, avg_loss=0.453]  2%|▏         | 16/1000 [00:31<12:57,  1.26it/s, loss=0.556, avg_loss=0.459]  2%|▏         | 17/1000 [00:31<12:51,  1.27it/s, loss=0.556, avg_loss=0.459]  2%|▏         | 17/1000 [00:31<12:51,  1.27it/s, loss=0.408, avg_loss=0.456]  2%|▏         | 18/1000 [00:31<12:41,  1.29it/s, loss=0.408, avg_loss=0.456]  2%|▏         | 18/1000 [00:32<12:41,  1.29it/s, loss=0.404, avg_loss=0.453]  2%|▏         | 19/1000 [00:32<12:38,  1.29it/s, loss=0.404, avg_loss=0.453]  2%|▏         | 19/1000 [00:33<12:38,  1.29it/s, loss=0.414, avg_loss=0.451]  2%|▏         | 20/1000 [00:33<12:39,  1.29it/s, loss=0.414, avg_loss=0.451]  2%|▏         | 20/1000 [00:34<12:39,  1.29it/s, loss=0.537, avg_loss=0.455]  2%|▏         | 21/1000 [00:34<12:36,  1.29it/s, loss=0.537, avg_loss=0.455]  2%|▏         | 21/1000 [00:34<12:36,  1.29it/s, loss=0.679, avg_loss=0.465]  2%|▏         | 22/1000 [00:34<12:32,  1.30it/s, loss=0.679, avg_loss=0.465]  2%|▏         | 22/1000 [00:35<12:32,  1.30it/s, loss=0.426, avg_loss=0.464]  2%|▏         | 23/1000 [00:35<12:30,  1.30it/s, loss=0.426, avg_loss=0.464]  2%|▏         | 23/1000 [00:36<12:30,  1.30it/s, loss=0.905, avg_loss=0.482]  2%|▏         | 24/1000 [00:36<12:33,  1.30it/s, loss=0.905, avg_loss=0.482]  2%|▏         | 24/1000 [00:37<12:33,  1.30it/s, loss=0.566, avg_loss=0.485]  2%|▎         | 25/1000 [00:37<12:30,  1.30it/s, loss=0.566, avg_loss=0.485]  2%|▎         | 25/1000 [00:37<12:30,  1.30it/s, loss=0.294, avg_loss=0.478]  3%|▎         | 26/1000 [00:37<12:28,  1.30it/s, loss=0.294, avg_loss=0.478]  3%|▎         | 26/1000 [00:38<12:28,  1.30it/s, loss=0.723, avg_loss=0.487]  3%|▎         | 27/1000 [00:38<12:28,  1.30it/s, loss=0.723, avg_loss=0.487]  3%|▎         | 27/1000 [00:39<12:28,  1.30it/s, loss=0.31, avg_loss=0.481]   3%|▎         | 28/1000 [00:39<12:24,  1.31it/s, loss=0.31, avg_loss=0.481]  3%|▎         | 28/1000 [00:40<12:24,  1.31it/s, loss=0.335, avg_loss=0.476]  3%|▎         | 29/1000 [00:40<12:24,  1.30it/s, loss=0.335, avg_loss=0.476]  3%|▎         | 29/1000 [00:41<12:24,  1.30it/s, loss=0.302, avg_loss=0.47]   3%|▎         | 30/1000 [00:41<12:21,  1.31it/s, loss=0.302, avg_loss=0.47]  3%|▎         | 30/1000 [00:41<12:21,  1.31it/s, loss=0.419, avg_loss=0.468]  3%|▎         | 31/1000 [00:41<12:21,  1.31it/s, loss=0.419, avg_loss=0.468]  3%|▎         | 31/1000 [00:42<12:21,  1.31it/s, loss=0.255, avg_loss=0.462]  3%|▎         | 32/1000 [00:42<12:19,  1.31it/s, loss=0.255, avg_loss=0.462]  3%|▎         | 32/1000 [00:43<12:19,  1.31it/s, loss=0.368, avg_loss=0.459]  3%|▎         | 33/1000 [00:43<12:19,  1.31it/s, loss=0.368, avg_loss=0.459]  3%|▎         | 33/1000 [00:44<12:19,  1.31it/s, loss=0.502, avg_loss=0.46]   3%|▎         | 34/1000 [00:44<12:17,  1.31it/s, loss=0.502, avg_loss=0.46]  3%|▎         | 34/1000 [00:44<12:17,  1.31it/s, loss=0.537, avg_loss=0.462]  4%|▎         | 35/1000 [00:44<12:16,  1.31it/s, loss=0.537, avg_loss=0.462]  4%|▎         | 35/1000 [00:45<12:16,  1.31it/s, loss=0.486, avg_loss=0.463]  4%|▎         | 36/1000 [00:45<12:17,  1.31it/s, loss=0.486, avg_loss=0.463]  4%|▎         | 36/1000 [00:46<12:17,  1.31it/s, loss=0.464, avg_loss=0.463]  4%|▎         | 37/1000 [00:46<12:18,  1.30it/s, loss=0.464, avg_loss=0.463]  4%|▎         | 37/1000 [00:47<12:18,  1.30it/s, loss=0.565, avg_loss=0.466]  4%|▍         | 38/1000 [00:47<12:15,  1.31it/s, loss=0.565, avg_loss=0.466]  4%|▍         | 38/1000 [00:47<12:15,  1.31it/s, loss=0.391, avg_loss=0.464]  4%|▍         | 39/1000 [00:47<12:15,  1.31it/s, loss=0.391, avg_loss=0.464]  4%|▍         | 39/1000 [00:48<12:15,  1.31it/s, loss=0.399, avg_loss=0.462]  4%|▍         | 40/1000 [00:48<12:13,  1.31it/s, loss=0.399, avg_loss=0.462]  4%|▍         | 40/1000 [00:49<12:13,  1.31it/s, loss=0.381, avg_loss=0.46]   4%|▍         | 41/1000 [00:49<12:13,  1.31it/s, loss=0.381, avg_loss=0.46]  4%|▍         | 41/1000 [00:50<12:13,  1.31it/s, loss=0.259, avg_loss=0.455]  4%|▍         | 42/1000 [00:50<12:13,  1.31it/s, loss=0.259, avg_loss=0.455]  4%|▍         | 42/1000 [00:50<12:13,  1.31it/s, loss=0.783, avg_loss=0.463]  4%|▍         | 43/1000 [00:50<12:11,  1.31it/s, loss=0.783, avg_loss=0.463]  4%|▍         | 43/1000 [00:51<12:11,  1.31it/s, loss=0.464, avg_loss=0.463]  4%|▍         | 44/1000 [00:51<12:10,  1.31it/s, loss=0.464, avg_loss=0.463]  4%|▍         | 44/1000 [00:52<12:10,  1.31it/s, loss=0.271, avg_loss=0.459]  4%|▍         | 45/1000 [00:52<12:09,  1.31it/s, loss=0.271, avg_loss=0.459]  4%|▍         | 45/1000 [00:53<12:09,  1.31it/s, loss=0.414, avg_loss=0.458]  5%|▍         | 46/1000 [00:53<12:10,  1.31it/s, loss=0.414, avg_loss=0.458]  5%|▍         | 46/1000 [00:54<12:10,  1.31it/s, loss=0.527, avg_loss=0.459]  5%|▍         | 47/1000 [00:54<12:11,  1.30it/s, loss=0.527, avg_loss=0.459]  5%|▍         | 47/1000 [00:54<12:11,  1.30it/s, loss=0.428, avg_loss=0.459]  5%|▍         | 48/1000 [00:54<12:07,  1.31it/s, loss=0.428, avg_loss=0.459]  5%|▍         | 48/1000 [00:55<12:07,  1.31it/s, loss=0.375, avg_loss=0.457]  5%|▍         | 49/1000 [00:55<12:07,  1.31it/s, loss=0.375, avg_loss=0.457]  5%|▍         | 49/1000 [00:56<12:07,  1.31it/s, loss=0.41, avg_loss=0.456]   5%|▌         | 50/1000 [00:56<12:05,  1.31it/s, loss=0.41, avg_loss=0.456]  5%|▌         | 50/1000 [00:57<12:05,  1.31it/s, loss=0.442, avg_loss=0.456]  5%|▌         | 51/1000 [00:57<12:05,  1.31it/s, loss=0.442, avg_loss=0.456]  5%|▌         | 51/1000 [00:57<12:05,  1.31it/s, loss=0.314, avg_loss=0.453]  5%|▌         | 52/1000 [00:57<12:04,  1.31it/s, loss=0.314, avg_loss=0.453]  5%|▌         | 52/1000 [00:58<12:04,  1.31it/s, loss=0.403, avg_loss=0.452]  5%|▌         | 53/1000 [00:58<12:03,  1.31it/s, loss=0.403, avg_loss=0.452]