Dataset already exists in /localscratch/kaim.54817361.0, skipping copy.
unzipping /localscratch/kaim.54817361.0/MUSDB18HQ.zip
Archive:  /localscratch/kaim.54817361.0/MUSDB18HQ.zip
replace /localscratch/kaim.54817361.0/MUSDB18HQ/train/Music Delta - Hendrix/other.wav? [y]es, [n]o, [A]ll, [N]one, [r]ename: Dataset successfully unzipped.
Dataset path set to: /localscratch/kaim.54817361.0/MUSDB18HQ
Running training script for model: htdemucs with dataset at /localscratch/kaim.54817361.0/MUSDB18HQ
wandb: Using wandb-core as the SDK backend. Please refer to https://wandb.me/wandb-core for more information.
wandb: Currently logged in as: kaimikkelsen (kaimikkelsen-mcgill-university). Use `wandb login --relogin` to force relogin
wandb: Appending key for api.wandb.ai to your netrc file: /home/kaim/.netrc
wandb: Tracking run with wandb version 0.18.0
wandb: Run data is saved locally in /project/6002780/kaim/Music-Source-Separation-Training/wandb/run-20250217_085841-ikcuvt4z
wandb: Run `wandb offline` to turn off syncing.
wandb: Syncing run htdemucs_['/localscratch/kaim.54817361.0/MUSDB18HQ/train']_2025-02-17
wandb: ⭐️ View project at https://wandb.ai/kaimikkelsen-mcgill-university/msst
wandb: 🚀 View run at https://wandb.ai/kaimikkelsen-mcgill-university/msst/runs/ikcuvt4z
parsing args
training model
Use augmentation for training
Dataset type: 1 Processes to use: 32 
Collecting metadata for ['/localscratch/kaim.54817361.0/MUSDB18HQ/train']
  0%|          | 0/86 [00:00<?, ?it/s]  1%|          | 1/86 [00:23<32:47, 23.14s/it]  2%|▏         | 2/86 [00:23<13:39,  9.76s/it]  3%|▎         | 3/86 [00:23<07:34,  5.47s/it]  5%|▍         | 4/86 [00:24<04:38,  3.39s/it]  8%|▊         | 7/86 [00:25<02:07,  1.62s/it] 16%|█▋        | 14/86 [00:25<00:38,  1.86it/s] 22%|██▏       | 19/86 [00:26<00:22,  3.04it/s] 26%|██▌       | 22/86 [00:27<00:20,  3.07it/s] 28%|██▊       | 24/86 [00:27<00:17,  3.52it/s] 42%|████▏     | 36/86 [00:27<00:06,  8.00it/s] 45%|████▌     | 39/86 [00:27<00:05,  8.55it/s] 48%|████▊     | 41/86 [00:28<00:05,  8.80it/s] 50%|█████     | 43/86 [00:29<00:09,  4.46it/s] 86%|████████▌ | 74/86 [00:29<00:00, 20.58it/s] 98%|█████████▊| 84/86 [00:29<00:00, 23.94it/s]100%|██████████| 86/86 [00:29<00:00,  2.87it/s]
Found tracks in dataset: 86
Instruments: ['drums', 'bass', 'other', 'vocals']
Metrics for training: ['sdr', 'l1_freq', 'si_sdr', 'neg_log_wmse', 'aura_stft', 'aura_mrstft', 'bleedless', 'fullness']. Metric for scheduler: sdr
Patience: 6 Reduce factor: 0.4542863469427565
Batch size: 2 Grad accum steps: 1 Effective batch size: 2
Dataset type: 1
Optimizer: adamw
Train for: 1000 epochs
Train epoch: 0 Learning rate: 1.80504892971876e-06
  0%|          | 0/1000 [00:00<?, ?it/s]terminate called without an active exception
terminate called without an active exception
terminate called without an active exception
Exception ignored in: <function _MultiProcessingDataLoaderIter.__del__ at 0x151d02cef910>
Traceback (most recent call last):
  File "/project/6002780/kaim/Music-Source-Separation-Training/separation_env/lib/python3.10/site-packages/torch/utils/data/dataloader.py", line 1604, in __del__
    self._shutdown_workers()
  File "/project/6002780/kaim/Music-Source-Separation-Training/separation_env/lib/python3.10/site-packages/torch/utils/data/dataloader.py", line 1568, in _shutdown_workers
    w.join(timeout=_utils.MP_STATUS_CHECK_INTERVAL)
  File "/cvmfs/soft.computecanada.ca/easybuild/software/2023/x86-64-v3/Compiler/gcccore/python/3.10.13/lib/python3.10/multiprocessing/process.py", line 149, in join
    res = self._popen.wait(timeout)
  File "/cvmfs/soft.computecanada.ca/easybuild/software/2023/x86-64-v3/Compiler/gcccore/python/3.10.13/lib/python3.10/multiprocessing/popen_fork.py", line 40, in wait
    if not wait([self.sentinel], timeout):
  File "/cvmfs/soft.computecanada.ca/easybuild/software/2023/x86-64-v3/Compiler/gcccore/python/3.10.13/lib/python3.10/multiprocessing/connection.py", line 931, in wait
    ready = selector.select(timeout)
  File "/cvmfs/soft.computecanada.ca/easybuild/software/2023/x86-64-v3/Compiler/gcccore/python/3.10.13/lib/python3.10/selectors.py", line 416, in select
    fd_event_list = self._selector.poll(timeout)
  File "/project/6002780/kaim/Music-Source-Separation-Training/separation_env/lib/python3.10/site-packages/torch/utils/data/_utils/signal_handling.py", line 73, in handler
    _error_if_any_worker_fails()
RuntimeError: DataLoader worker (pid 1638412) is killed by signal: Aborted. 
  0%|          | 0/1000 [00:17<?, ?it/s]
Traceback (most recent call last):
  File "/project/6002780/kaim/Music-Source-Separation-Training/train.py", line 579, in <module>
    train_model(None)
  File "/project/6002780/kaim/Music-Source-Separation-Training/train.py", line 572, in train_model
    train_one_epoch(model, config, args, optimizer, device, device_ids, epoch,
  File "/project/6002780/kaim/Music-Source-Separation-Training/train.py", line 412, in train_one_epoch
    y_ = model(x)
  File "/project/6002780/kaim/Music-Source-Separation-Training/separation_env/lib/python3.10/site-packages/torch/nn/modules/module.py", line 1736, in _wrapped_call_impl
    return self._call_impl(*args, **kwargs)
  File "/project/6002780/kaim/Music-Source-Separation-Training/separation_env/lib/python3.10/site-packages/torch/nn/modules/module.py", line 1747, in _call_impl
    return forward_call(*args, **kwargs)
  File "/project/6002780/kaim/Music-Source-Separation-Training/models/demucs4ht.py", line 638, in forward
    x, pre = decode(x, skip, lengths.pop(-1))
  File "/project/6002780/kaim/Music-Source-Separation-Training/separation_env/lib/python3.10/site-packages/torch/nn/modules/module.py", line 1736, in _wrapped_call_impl
    return self._call_impl(*args, **kwargs)
  File "/project/6002780/kaim/Music-Source-Separation-Training/separation_env/lib/python3.10/site-packages/torch/nn/modules/module.py", line 1747, in _call_impl
    return forward_call(*args, **kwargs)
  File "/project/6002780/kaim/Music-Source-Separation-Training/separation_env/lib/python3.10/site-packages/demucs/hdemucs.py", line 320, in forward
    y = self.dconv(y)
  File "/project/6002780/kaim/Music-Source-Separation-Training/separation_env/lib/python3.10/site-packages/torch/nn/modules/module.py", line 1736, in _wrapped_call_impl
    return self._call_impl(*args, **kwargs)
  File "/project/6002780/kaim/Music-Source-Separation-Training/separation_env/lib/python3.10/site-packages/torch/nn/modules/module.py", line 1747, in _call_impl
    return forward_call(*args, **kwargs)
  File "/project/6002780/kaim/Music-Source-Separation-Training/separation_env/lib/python3.10/site-packages/demucs/demucs.py", line 153, in forward
    x = x + layer(x)
torch.OutOfMemoryError: CUDA out of memory. Tried to allocate 162.00 MiB. GPU 0 has a total capacity of 31.73 GiB of which 110.69 MiB is free. Including non-PyTorch memory, this process has 31.62 GiB memory in use. Of the allocated memory 30.90 GiB is allocated by PyTorch, and 347.91 MiB is reserved by PyTorch but unallocated. If reserved but unallocated memory is large try setting PYTORCH_CUDA_ALLOC_CONF=expandable_segments:True to avoid fragmentation.  See documentation for Memory Management  (https://pytorch.org/docs/stable/notes/cuda.html#environment-variables)
[1;34mwandb[0m: 🚀 View run [33mhtdemucs_['/localscratch/kaim.54817361.0/MUSDB18HQ/train']_2025-02-17[0m at: [34mhttps://wandb.ai/kaimikkelsen-mcgill-university/msst/runs/ikcuvt4z[0m
[1;34mwandb[0m: Find logs at: [1;35m../../../../../../project/6002780/kaim/Music-Source-Separation-Training/wandb/run-20250217_085841-ikcuvt4z/logs[0m
