Running on Mac. Skipping dataset unzipping.
Dataset path set to: ../data/MUSDB18HQ
Running training script for model: htdemucs with dataset at ../data/MUSDB18HQ
[I 2025-01-31 12:54:52,115] A new study created in memory with name: no-name-68f94978-532b-47b8-8e00-fe5206ad6283
wandb: Using wandb-core as the SDK backend. Please refer to https://wandb.me/wandb-core for more information.
wandb: Currently logged in as: kaimikkelsen (kaimikkelsen-mcgill-university). Use `wandb login --relogin` to force relogin
wandb: Appending key for api.wandb.ai to your netrc file: /home/kaim/.netrc
wandb: Tracking run with wandb version 0.18.0
wandb: Run data is saved locally in /project/6002780/kaim/Music-Source-Separation-Training/wandb/run-20250131_125505-sthbk0ze
wandb: Run `wandb offline` to turn off syncing.
wandb: Syncing run htdemucs_['../data/MUSDB18HQ/train']_2025-01-31
wandb: ⭐️ View project at https://wandb.ai/kaimikkelsen-mcgill-university/msst
wandb: 🚀 View run at https://wandb.ai/kaimikkelsen-mcgill-university/msst/runs/sthbk0ze
Optuna study started
Initializing wandb: Namespace(model_type='htdemucs', config_path='configs/config_musdb18_htdemucs.yaml', start_check_point='', results_path='checkpoints/htdemucs_2025-01-31_12-52-19', data_path=['../data/MUSDB18HQ/train'], dataset_type=1, valid_path=['../data/MUSDB18HQ/validation'], num_workers=4, pin_memory=False, seed=879, device_ids=[0], use_multistft_loss=True, use_mse_loss=False, use_l1_loss=False, wandb_key='689bb384f0f7e0a9dbe275c4ba6458d13265990d', pre_valid=False, metrics=['sdr', 'l1_freq', 'si_sdr', 'neg_log_wmse', 'aura_stft', 'aura_mrstft', 'bleedless', 'fullness'], metric_for_scheduler='sdr', train_lora=False, lora_checkpoint='', lr=0.0007862238574969461, ema_momentum=0.9314359455986616, loudness_min=0.1516307053261559, loudness_max=1.5731813342200587, mixup_probs=(0.2, 0.02), mp3_compression_bitrate_min=35, mp3_compression_bitrate_max=247, channels=128, depth=5, t_layers=3, t_hidden_scale=7.336979779284546, t_heads=15, kernel_size=8, stride=3, t_weight_decay=0.0007708867070556504, dropout=0.34179379127962967, norm_groups=1)
Use augmentation for training
Dataset type: 1 Processes to use: 32 
Collecting metadata for ['../data/MUSDB18HQ/train']
  0%|          | 0/86 [00:00<?, ?it/s]  1%|          | 1/86 [01:19<1:52:27, 79.38s/it] 10%|█         | 9/86 [03:36<28:21, 22.09s/it]   19%|█▊        | 16/86 [04:12<15:12, 13.03s/it] 27%|██▋       | 23/86 [04:25<08:36,  8.19s/it] 77%|███████▋  | 66/86 [04:25<00:34,  1.72s/it]100%|██████████| 86/86 [04:25<00:00,  3.09s/it]
Found tracks in dataset: 86
Loss options: {}
Instruments: ['drums', 'bass', 'other', 'vocals']
Metrics for training: ['sdr', 'l1_freq', 'si_sdr', 'neg_log_wmse', 'aura_stft', 'aura_mrstft', 'bleedless', 'fullness']. Metric for scheduler: sdr
Patience: 2 Reduce factor: 0.95
Batch size: 2 Grad accum steps: 1 Effective batch size: 2
Dataset type: 1
Optimizer: adam
Train for: 5 epochs
Train epoch: 0 Learning rate: 9e-05
  0%|          | 0/10 [00:00<?, ?it/s]