Running training script for model: mdx23c
Traceback (most recent call last):
  File "/project/6002780/kaim/Music-Source-Separation-Training/train.py", line 569, in <module>
    train_model(None)
  File "/project/6002780/kaim/Music-Source-Separation-Training/train.py", line 516, in train_model
    wandb_init(args, config, device_ids, batch_size)
  File "/project/6002780/kaim/Music-Source-Separation-Training/train.py", line 134, in wandb_init
    wandb.login(key=args.wandb_key)
  File "/project/6002780/kaim/Music-Source-Separation-Training/separation_env/lib/python3.10/site-packages/wandb/sdk/wandb_login.py", line 76, in login
    if wandb.setup()._settings._noop:
  File "/project/6002780/kaim/Music-Source-Separation-Training/separation_env/lib/python3.10/site-packages/wandb/sdk/wandb_setup.py", line 383, in setup
    ret = _setup(settings=settings)
  File "/project/6002780/kaim/Music-Source-Separation-Training/separation_env/lib/python3.10/site-packages/wandb/sdk/wandb_setup.py", line 323, in _setup
    wl = _WandbSetup(settings=settings)
  File "/project/6002780/kaim/Music-Source-Separation-Training/separation_env/lib/python3.10/site-packages/wandb/sdk/wandb_setup.py", line 301, in __init__
    _WandbSetup._instance = _WandbSetup__WandbSetup(settings=settings, pid=pid)
  File "/project/6002780/kaim/Music-Source-Separation-Training/separation_env/lib/python3.10/site-packages/wandb/sdk/wandb_setup.py", line 115, in __init__
    self._setup()
  File "/project/6002780/kaim/Music-Source-Separation-Training/separation_env/lib/python3.10/site-packages/wandb/sdk/wandb_setup.py", line 247, in _setup
    self._connection = service_connection.connect_to_service(self._settings)
  File "/project/6002780/kaim/Music-Source-Separation-Training/separation_env/lib/python3.10/site-packages/wandb/sdk/lib/service_connection.py", line 40, in connect_to_service
    return _start_and_connect_service(settings)
  File "/project/6002780/kaim/Music-Source-Separation-Training/separation_env/lib/python3.10/site-packages/wandb/sdk/lib/service_connection.py", line 75, in _start_and_connect_service
    proc.start()
  File "/project/6002780/kaim/Music-Source-Separation-Training/separation_env/lib/python3.10/site-packages/wandb/sdk/service/service.py", line 232, in start
    self._launch_server()
  File "/project/6002780/kaim/Music-Source-Separation-Training/separation_env/lib/python3.10/site-packages/wandb/sdk/service/service.py", line 155, in _launch_server
    _sentry.reraise(e)
  File "/project/6002780/kaim/Music-Source-Separation-Training/separation_env/lib/python3.10/site-packages/wandb/analytics/sentry.py", line 156, in reraise
    raise exc.with_traceback(sys.exc_info()[2])
  File "/project/6002780/kaim/Music-Source-Separation-Training/separation_env/lib/python3.10/site-packages/wandb/sdk/service/service.py", line 153, in _launch_server
    core_path = get_core_path()
  File "/project/6002780/kaim/Music-Source-Separation-Training/separation_env/lib/python3.10/site-packages/wandb/util.py", line 1940, in get_core_path
    raise WandbCoreNotAvailableError(
wandb.errors.errors.WandbCoreNotAvailableError: File not found: /project/6002780/kaim/Music-Source-Separation-Training/separation_env/lib/python3.10/site-packages/wandb/bin/wandb-core. Please contact support at support@wandb.com. Your platform is: Linux-5.14.0-362.24.2.el9_3.x86_64-x86_64-Intel-R-_Xeon-R-_Silver_4216_CPU_@_2.10GHz-with-glibc2.37.
