Dataset path set to: /MUSDB18HQ
./run_mdx23c_training.sh: line 79: DATA_PATH: command not found
Running training script for model: mdx23c with dataset at /MUSDB18HQ
wandb: Using wandb-core as the SDK backend. Please refer to https://wandb.me/wandb-core for more information.
wandb: Currently logged in as: kaimikkelsen (kaimikkelsen-mcgill-university). Use `wandb login --relogin` to force relogin
wandb: Appending key for api.wandb.ai to your netrc file: /Users/kaimikkelsen/.netrc
wandb: Tracking run with wandb version 0.18.5
wandb: Run data is saved locally in /Users/kaimikkelsen/canada_compute/Music-Source-Separation-Training/wandb/run-20250131_135349-0p1ldyyi
wandb: Run `wandb offline` to turn off syncing.
wandb: Syncing run mdx23c_['/MUSDB18HQ/train']_2025-01-31
wandb: ⭐️ View project at https://wandb.ai/kaimikkelsen-mcgill-university/msst
wandb: 🚀 View run at https://wandb.ai/kaimikkelsen-mcgill-university/msst/runs/0p1ldyyi
parsing args
training model
Use augmentation for training
Dataset type: 1 Processes to use: 8 
Collecting metadata for ['/MUSDB18HQ/train']
Warning: no tracks found in folder '/MUSDB18HQ/train'. Please check it!
0it [00:00, ?it/s]0it [00:00, ?it/s]
No tracks found for training. Check paths you provided!
[1;34mwandb[0m: 🚀 View run [33mmdx23c_['/MUSDB18HQ/train']_2025-01-31[0m at: [34mhttps://wandb.ai/kaimikkelsen-mcgill-university/msst/runs/0p1ldyyi[0m
[1;34mwandb[0m: Find logs at: [1;35mwandb/run-20250131_135349-0p1ldyyi/logs[0m
