Moving ../data/MOISESDB.zip to /localscratch/kaim.53403734.0 for faster access
created directory /localscratch/kaim.53403734.0/MOISESDB
Unzipping dataset in /localscratch/kaim.53403734.0/MOISESDB
Dataset successfully unzipped.
Dataset path set to: /localscratch/kaim.53403734.0/MOISESDB/moisesdb/moisesdb_v0.1
Running training script for model: mdx23c with dataset at /localscratch/kaim.53403734.0/MOISESDB/moisesdb/moisesdb_v0.1
wandb: Using wandb-core as the SDK backend. Please refer to https://wandb.me/wandb-core for more information.
wandb: Currently logged in as: kaimikkelsen (kaimikkelsen-mcgill-university). Use `wandb login --relogin` to force relogin
wandb: Appending key for api.wandb.ai to your netrc file: /home/kaim/.netrc
wandb: Tracking run with wandb version 0.18.0
wandb: Run data is saved locally in /project/6002780/kaim/Music-Source-Separation-Training/wandb/run-20250131_141640-ymg9lsyj
wandb: Run `wandb offline` to turn off syncing.
wandb: Syncing run mdx23c_['/localscratch/kaim.53403734.0/MOISESDB/moisesdb/moisesdb_v0.1/train']_2025-01-31
wandb: ⭐️ View project at https://wandb.ai/kaimikkelsen-mcgill-university/msst
wandb: 🚀 View run at https://wandb.ai/kaimikkelsen-mcgill-university/msst/runs/ymg9lsyj
parsing args
training model
Use augmentation for training
Dataset type: 1 Processes to use: 32 
Collecting metadata for ['/localscratch/kaim.53403734.0/MOISESDB/moisesdb/moisesdb_v0.1/train']
Warning: no tracks found in folder '/localscratch/kaim.53403734.0/MOISESDB/moisesdb/moisesdb_v0.1/train'. Please check it!
0it [00:00, ?it/s]0it [00:00, ?it/s]
No tracks found for training. Check paths you provided!
[1;34mwandb[0m: 🚀 View run [33mmdx23c_['/localscratch/kaim.53403734.0/MOISESDB/moisesdb/moisesdb_v0.1/train']_2025-01-31[0m at: [34mhttps://wandb.ai/kaimikkelsen-mcgill-university/msst/runs/ymg9lsyj[0m
[1;34mwandb[0m: Find logs at: [1;35m../../../../../../project/6002780/kaim/Music-Source-Separation-Training/wandb/run-20250131_141640-ymg9lsyj/logs[0m
