Moving ../data/MUSDB18HQ.zip to /localscratch/kaim.53631037.0 for faster access
replace MUSDB18HQ/train/Music Delta - Hendrix/other.wav? [y]es, [n]o, [A]ll, [N]one, [r]ename: Dataset successfully unzipped.
Dataset path set to: /localscratch/kaim.53631037.0/MUSDB18HQ
Running training script for model: htdemucs with dataset at /localscratch/kaim.53631037.0/MUSDB18HQ
[I 2025-02-03 09:08:39,837] A new study created in memory with name: no-name-1a8b1222-20cb-4249-a710-4223662325cd
wandb: Using wandb-core as the SDK backend. Please refer to https://wandb.me/wandb-core for more information.
wandb: Currently logged in as: kaimikkelsen (kaimikkelsen-mcgill-university). Use `wandb login --relogin` to force relogin
wandb: Appending key for api.wandb.ai to your netrc file: /home/kaim/.netrc
wandb: Tracking run with wandb version 0.18.0
wandb: Run data is saved locally in /project/6002780/kaim/Music-Source-Separation-Training/wandb/run-20250203_090907-1r9uqmor
wandb: Run `wandb offline` to turn off syncing.
wandb: Syncing run htdemucs_['/localscratch/kaim.53631037.0/MUSDB18HQ/train']_2025-02-03
wandb: ⭐️ View project at https://wandb.ai/kaimikkelsen-mcgill-university/msst
wandb: 🚀 View run at https://wandb.ai/kaimikkelsen-mcgill-university/msst/runs/1r9uqmor
Optuna study started
Initializing wandb: Namespace(model_type='htdemucs', config_path='configs/config_musdb18_htdemucs.yaml', start_check_point='', results_path='checkpoints/htdemucs_2025-02-03_08-44-06', data_path=['/localscratch/kaim.53631037.0/MUSDB18HQ/train'], dataset_type=1, valid_path=['/localscratch/kaim.53631037.0/MUSDB18HQ/validation'], num_workers=4, pin_memory=False, seed=108, device_ids=[0], use_multistft_loss=False, use_mse_loss=True, use_l1_loss=False, wandb_key='689bb384f0f7e0a9dbe275c4ba6458d13265990d', pre_valid=False, metrics=['sdr', 'l1_freq', 'si_sdr', 'neg_log_wmse', 'aura_stft', 'aura_mrstft', 'bleedless', 'fullness'], metric_for_scheduler='sdr', train_lora=False, lora_checkpoint='', lr=5.03615748087248e-06, ema_momentum=0.9094375145128379, loudness_min=0.45183718786247273, loudness_max=1.0929773512486305, mixup_probs=(0.1, 0.01), mp3_compression_bitrate_min=40, mp3_compression_bitrate_max=257, channels=128, depth=5, t_layers=5, t_hidden_scale=6.462030223458528, t_heads=11, kernel_size=7, stride=2, t_weight_decay=3.6445016624099274e-05, dropout=0.02354969654923561, norm_groups=8)
Use augmentation for training
Dataset type: 1 Processes to use: 32 
Collecting metadata for ['/localscratch/kaim.53631037.0/MUSDB18HQ/train']
Warning: no tracks found in folder '/localscratch/kaim.53631037.0/MUSDB18HQ/train'. Please check it!
0it [00:00, ?it/s]0it [00:00, ?it/s]
No tracks found for training. Check paths you provided!
[1;34mwandb[0m: 🚀 View run [33mhtdemucs_['/localscratch/kaim.53631037.0/MUSDB18HQ/train']_2025-02-03[0m at: [34mhttps://wandb.ai/kaimikkelsen-mcgill-university/msst/runs/1r9uqmor[0m
[1;34mwandb[0m: Find logs at: [1;35m../../../../../../project/6002780/kaim/Music-Source-Separation-Training/wandb/run-20250203_090907-1r9uqmor/logs[0m
