Running on Mac. Skipping dataset unzipping.
Dataset path set to: ../data/MUSDB18HQ
Running training script for model: htdemucs with dataset at ../data/MUSDB18HQ
[I 2025-02-05 10:26:48,483] A new study created in memory with name: no-name-43c94d32-d47d-4d03-8601-1372420c5f42
wandb: Using wandb-core as the SDK backend. Please refer to https://wandb.me/wandb-core for more information.
wandb: Currently logged in as: kaimikkelsen (kaimikkelsen-mcgill-university). Use `wandb login --relogin` to force relogin
wandb: Appending key for api.wandb.ai to your netrc file: /Users/kaimikkelsen/.netrc
wandb: Tracking run with wandb version 0.18.5
wandb: Run data is saved locally in /Users/kaimikkelsen/canada_compute/Music-Source-Separation-Training/wandb/run-20250205_102649-6yek847h
wandb: Run `wandb offline` to turn off syncing.
wandb: Syncing run htdemucs_['../data/MUSDB18HQ/train']_2025-02-05
wandb: ⭐️ View project at https://wandb.ai/kaimikkelsen-mcgill-university/msst
wandb: 🚀 View run at https://wandb.ai/kaimikkelsen-mcgill-university/msst/runs/6yek847h
Optuna study started
Initializing wandb: Namespace(model_type='htdemucs', config_path='configs/config_musdb18_htdemucs.yaml', start_check_point='', results_path='checkpoints/htdemucs_2025-02-05_10-26-44', data_path=['../data/MUSDB18HQ/train'], dataset_type=1, valid_path=['../data/MUSDB18HQ/validation'], num_workers=4, pin_memory=False, seed=763, device_ids=[0], use_multistft_loss=True, use_mse_loss=False, use_l1_loss=True, wandb_key='689bb384f0f7e0a9dbe275c4ba6458d13265990d', pre_valid=False, metrics=['sdr', 'l1_freq', 'si_sdr', 'neg_log_wmse', 'aura_stft', 'aura_mrstft', 'bleedless', 'fullness'], metric_for_scheduler='sdr', train_lora=False, lora_checkpoint='', lr=0.0004416937169508528, ema_momentum=0.9792416866007486, loudness_min=0.23895408740743265, loudness_max=1.85889969339659, mixup_probs=(0.1, 0.01), mp3_compression_bitrate_min=62, mp3_compression_bitrate_max=143, channels=48, depth=4, t_layers=2, t_hidden_scale=5.6651236933954685, t_heads=11, kernel_size=3, stride=4, t_weight_decay=2.244962968575879e-06, dropout=0.4237077496087994, norm_groups=5)
Use augmentation for training
Dataset type: 1 Processes to use: 8 
Collecting metadata for ['../data/MUSDB18HQ/train']
  0%|          | 0/80 [00:00<?, ?it/s]Traceback (most recent call last):
Traceback (most recent call last):
  File "<string>", line 1, in <module>
  File "<string>", line 1, in <module>
  File "/Library/Frameworks/Python.framework/Versions/3.10/lib/python3.10/multiprocessing/spawn.py", line 116, in spawn_main
  File "/Library/Frameworks/Python.framework/Versions/3.10/lib/python3.10/multiprocessing/spawn.py", line 116, in spawn_main
    exitcode = _main(fd, parent_sentinel)
  File "/Library/Frameworks/Python.framework/Versions/3.10/lib/python3.10/multiprocessing/spawn.py", line 125, in _main
    prepare(preparation_data)
  File "/Library/Frameworks/Python.framework/Versions/3.10/lib/python3.10/multiprocessing/spawn.py", line 236, in prepare
Traceback (most recent call last):
    _fixup_main_from_path(data['init_main_from_path'])
  File "/Library/Frameworks/Python.framework/Versions/3.10/lib/python3.10/multiprocessing/spawn.py", line 287, in _fixup_main_from_path
  File "<string>", line 1, in <module>
Traceback (most recent call last):
  File "<string>", line 1, in <module>
  File "/Library/Frameworks/Python.framework/Versions/3.10/lib/python3.10/multiprocessing/spawn.py", line 116, in spawn_main
  File "/Library/Frameworks/Python.framework/Versions/3.10/lib/python3.10/multiprocessing/spawn.py", line 116, in spawn_main
    exitcode = _main(fd, parent_sentinel)
    exitcode = _main(fd, parent_sentinel)
  File "/Library/Frameworks/Python.framework/Versions/3.10/lib/python3.10/multiprocessing/spawn.py", line 125, in _main
  File "/Library/Frameworks/Python.framework/Versions/3.10/lib/python3.10/multiprocessing/spawn.py", line 125, in _main
    prepare(preparation_data)
  File "/Library/Frameworks/Python.framework/Versions/3.10/lib/python3.10/multiprocessing/spawn.py", line 236, in prepare
    prepare(preparation_data)
  File "/Library/Frameworks/Python.framework/Versions/3.10/lib/python3.10/multiprocessing/spawn.py", line 236, in prepare
    _fixup_main_from_path(data['init_main_from_path'])
  File "/Library/Frameworks/Python.framework/Versions/3.10/lib/python3.10/multiprocessing/spawn.py", line 287, in _fixup_main_from_path
    _fixup_main_from_path(data['init_main_from_path'])
  File "/Library/Frameworks/Python.framework/Versions/3.10/lib/python3.10/multiprocessing/spawn.py", line 287, in _fixup_main_from_path
    main_content = runpy.run_path(main_path,
  File "/Library/Frameworks/Python.framework/Versions/3.10/lib/python3.10/runpy.py", line 269, in run_path
Traceback (most recent call last):
  File "<string>", line 1, in <module>
Traceback (most recent call last):
  File "<string>", line 1, in <module>
  File "/Library/Frameworks/Python.framework/Versions/3.10/lib/python3.10/multiprocessing/spawn.py", line 116, in spawn_main
  File "/Library/Frameworks/Python.framework/Versions/3.10/lib/python3.10/multiprocessing/spawn.py", line 116, in spawn_main
    exitcode = _main(fd, parent_sentinel)
  File "/Library/Frameworks/Python.framework/Versions/3.10/lib/python3.10/multiprocessing/spawn.py", line 125, in _main
    prepare(preparation_data)
  File "/Library/Frameworks/Python.framework/Versions/3.10/lib/python3.10/multiprocessing/spawn.py", line 236, in prepare
    return _run_module_code(code, init_globals, run_name,
  File "/Library/Frameworks/Python.framework/Versions/3.10/lib/python3.10/runpy.py", line 96, in _run_module_code
    _fixup_main_from_path(data['init_main_from_path'])
  File "/Library/Frameworks/Python.framework/Versions/3.10/lib/python3.10/multiprocessing/spawn.py", line 287, in _fixup_main_from_path
    _run_code(code, mod_globals, init_globals,
  File "/Library/Frameworks/Python.framework/Versions/3.10/lib/python3.10/runpy.py", line 86, in _run_code
    main_content = runpy.run_path(main_path,
  File "/Library/Frameworks/Python.framework/Versions/3.10/lib/python3.10/runpy.py", line 269, in run_path
    return _run_module_code(code, init_globals, run_name,
  File "/Library/Frameworks/Python.framework/Versions/3.10/lib/python3.10/runpy.py", line 96, in _run_module_code
    exec(code, run_globals)
  File "/Users/kaimikkelsen/canada_compute/Music-Source-Separation-Training/train_optuna.py", line 10, in <module>
    exitcode = _main(fd, parent_sentinel)
  File "/Library/Frameworks/Python.framework/Versions/3.10/lib/python3.10/multiprocessing/spawn.py", line 125, in _main
    import wandb
  File "/Users/kaimikkelsen/canada_compute/Music-Source-Separation-Training/separation_env/lib/python3.10/site-packages/wandb/__init__.py", line 21, in <module>
    prepare(preparation_data)
  File "/Library/Frameworks/Python.framework/Versions/3.10/lib/python3.10/multiprocessing/spawn.py", line 236, in prepare
    _fixup_main_from_path(data['init_main_from_path'])
  File "/Library/Frameworks/Python.framework/Versions/3.10/lib/python3.10/multiprocessing/spawn.py", line 287, in _fixup_main_from_path
    main_content = runpy.run_path(main_path,
Traceback (most recent call last):
  File "<string>", line 1, in <module>
  File "/Library/Frameworks/Python.framework/Versions/3.10/lib/python3.10/multiprocessing/spawn.py", line 116, in spawn_main
  File "/Library/Frameworks/Python.framework/Versions/3.10/lib/python3.10/runpy.py", line 269, in run_path
    exitcode = _main(fd, parent_sentinel)
  File "/Library/Frameworks/Python.framework/Versions/3.10/lib/python3.10/multiprocessing/spawn.py", line 125, in _main
    return _run_module_code(code, init_globals, run_name,
  File "/Library/Frameworks/Python.framework/Versions/3.10/lib/python3.10/runpy.py", line 96, in _run_module_code
    prepare(preparation_data)
  File "/Library/Frameworks/Python.framework/Versions/3.10/lib/python3.10/multiprocessing/spawn.py", line 236, in prepare
    _run_code(code, mod_globals, init_globals,
  File "/Library/Frameworks/Python.framework/Versions/3.10/lib/python3.10/runpy.py", line 86, in _run_code
    _fixup_main_from_path(data['init_main_from_path'])
  File "/Library/Frameworks/Python.framework/Versions/3.10/lib/python3.10/multiprocessing/spawn.py", line 287, in _fixup_main_from_path
    exec(code, run_globals)
  File "/Users/kaimikkelsen/canada_compute/Music-Source-Separation-Training/train_optuna.py", line 9, in <module>
    from wandb import sdk as wandb_sdk
  File "/Users/kaimikkelsen/canada_compute/Music-Source-Separation-Training/separation_env/lib/python3.10/site-packages/wandb/sdk/__init__.py", line 24, in <module>
    main_content = runpy.run_path(main_path,
  File "/Library/Frameworks/Python.framework/Versions/3.10/lib/python3.10/runpy.py", line 269, in run_path
    import torch
  File "/Users/kaimikkelsen/canada_compute/Music-Source-Separation-Training/separation_env/lib/python3.10/site-packages/torch/__init__.py", line 2486, in <module>
    main_content = runpy.run_path(main_path,
  File "/Library/Frameworks/Python.framework/Versions/3.10/lib/python3.10/runpy.py", line 269, in run_path
    return _run_module_code(code, init_globals, run_name,
  File "/Library/Frameworks/Python.framework/Versions/3.10/lib/python3.10/runpy.py", line 96, in _run_module_code
    _run_code(code, mod_globals, init_globals,
    return _run_module_code(code, init_globals, run_name,
  File "/Library/Frameworks/Python.framework/Versions/3.10/lib/python3.10/runpy.py", line 86, in _run_code
  File "/Library/Frameworks/Python.framework/Versions/3.10/lib/python3.10/runpy.py", line 96, in _run_module_code
    exec(code, run_globals)
  File "/Users/kaimikkelsen/canada_compute/Music-Source-Separation-Training/train_optuna.py", line 9, in <module>
    _run_code(code, mod_globals, init_globals,
  File "/Library/Frameworks/Python.framework/Versions/3.10/lib/python3.10/runpy.py", line 86, in _run_code
    import torch
  File "<frozen importlib._bootstrap>", line 1027, in _find_and_load
    exec(code, run_globals)
  File "/Users/kaimikkelsen/canada_compute/Music-Source-Separation-Training/train_optuna.py", line 10, in <module>
  File "<frozen importlib._bootstrap>", line 1006, in _find_and_load_unlocked
  File "<frozen importlib._bootstrap>", line 688, in _load_unlocked
    from . import wandb_helper as helper
  File "/Users/kaimikkelsen/canada_compute/Music-Source-Separation-Training/separation_env/lib/python3.10/site-packages/wandb/sdk/wandb_helper.py", line 6, in <module>
KeyboardInterrupt
Traceback (most recent call last):
  File "<string>", line 1, in <module>
    from torch import _meta_registrations
  File "/Users/kaimikkelsen/canada_compute/Music-Source-Separation-Training/separation_env/lib/python3.10/site-packages/torch/_meta_registrations.py", line 6636, in <module>
  File "/Library/Frameworks/Python.framework/Versions/3.10/lib/python3.10/multiprocessing/spawn.py", line 116, in spawn_main
    exitcode = _main(fd, parent_sentinel)
  File "/Library/Frameworks/Python.framework/Versions/3.10/lib/python3.10/multiprocessing/spawn.py", line 125, in _main
    prepare(preparation_data)
  File "/Library/Frameworks/Python.framework/Versions/3.10/lib/python3.10/multiprocessing/spawn.py", line 236, in prepare
    main_content = runpy.run_path(main_path,
    _fixup_main_from_path(data['init_main_from_path'])
  File "/Library/Frameworks/Python.framework/Versions/3.10/lib/python3.10/runpy.py", line 269, in run_path
  File "/Library/Frameworks/Python.framework/Versions/3.10/lib/python3.10/multiprocessing/spawn.py", line 287, in _fixup_main_from_path
    exitcode = _main(fd, parent_sentinel)
  File "/Library/Frameworks/Python.framework/Versions/3.10/lib/python3.10/multiprocessing/spawn.py", line 125, in _main
    prepare(preparation_data)
    return _run_module_code(code, init_globals, run_name,
  File "/Library/Frameworks/Python.framework/Versions/3.10/lib/python3.10/multiprocessing/spawn.py", line 236, in prepare
  File "/Library/Frameworks/Python.framework/Versions/3.10/lib/python3.10/runpy.py", line 96, in _run_module_code
    main_content = runpy.run_path(main_path,
  File "/Library/Frameworks/Python.framework/Versions/3.10/lib/python3.10/runpy.py", line 269, in run_path
    _run_code(code, mod_globals, init_globals,
  File "/Library/Frameworks/Python.framework/Versions/3.10/lib/python3.10/runpy.py", line 86, in _run_code
    _fixup_main_from_path(data['init_main_from_path'])
  File "/Library/Frameworks/Python.framework/Versions/3.10/lib/python3.10/multiprocessing/spawn.py", line 287, in _fixup_main_from_path
    exec(code, run_globals)
  File "/Users/kaimikkelsen/canada_compute/Music-Source-Separation-Training/train_optuna.py", line 10, in <module>
    import wandb
  File "/Users/kaimikkelsen/canada_compute/Music-Source-Separation-Training/separation_env/lib/python3.10/site-packages/wandb/__init__.py", line 21, in <module>
    import wandb
  File "/Users/kaimikkelsen/canada_compute/Music-Source-Separation-Training/separation_env/lib/python3.10/site-packages/wandb/__init__.py", line 21, in <module>
    from wandb import sdk as wandb_sdk
  File "/Users/kaimikkelsen/canada_compute/Music-Source-Separation-Training/separation_env/lib/python3.10/site-packages/wandb/sdk/__init__.py", line 24, in <module>
    from wandb import sdk as wandb_sdk
  File "/Users/kaimikkelsen/canada_compute/Music-Source-Separation-Training/separation_env/lib/python3.10/site-packages/wandb/sdk/__init__.py", line 24, in <module>
    from . import wandb_helper as helper
  File "/Users/kaimikkelsen/canada_compute/Music-Source-Separation-Training/separation_env/lib/python3.10/site-packages/wandb/sdk/wandb_helper.py", line 6, in <module>
    _run_code(code, mod_globals, init_globals,
  File "/Library/Frameworks/Python.framework/Versions/3.10/lib/python3.10/runpy.py", line 86, in _run_code
    return _run_module_code(code, init_globals, run_name,
    from . import wandb_helper as helper
  File "/Users/kaimikkelsen/canada_compute/Music-Source-Separation-Training/separation_env/lib/python3.10/site-packages/wandb/sdk/wandb_helper.py", line 6, in <module>
    from .lib import config_util
  File "/Users/kaimikkelsen/canada_compute/Music-Source-Separation-Training/separation_env/lib/python3.10/site-packages/wandb/sdk/lib/__init__.py", line 2, in <module>
  File "/Library/Frameworks/Python.framework/Versions/3.10/lib/python3.10/runpy.py", line 96, in _run_module_code
    from .lib import config_util
  File "/Users/kaimikkelsen/canada_compute/Music-Source-Separation-Training/separation_env/lib/python3.10/site-packages/wandb/sdk/lib/__init__.py", line 2, in <module>
    _run_code(code, mod_globals, init_globals,
  File "/Library/Frameworks/Python.framework/Versions/3.10/lib/python3.10/runpy.py", line 86, in _run_code
    exec(code, run_globals)
  File "/Users/kaimikkelsen/canada_compute/Music-Source-Separation-Training/train_optuna.py", line 9, in <module>
    import torch
  File "/Users/kaimikkelsen/canada_compute/Music-Source-Separation-Training/separation_env/lib/python3.10/site-packages/torch/__init__.py", line 2486, in <module>
    activate_meta()
  File "/Users/kaimikkelsen/canada_compute/Music-Source-Separation-Training/separation_env/lib/python3.10/site-packages/torch/_meta_registrations.py", line 6590, in activate_meta
    from .lib import config_util
  File "/Users/kaimikkelsen/canada_compute/Music-Source-Separation-Training/separation_env/lib/python3.10/site-packages/wandb/sdk/lib/__init__.py", line 2, in <module>
    main_content = runpy.run_path(main_path,
  File "/Library/Frameworks/Python.framework/Versions/3.10/lib/python3.10/runpy.py", line 269, in run_path
    return _run_module_code(code, init_globals, run_name,
  File "/Library/Frameworks/Python.framework/Versions/3.10/lib/python3.10/runpy.py", line 96, in _run_module_code
    from .disabled import RunDisabled, SummaryDisabled
  File "/Users/kaimikkelsen/canada_compute/Music-Source-Separation-Training/separation_env/lib/python3.10/site-packages/wandb/sdk/lib/disabled.py", line 3, in <module>
    from .disabled import RunDisabled, SummaryDisabled
  File "/Users/kaimikkelsen/canada_compute/Music-Source-Separation-Training/separation_env/lib/python3.10/site-packages/wandb/sdk/lib/disabled.py", line 3, in <module>
    exec(code, run_globals)
    _run_code(code, mod_globals, init_globals,
  File "/Library/Frameworks/Python.framework/Versions/3.10/lib/python3.10/runpy.py", line 86, in _run_code
  File "/Users/kaimikkelsen/canada_compute/Music-Source-Separation-Training/train_optuna.py", line 10, in <module>
    exec(code, run_globals)
  File "/Users/kaimikkelsen/canada_compute/Music-Source-Separation-Training/train_optuna.py", line 9, in <module>
    import wandb
  File "/Users/kaimikkelsen/canada_compute/Music-Source-Separation-Training/separation_env/lib/python3.10/site-packages/wandb/__init__.py", line 21, in <module>
    import torch
  File "/Users/kaimikkelsen/canada_compute/Music-Source-Separation-Training/separation_env/lib/python3.10/site-packages/torch/__init__.py", line 2665, in <module>
    from wandb import sdk as wandb_sdk
  File "/Users/kaimikkelsen/canada_compute/Music-Source-Separation-Training/separation_env/lib/python3.10/site-packages/wandb/sdk/__init__.py", line 24, in <module>
    from wandb.sdk.lib import deprecate
  File "/Users/kaimikkelsen/canada_compute/Music-Source-Separation-Training/separation_env/lib/python3.10/site-packages/wandb/sdk/lib/deprecate.py", line 7, in <module>
    from . import wandb_helper as helper
  File "/Users/kaimikkelsen/canada_compute/Music-Source-Separation-Training/separation_env/lib/python3.10/site-packages/wandb/sdk/wandb_helper.py", line 6, in <module>
    from .lib import config_util
  File "/Users/kaimikkelsen/canada_compute/Music-Source-Separation-Training/separation_env/lib/python3.10/site-packages/wandb/sdk/lib/__init__.py", line 2, in <module>
    from .disabled import RunDisabled, SummaryDisabled
    from .disabled import RunDisabled, SummaryDisabled
  File "/Users/kaimikkelsen/canada_compute/Music-Source-Separation-Training/separation_env/lib/python3.10/site-packages/wandb/sdk/lib/disabled.py", line 3, in <module>
  File "/Users/kaimikkelsen/canada_compute/Music-Source-Separation-Training/separation_env/lib/python3.10/site-packages/wandb/sdk/lib/disabled.py", line 3, in <module>
    from wandb.sdk.lib import deprecate
  File "/Users/kaimikkelsen/canada_compute/Music-Source-Separation-Training/separation_env/lib/python3.10/site-packages/wandb/sdk/lib/deprecate.py", line 7, in <module>
    from wandb.sdk.lib import deprecate
  File "/Users/kaimikkelsen/canada_compute/Music-Source-Separation-Training/separation_env/lib/python3.10/site-packages/wandb/sdk/lib/deprecate.py", line 7, in <module>
    from wandb.sdk.lib import deprecate
  File "/Users/kaimikkelsen/canada_compute/Music-Source-Separation-Training/separation_env/lib/python3.10/site-packages/wandb/sdk/lib/deprecate.py", line 7, in <module>
    from wandb.proto.wandb_telemetry_pb2 import Deprecated as TelemetryDeprecated
  File "/Users/kaimikkelsen/canada_compute/Music-Source-Separation-Training/separation_env/lib/python3.10/site-packages/wandb/proto/wandb_telemetry_pb2.py", line 1, in <module>
    from wandb.proto.wandb_telemetry_pb2 import Deprecated as TelemetryDeprecated
  File "/Users/kaimikkelsen/canada_compute/Music-Source-Separation-Training/separation_env/lib/python3.10/site-packages/wandb/proto/wandb_telemetry_pb2.py", line 1, in <module>
    from wandb.proto.wandb_telemetry_pb2 import Deprecated as TelemetryDeprecated
  File "<frozen importlib._bootstrap>", line 1027, in _find_and_load
  File "<frozen importlib._bootstrap>", line 1006, in _find_and_load_unlocked
    from torch import _meta_registrations
  File "/Users/kaimikkelsen/canada_compute/Music-Source-Separation-Training/separation_env/lib/python3.10/site-packages/torch/_meta_registrations.py", line 6636, in <module>
  File "<frozen importlib._bootstrap>", line 688, in _load_unlocked
  File "<frozen importlib._bootstrap_external>", line 879, in exec_module
  File "<frozen importlib._bootstrap_external>", line 975, in get_code
  File "<frozen importlib._bootstrap_external>", line 1074, in get_data
KeyboardInterrupt
    _import_device_backends()
  File "/Users/kaimikkelsen/canada_compute/Music-Source-Separation-Training/separation_env/lib/python3.10/site-packages/torch/__init__.py", line 2626, in _import_device_backends
    import google.protobuf
  File "<frozen importlib._bootstrap>", line 1027, in _find_and_load
    import google.protobuf
  File "<frozen importlib._bootstrap>", line 1027, in _find_and_load
  File "<frozen importlib._bootstrap>", line 1002, in _find_and_load_unlocked
  File "<frozen importlib._bootstrap>", line 1002, in _find_and_load_unlocked
  File "<frozen importlib._bootstrap>", line 945, in _find_spec
  File "<frozen importlib._bootstrap>", line 945, in _find_spec
  File "<frozen importlib._bootstrap_external>", line 1430, in find_spec
  File "<frozen importlib._bootstrap_external>", line 1430, in find_spec
  File "<frozen importlib._bootstrap_external>", line 1396, in _get_spec
  File "<frozen importlib._bootstrap_external>", line 1396, in _get_spec
  File "<frozen importlib._bootstrap_external>", line 1249, in __iter__
  File "<frozen importlib._bootstrap_external>", line 1249, in __iter__
  File "<frozen importlib._bootstrap_external>", line 1239, in _recalculate
  File "<frozen importlib._bootstrap_external>", line 1239, in _recalculate
  File "<frozen importlib._bootstrap_external>", line 1402, in _get_spec
  File "<frozen importlib._bootstrap_external>", line 1402, in _get_spec
  File "<frozen importlib._bootstrap_external>", line 1549, in find_spec
  File "<frozen importlib._bootstrap_external>", line 1549, in find_spec
KeyboardInterrupt
KeyboardInterrupt
    if torch._C._dispatch_has_kernel_for_dispatch_key(
KeyboardInterrupt
    from wandb.proto.wandb_telemetry_pb2 import Deprecated as TelemetryDeprecated
  File "<frozen importlib._bootstrap>", line 1027, in _find_and_load
  File "<frozen importlib._bootstrap>", line 1006, in _find_and_load_unlocked
  File "<frozen importlib._bootstrap>", line 688, in _load_unlocked
    activate_meta()
  File "/Users/kaimikkelsen/canada_compute/Music-Source-Separation-Training/separation_env/lib/python3.10/site-packages/torch/_meta_registrations.py", line 6590, in activate_meta
  File "<frozen importlib._bootstrap_external>", line 879, in exec_module
  File "<frozen importlib._bootstrap_external>", line 975, in get_code
  File "<frozen importlib._bootstrap_external>", line 1074, in get_data
KeyboardInterrupt
    from importlib.metadata import entry_points
  File "/Library/Frameworks/Python.framework/Versions/3.10/lib/python3.10/importlib/metadata/__init__.py", line 59, in <module>
    class Sectioned:
  File "/Library/Frameworks/Python.framework/Versions/3.10/lib/python3.10/importlib/metadata/__init__.py", line 88, in Sectioned
    _sample = textwrap.dedent(
  File "/Library/Frameworks/Python.framework/Versions/3.10/lib/python3.10/textwrap.py", line 469, in dedent
    if torch._C._dispatch_has_kernel_for_dispatch_key(
KeyboardInterrupt
    text = re.sub(r'(?m)^' + margin, '', text)
  File "/Library/Frameworks/Python.framework/Versions/3.10/lib/python3.10/re.py", line 202, in sub
    def sub(pattern, repl, string, count=0, flags=0):
KeyboardInterrupt
  0%|          | 0/80 [00:02<?, ?it/s]
[W 2025-02-05 10:26:52,657] Trial 0 failed with parameters: {'seed': 763, 'use_multistft_loss': True, 'use_mse_loss': False, 'use_l1_loss': True, 'batch_size': 8, 'grad_accum_steps': 1, 'lr': 0.0004416937169508528, 'optimizer': 'rmsprop', 'ema_momentum': 0.9792416866007486, 'patience': 9, 'reduce_factor': 0.24311610386548785, 'loudness_min': 0.23895408740743265, 'loudness_max': 1.85889969339659, 'mixup_probs': (0.1, 0.01), 'mp3_bitrate_min': 62, 'mp3_bitrate_max': 143, 'channels': 48, 'depth': 4, 't_layers': 2, 't_hidden_scale': 5.6651236933954685, 't_heads': 11, 'kernel_size': 3, 'stride': 4, 'weight_decay': 2.244962968575879e-06, 'dropout': 0.4237077496087994, 'norm_groups': 5} because of the following error: KeyboardInterrupt().
Traceback (most recent call last):
  File "/Library/Frameworks/Python.framework/Versions/3.10/lib/python3.10/multiprocessing/pool.py", line 853, in next
    item = self._items.popleft()
IndexError: pop from an empty deque

During handling of the above exception, another exception occurred:

Traceback (most recent call last):
  File "/Users/kaimikkelsen/canada_compute/Music-Source-Separation-Training/separation_env/lib/python3.10/site-packages/optuna/study/_optimize.py", line 197, in _run_trial
    value_or_values = func(trial)
  File "/Users/kaimikkelsen/canada_compute/Music-Source-Separation-Training/train_optuna.py", line 723, in <lambda>
    study.optimize(lambda trial: objective(trial, None), n_trials=100)
  File "/Users/kaimikkelsen/canada_compute/Music-Source-Separation-Training/train_optuna.py", line 654, in objective
    train_loader = prepare_data(config, args, batch_size)
  File "/Users/kaimikkelsen/canada_compute/Music-Source-Separation-Training/train_optuna.py", line 165, in prepare_data
    trainset = MSSDataset(
  File "/Users/kaimikkelsen/canada_compute/Music-Source-Separation-Training/dataset.py", line 98, in __init__
    metadata = self.get_metadata()
  File "/Users/kaimikkelsen/canada_compute/Music-Source-Separation-Training/dataset.py", line 179, in get_metadata
    for track_path, track_length in track_iter:
  File "/Library/Frameworks/Python.framework/Versions/3.10/lib/python3.10/multiprocessing/pool.py", line 858, in next
    self._cond.wait(timeout)
  File "/Library/Frameworks/Python.framework/Versions/3.10/lib/python3.10/threading.py", line 320, in wait
    waiter.acquire()
KeyboardInterrupt
[W 2025-02-05 10:26:52,686] Trial 0 failed with value None.
Traceback (most recent call last):
  File "/Library/Frameworks/Python.framework/Versions/3.10/lib/python3.10/multiprocessing/pool.py", line 853, in next
    item = self._items.popleft()
IndexError: pop from an empty deque

During handling of the above exception, another exception occurred:

Traceback (most recent call last):
  File "/Users/kaimikkelsen/canada_compute/Music-Source-Separation-Training/train_optuna.py", line 723, in <module>
    study.optimize(lambda trial: objective(trial, None), n_trials=100)
  File "/Users/kaimikkelsen/canada_compute/Music-Source-Separation-Training/separation_env/lib/python3.10/site-packages/optuna/study/study.py", line 475, in optimize
    _optimize(
  File "/Users/kaimikkelsen/canada_compute/Music-Source-Separation-Training/separation_env/lib/python3.10/site-packages/optuna/study/_optimize.py", line 63, in _optimize
    _optimize_sequential(
  File "/Users/kaimikkelsen/canada_compute/Music-Source-Separation-Training/separation_env/lib/python3.10/site-packages/optuna/study/_optimize.py", line 160, in _optimize_sequential
    frozen_trial = _run_trial(study, func, catch)
  File "/Users/kaimikkelsen/canada_compute/Music-Source-Separation-Training/separation_env/lib/python3.10/site-packages/optuna/study/_optimize.py", line 248, in _run_trial
    raise func_err
  File "/Users/kaimikkelsen/canada_compute/Music-Source-Separation-Training/separation_env/lib/python3.10/site-packages/optuna/study/_optimize.py", line 197, in _run_trial
    value_or_values = func(trial)
  File "/Users/kaimikkelsen/canada_compute/Music-Source-Separation-Training/train_optuna.py", line 723, in <lambda>
    study.optimize(lambda trial: objective(trial, None), n_trials=100)
  File "/Users/kaimikkelsen/canada_compute/Music-Source-Separation-Training/train_optuna.py", line 654, in objective
    train_loader = prepare_data(config, args, batch_size)
  File "/Users/kaimikkelsen/canada_compute/Music-Source-Separation-Training/train_optuna.py", line 165, in prepare_data
    trainset = MSSDataset(
  File "/Users/kaimikkelsen/canada_compute/Music-Source-Separation-Training/dataset.py", line 98, in __init__
    metadata = self.get_metadata()
  File "/Users/kaimikkelsen/canada_compute/Music-Source-Separation-Training/dataset.py", line 179, in get_metadata
    for track_path, track_length in track_iter:
  File "/Library/Frameworks/Python.framework/Versions/3.10/lib/python3.10/multiprocessing/pool.py", line 858, in next
    self._cond.wait(timeout)
  File "/Library/Frameworks/Python.framework/Versions/3.10/lib/python3.10/threading.py", line 320, in wait
    waiter.acquire()
KeyboardInterrupt
[1;34mwandb[0m: 🚀 View run [33mhtdemucs_['../data/MUSDB18HQ/train']_2025-02-05[0m at: [34mhttps://wandb.ai/kaimikkelsen-mcgill-university/msst/runs/6yek847h[0m
[1;34mwandb[0m: Find logs at: [1;35mwandb/run-20250205_102649-6yek847h/logs[0m
