Moving ../data/MUSDB18HQ.zip to /localscratch/kaim.53181160.0 for faster access
Unzipping dataset in /localscratch/kaim.53181160.0
file #1:  bad zipfile offset (local header sig):  0
Initial unzip failed. Attempting to repair the zip file.
Fix archive (-FF) - salvage what can
 Found end record (EOCDR) - says expect single disk archive
Scanning for entries...
 copying: train/Young Griffo - Pennies/drums.wav  (36287157 bytes)
 copying: train/Young Griffo - Pennies/other.wav  (37744488 bytes)
 copying: train/Young Griffo - Pennies/vocals.wav  (22340695 bytes)
 copying: train/Young Griffo - Pennies/mixture.wav  (41886497 bytes)
 copying: train/Music Delta - Punk/  (0 bytes)
 copying: train/Music Delta - Punk/bass.wav  (3889156 bytes)
 copying: train/Music Delta - Punk/drums.wav  (4696545 bytes)
 copying: train/Music Delta - Punk/other.wav  (4558635 bytes)
 copying: train/Music Delta - Punk/vocals.wav  (3876111 bytes)
 copying: train/Music Delta - Punk/mixture.wav  (4880285 bytes)
 copying: train/Atlantis Bound - It Was My Fault For Waiting/  (0 bytes)
 copying: train/Atlantis Bound - It Was My Fault For Waiting/bass.wav  (32458604 bytes)
 copying: train/Atlantis Bound - It Was My Fault For Waiting/drums.wav  (31264742 bytes)
 copying: train/Atlantis Bound - It Was My Fault For Waiting/other.wav  (36315943 bytes)
 copying: train/Atlantis Bound - It Was My Fault For Waiting/vocals.wav  (30891631 bytes)
 copying: train/Atlantis Bound - It Was My Fault For Waiting/mixture.wav  (38645669 bytes)
 copying: train/Port St Willow - Stay Even/  (0 bytes)
 copying: train/Port St Willow - Stay Even/bass.wav  (20128126 bytes)
 copying: train/Port St Willow - Stay Even/drums.wav  (41409382 bytes)
 copying: train/Port St Willow - Stay Even/other.wav  (49290769 bytes)
 copying: train/Port St Willow - Stay Even/vocals.wav  (35597679 bytes)
 copying: train/Port St Willow - Stay Even/mixture.wav  (50527349 bytes)
 copying: train/Secret Mountains - High Horse/  (0 bytes)
 copying: train/Secret Mountains - High Horse/bass.wav  (51831633 bytes)
 copying: train/Secret Mountains - High Horse/drums.wav  (48465426 bytes)
 copying: train/Secret Mountains - High Horse/other.wav  (57296348 bytes)
 copying: train/Secret Mountains - High Horse/vocals.wav  (39239687 bytes)
 copying: train/Secret Mountains - High Horse/mixture.wav  (58643424 bytes)
 copying: train/Music Delta - Gospel/  (0 bytes)
 copying: train/Music Delta - Gospel/bass.wav  (5717729 bytes)
 copying: train/Music Delta - Gospel/drums.wav  (11012339 bytes)
 copying: train/Music Delta - Gospel/other.wav  (9376519 bytes)
 copying: train/Music Delta - Gospel/vocals.wav  (11455544 bytes)
 copying: train/Music Delta - Gospel/mixture.wav  (12678988 bytes)
 copying: train/Meaxic - Take A Step/  (0 bytes)
 copying: train/Meaxic - Take A Step/bass.wav  (36679223 bytes)
 copying: train/Meaxic - Take A Step/drums.wav  (42751553 bytes)
 copying: train/Meaxic - Take A Step/other.wav  (43142508 bytes)
 copying: train/Meaxic - Take A Step/vocals.wav  (33540180 bytes)
 copying: train/Meaxic - Take A Step/mixture.wav  (46712256 bytes)
 copying: train/James May - All Souls Moon/  (0 bytes)
 copying: train/James May - All Souls Moon/bass.wav  (29887444 bytes)
 copying: train/James May - All Souls Moon/drums.wav  (19917343 bytes)
 copying: train/James May - All Souls Moon/other.wav  (31969797 bytes)
 copying: train/James May - All Souls Moon/vocals.wav  (17526200 bytes)
 copying: train/James May - All Souls Moon/mixture.wav  (34040542 bytes)
 copying: train/Fergessen - The Wind/  (0 bytes)
 copying: train/Fergessen - The Wind/bass.wav  (13754839 bytes)
 copying: train/Fergessen - The Wind/drums.wav  (25981555 bytes)
 copying: train/Fergessen - The Wind/other.wav  (29084256 bytes)
 copying: train/Fergessen - The Wind/vocals.wav  (19861934 bytes)
 copying: train/Fergessen - The Wind/mixture.wav  (30137479 bytes)
 copying: train/The Districts - Vermont/  (0 bytes)
 copying: train/The Districts - Vermont/bass.wav  (17917155 bytes)
 copying: train/The Districts - Vermont/drums.wav  (27211687 bytes)
 copying: train/The Districts - Vermont/other.wav  (36256302 bytes)
 copying: train/The Districts - Vermont/vocals.wav  (29152617 bytes)
 copying: train/The Districts - Vermont/mixture.wav  (37145360 bytes)
 copying: train/Hezekiah Jones - Borrowed Heart/  (0 bytes)
 copying: train/Hezekiah Jones - Borrowed Heart/bass.wav  (31706278 bytes)
 copying: train/Hezekiah Jones - Borrowed Heart/drums.wav  (34935171 bytes)
 copying: train/Hezekiah Jones - Borrowed Heart/other.wav  (38687540 bytes)
 copying: train/Hezekiah Jones - Borrowed Heart/vocals.wav  (32955440 bytes)
 copying: train/Hezekiah Jones - Borrowed Heart/mixture.wav  (39743405 bytes)
 copying: train/Creepoid - OldTree/  (0 bytes)
 copying: train/Creepoid - OldTree/bass.wav  (42658090 bytes)
 copying: train/Creepoid - OldTree/drums.wav  (44917094 bytes)
 copying: train/Creepoid - OldTree/other.wav  (46146124 bytes)
 copying: train/Creepoid - OldTree/vocals.wav  (31736013 bytes)
 copying: train/Creepoid - OldTree/mixture.wav  (49621192 bytes)
 copying: train/Patrick Talbot - Set Me Free/  (0 bytes)
 copying: train/Patrick Talbot - Set Me Free/bass.wav  (33775035 bytes)
 copying: train/Patrick Talbot - Set Me Free/drums.wav  (34662120 bytes)
 copying: train/Patrick Talbot - Set Me Free/other.wav  (43102214 bytes)
 copying: train/Patrick Talbot - Set Me Free/vocals.wav  (16162398 bytes)
 copying: train/Patrick Talbot - Set Me Free/mixture.wav  (45434615 bytes)
 copying: train/Night Panther - Fire/  (0 bytes)
 copying: train/Night Panther - Fire/bass.wav  (25123453 bytes)
 copying: train/Night Panther - Fire/drums.wav  (31075856 bytes)
 copying: train/Night Panther - Fire/other.wav  (32875082 bytes)
 copying: train/Night Panther - Fire/vocals.wav  (28833096 bytes)
 copying: train/Night Panther - Fire/mixture.wav  (34801006 bytes)
 copying: train/Traffic Experiment - Once More (With Feeling)/  (0 bytes)
 copying: train/Traffic Experiment - Once More (With Feeling)/bass.wav  (61353106 bytes)
 copying: train/Traffic Experiment - Once More (With Feeling)/drums.wav  (57110599 bytes)
 copying: train/Traffic Experiment - Once More (With Feeling)/other.wav  (64507297 bytes)
 copying: train/Traffic Experiment - Once More (With Feeling)/vocals.wav  (40772968 bytes)
 copying: train/Traffic Experiment - Once More (With Feeling)/mixture.wav  (66997237 bytes)
 copying: train/Dreamers Of The Ghetto - Heavy Love/  (0 bytes)
 copying: train/Dreamers Of The Ghetto - Heavy Love/bass.wav  (25310224 bytes)
 copying: train/Dreamers Of The Ghetto - Heavy Love/drums.wav  (33379118 bytes)
 copying: train/Dreamers Of The Ghetto - Heavy Love/other.wav  (44761995 bytes)
 copying: train/Dreamers Of The Ghetto - Heavy Love/vocals.wav  (33639600 bytes)
 copying: train/Dreamers Of The Ghetto - Heavy Love/mixture.wav  (47180134 bytes)
 copying: train/Grants - PunchDrunk/  (0 bytes)
 copying: train/Grants - PunchDrunk/bass.wav  (28060192 bytes)
 copying: train/Grants - PunchDrunk/drums.wav  (26992866 bytes)
 copying: train/Grants - PunchDrunk/other.wav  (23177012 bytes)
 copying: train/Grants - PunchDrunk/vocals.wav  (24325283 bytes)
 copying: train/Grants - PunchDrunk/mixture.wav  (32797435 bytes)
 copying: train/James May - On The Line/  (0 bytes)
 copying: train/James May - On The Line/bass.wav  (33776367 bytes)
 copying: train/James May - On The Line/drums.wav  (36064055 bytes)
 copying: train/James May - On The Line/other.wav  (39635327 bytes)
 copying: train/James May - On The Line/vocals.wav  (24886922 bytes)
 copying: train/James May - On The Line/mixture.wav  (41736615 bytes)
 copying: train/Young Griffo - Facade/  (0 bytes)
 copying: train/Young Griffo - Facade/bass.wav  (22556297 bytes)
 copying: train/Young Griffo - Facade/drums.wav  (23871066 bytes)
 copying: train/Young Griffo - Facade/other.wav  (26155124 bytes)
 copying: train/Young Griffo - Facade/vocals.wav  (18029636 bytes)
 copying: train/Young Griffo - Facade/mixture.wav  (27379829 bytes)
 copying: train/Angela Thomas Wade - Milk Cow Blues/  (0 bytes)
 copying: train/Angela Thomas Wade - Milk Cow Blues/bass.wav  (27094688 bytes)
 copying: train/Angela Thomas Wade - Milk Cow Blues/drums.wav  (29584699 bytes)
 copying: train/Angela Thomas Wade - Milk Cow Blues/other.wav  (32481539 bytes)
 copying: train/Angela Thomas Wade - Milk Cow Blues/vocals.wav  (16808102 bytes)
 copying: train/Angela Thomas Wade - Milk Cow Blues/mixture.wav  (33818506 bytes)
 copying: train/Leaf - Wicked/  (0 bytes)
 copying: train/Leaf - Wicked/bass.wav  (27617185 bytes)
 copying: train/Leaf - Wicked/drums.wav  (27025254 bytes)
 copying: train/Leaf - Wicked/other.wav  (27350438 bytes)
 copying: train/Leaf - Wicked/vocals.wav  (18017033 bytes)
 copying: train/Leaf - Wicked/mixture.wav  (29972125 bytes)
 copying: train/A Classic Education - NightOwl/  (0 bytes)
 copying: train/A Classic Education - NightOwl/bass.wav  (21793093 bytes)
 copying: train/A Classic Education - NightOwl/drums.wav  (19264289 bytes)
 copying: train/A Classic Education - NightOwl/other.wav  (26109201 bytes)
 copying: train/A Classic Education - NightOwl/vocals.wav  (18830519 bytes)
 copying: train/A Classic Education - NightOwl/mixture.wav  (28279972 bytes)
 copying: train/Actions - One Minute Smile/  (0 bytes)
 copying: train/Actions - One Minute Smile/bass.wav  (11350288 bytes)
 copying: train/Actions - One Minute Smile/drums.wav  (24838618 bytes)
 copying: train/Actions - One Minute Smile/other.wav  (25179926 bytes)
 copying: train/Actions - One Minute Smile/vocals.wav  (25776146 bytes)
 copying: train/Actions - One Minute Smile/mixture.wav  (26992061 bytes)
 copying: train/Remember December - C U Next Time/  (0 bytes)
 copying: train/Remember December - C U Next Time/bass.wav  (34029792 bytes)
 copying: train/Remember December - C U Next Time/drums.wav  (34245376 bytes)
 copying: train/Remember December - C U Next Time/other.wav  (36275427 bytes)
 copying: train/Remember December - C U Next Time/vocals.wav  (31588259 bytes)
 copying: train/Remember December - C U Next Time/mixture.wav  (37644761 bytes)
 copying: train/Phre The Eon - Everybody's Falling Apart/  (0 bytes)
 copying: train/Phre The Eon - Everybody's Falling Apart/bass.wav  (30390347 bytes)
 copying: train/Phre The Eon - Everybody's Falling Apart/drums.wav  (32812652 bytes)
 copying: train/Phre The Eon - Everybody's Falling Apart/other.wav  (33924528 bytes)
 copying: train/Phre The Eon - Everybody's Falling Apart/vocals.wav  (15200918 bytes)
 copying: train/Phre The Eon - Everybody's Falling Apart/mixture.wav  (36748327 bytes)
 copying: train/Cnoc An Tursa - Bannockburn/  (0 bytes)
 copying: train/Cnoc An Tursa - Bannockburn/bass.wav  (38347697 bytes)
 copying: train/Cnoc An Tursa - Bannockburn/drums.wav  (43679768 bytes)
 copying: train/Cnoc An Tursa - Bannockburn/other.wav  (46977497 bytes)
 copying: train/Cnoc An Tursa - Bannockburn/vocals.wav  (22842010 bytes)
 copying: train/Cnoc An Tursa - Bannockburn/mixture.wav  (48557828 bytes)
 copying: train/Music Delta - Britpop/  (0 bytes)
 copying: train/Music Delta - Britpop/bass.wav  (5056805 bytes)
 copying: train/Music Delta - Britpop/drums.wav  (5617326 bytes)
 copying: train/Music Delta - Britpop/other.wav  (5867678 bytes)
 copying: train/Music Delta - Britpop/vocals.wav  (5695601 bytes)
 copying: train/Music Delta - Britpop/mixture.wav  (6222005 bytes)
 copying: train/Triviul - Dorothy/  (0 bytes)
 copying: train/Triviul - Dorothy/bass.wav  (11271750 bytes)
 copying: train/Triviul - Dorothy/drums.wav  (19688784 bytes)
 copying: train/Triviul - Dorothy/other.wav  (23522254 bytes)
 copying: train/Triviul - Dorothy/vocals.wav  (26207153 bytes)
 copying: train/Triviul - Dorothy/mixture.wav  (28581027 bytes)
 copying: train/Clara Berry And Wooldog - Stella/  (0 bytes)
 copying: train/Clara Berry And Wooldog - Stella/bass.wav  (25528788 bytes)
 copying: train/Clara Berry And Wooldog - Stella/drums.wav  (20596564 bytes)
 copying: train/Clara Berry And Wooldog - Stella/other.wav  (28358671 bytes)
 copying: train/Clara Berry And Wooldog - Stella/vocals.wav  (23795639 bytes)
 copying: train/Clara Berry And Wooldog - Stella/mixture.wav  (31004474 bytes)
 copying: train/Invisible Familiars - Disturbing Wildlife/  (0 bytes)
 copying: train/Invisible Familiars - Disturbing Wildlife/bass.wav  (31915131 bytes)
 copying: train/Invisible Familiars - Disturbing Wildlife/drums.wav  (28447567 bytes)
 copying: train/Invisible Familiars - Disturbing Wildlife/other.wav  (27935258 bytes)
 copying: train/Invisible Familiars - Disturbing Wildlife/vocals.wav  (27507617 bytes)
 copying: train/Invisible Familiars - Disturbing Wildlife/mixture.wav  (35123791 bytes)
 copying: train/Music Delta - Rock/  (0 bytes)
 copying: train/Music Delta - Rock/bass.wav  (1241219 bytes)
 copying: train/Music Delta - Rock/drums.wav  (1970875 bytes)
 copying: train/Music Delta - Rock/other.wav  (2080557 bytes)
 copying: train/Music Delta - Rock/vocals.wav  (2091423 bytes)
 copying: train/Music Delta - Rock/mixture.wav  (2212698 bytes)
 copying: train/Patrick Talbot - A Reason To Leave/  (0 bytes)
 copying: train/Patrick Talbot - A Reason To Leave/bass.wav  (29964314 bytes)
 copying: train/Patrick Talbot - A Reason To Leave/drums.wav  (31020898 bytes)
 copying: train/Patrick Talbot - A Reason To Leave/other.wav  (35272111 bytes)
 copying: train/Patrick Talbot - A Reason To Leave/vocals.wav  (17767532 bytes)
 copying: train/Patrick Talbot - A Reason To Leave/mixture.wav  (40903767 bytes)
 copying: train/Leaf - Summerghost/  (0 bytes)
 copying: train/Leaf - Summerghost/bass.wav  (32617083 bytes)
 copying: train/Leaf - Summerghost/drums.wav  (30545221 bytes)
 copying: train/Leaf - Summerghost/other.wav  (32958170 bytes)
 copying: train/Leaf - Summerghost/vocals.wav  (27915859 bytes)
 copying: train/Leaf - Summerghost/mixture.wav  (35994844 bytes)
 copying: train/BigTroubles - Phantom/  (0 bytes)
 copying: train/BigTroubles - Phantom/bass.wav  (23627997 bytes)
 copying: train/BigTroubles - Phantom/drums.wav  (22348505 bytes)
 copying: train/BigTroubles - Phantom/other.wav  (23844481 bytes)
 copying: train/BigTroubles - Phantom/vocals.wav  (18662620 bytes)
 copying: train/BigTroubles - Phantom/mixture.wav  (24875404 bytes)
 copying: train/AvaLuna - Waterduct/  (0 bytes)
 copying: train/AvaLuna - Waterduct/bass.wav  (31276911 bytes)
 copying: train/AvaLuna - Waterduct/drums.wav  (29892423 bytes)
 copying: train/AvaLuna - Waterduct/other.wav  (36373277 bytes)
 copying: train/AvaLuna - Waterduct/vocals.wav  (27904742 bytes)
 copying: train/AvaLuna - Waterduct/mixture.wav  (39831376 bytes)
 copying: train/Aimee Norwich - Child/  (0 bytes)
 copying: train/Aimee Norwich - Child/bass.wav  (18229891 bytes)
 copying: train/Aimee Norwich - Child/drums.wav  (25433584 bytes)
 copying: train/Aimee Norwich - Child/other.wav  (24542344 bytes)
 copying: train/Aimee Norwich - Child/vocals.wav  (16533948 bytes)
 copying: train/Aimee Norwich - Child/mixture.wav  (28857571 bytes)
 copying: train/Auctioneer - Our Future Faces/  (0 bytes)
 copying: train/Auctioneer - Our Future Faces/bass.wav  (28009708 bytes)
 copying: train/Auctioneer - Our Future Faces/drums.wav  (29492166 bytes)
 copying: train/Auctioneer - Our Future Faces/other.wav  (32859120 bytes)
 copying: train/Auctioneer - Our Future Faces/vocals.wav  (25640664 bytes)
 copying: train/Auctioneer - Our Future Faces/mixture.wav  (34188831 bytes)
 copying: train/Voelund - Comfort Lives In Belief/  (0 bytes)
 copying: train/Voelund - Comfort Lives In Belief/bass.wav  (16494849 bytes)
 copying: train/Voelund - Comfort Lives In Belief/drums.wav  (27234040 bytes)
 copying: train/Voelund - Comfort Lives In Belief/other.wav  (30796347 bytes)
 copying: train/Voelund - Comfort Lives In Belief/vocals.wav  (22764902 bytes)
 copying: train/Voelund - Comfort Lives In Belief/mixture.wav  (31792586 bytes)
 copying: train/Hop Along - Sister Cities/  (0 bytes)
 copying: train/Hop Along - Sister Cities/bass.wav  (41499494 bytes)
 copying: train/Hop Along - Sister Cities/drums.wav  (40592919 bytes)
 copying: train/Hop Along - Sister Cities/other.wav  (45499769 bytes)
 copying: train/Hop Along - Sister Cities/vocals.wav  (32730098 bytes)
 copying: train/Hop Along - Sister Cities/mixture.wav  (46757941 bytes)
 copying: train/Music Delta - 80s Rock/  (0 bytes)
 copying: train/Music Delta - 80s Rock/bass.wav  (5060284 bytes)
 copying: train/Music Delta - 80s Rock/drums.wav  (5296335 bytes)
 copying: train/Music Delta - 80s Rock/other.wav  (5863692 bytes)
 copying: train/Music Delta - 80s Rock/vocals.wav  (5580436 bytes)
 copying: train/Music Delta - 80s Rock/mixture.wav  (6171422 bytes)
 copying: train/Black Bloc - If You Want Success/  (0 bytes)
 copying: train/Black Bloc - If You Want Success/bass.wav  (36588070 bytes)
 copying: train/Black Bloc - If You Want Success/drums.wav  (59497347 bytes)
 copying: train/Black Bloc - If You Want Success/other.wav  (49374074 bytes)
 copying: train/Black Bloc - If You Want Success/vocals.wav  (25135456 bytes)
 copying: train/Black Bloc - If You Want Success/mixture.wav  (64321270 bytes)
 copying: train/Fergessen - Nos Palpitants/  (0 bytes)
 copying: train/Fergessen - Nos Palpitants/bass.wav  (8019166 bytes)
 copying: train/Fergessen - Nos Palpitants/drums.wav  (19031937 bytes)
 copying: train/Fergessen - Nos Palpitants/other.wav  (29719402 bytes)
 copying: train/Fergessen - Nos Palpitants/vocals.wav  (17646926 bytes)
 copying: train/Fergessen - Nos Palpitants/mixture.wav  (30914733 bytes)
 copying: train/Music Delta - Disco/  (0 bytes)
 copying: train/Music Delta - Disco/bass.wav  (9722968 bytes)
 copying: train/Music Delta - Disco/drums.wav  (18711793 bytes)
 copying: train/Music Delta - Disco/other.wav  (18180410 bytes)
 copying: train/Music Delta - Disco/vocals.wav  (16455103 bytes)
 copying: train/Music Delta - Disco/mixture.wav  (20359702 bytes)
 copying: train/Swinging Steaks - Lost My Way/  (0 bytes)
 copying: train/Swinging Steaks - Lost My Way/bass.wav  (44686223 bytes)
 copying: train/Swinging Steaks - Lost My Way/drums.wav  (43487767 bytes)
 copying: train/Swinging Steaks - Lost My Way/other.wav  (45606866 bytes)
 copying: train/Swinging Steaks - Lost My Way/vocals.wav  (30803018 bytes)
 copying: train/Swinging Steaks - Lost My Way/mixture.wav  (49110799 bytes)
 copying: train/Clara Berry And Wooldog - Waltz For My Victims/  (0 bytes)
 copying: train/Clara Berry And Wooldog - Waltz For My Victims/bass.wav  (21489799 bytes)
 copying: train/Clara Berry And Wooldog - Waltz For My Victims/drums.wav  (17994372 bytes)
 copying: train/Clara Berry And Wooldog - Waltz For My Victims/other.wav  (26659899 bytes)
 copying: train/Clara Berry And Wooldog - Waltz For My Victims/vocals.wav  (14914071 bytes)
 copying: train/Clara Berry And Wooldog - Waltz For My Victims/mixture.wav  (27200236 bytes)
 copying: train/Actions - South Of The Water/  (0 bytes)
 copying: train/Actions - South Of The Water/bass.wav  (12920586 bytes)
 copying: train/Actions - South Of The Water/drums.wav  (23853978 bytes)
 copying: train/Actions - South Of The Water/other.wav  (27015629 bytes)
 copying: train/Actions - South Of The Water/vocals.wav  (26046071 bytes)
 copying: train/Actions - South Of The Water/mixture.wav  (28954058 bytes)
 copying: train/Snowmine - Curfews/  (0 bytes)
 copying: train/Snowmine - Curfews/bass.wav  (38582199 bytes)
 copying: train/Snowmine - Curfews/drums.wav  (34290868 bytes)
 copying: train/Snowmine - Curfews/other.wav  (44176144 bytes)
 copying: train/Snowmine - Curfews/vocals.wav  (33681121 bytes)
 copying: train/Snowmine - Curfews/mixture.wav  (45774331 bytes)
 copying: train/Clara Berry And Wooldog - Air Traffic/  (0 bytes)
 copying: train/Clara Berry And Wooldog - Air Traffic/bass.wav  (15543173 bytes)
 copying: train/Clara Berry And Wooldog - Air Traffic/drums.wav  (17062197 bytes)
 copying: train/Clara Berry And Wooldog - Air Traffic/other.wav  (24597995 bytes)
 copying: train/Clara Berry And Wooldog - Air Traffic/vocals.wav  (22186743 bytes)
 copying: train/Clara Berry And Wooldog - Air Traffic/mixture.wav  (26675917 bytes)
 copying: train/ANiMAL - Rockshow/  (0 bytes)
 copying: train/ANiMAL - Rockshow/bass.wav  (24398726 bytes)
 copying: train/ANiMAL - Rockshow/drums.wav  (22352745 bytes)
 copying: train/ANiMAL - Rockshow/other.wav  (18762096 bytes)
 copying: train/ANiMAL - Rockshow/vocals.wav  (17761097 bytes)
 copying: train/ANiMAL - Rockshow/mixture.wav  (26463203 bytes)
 copying: train/Celestial Shore - Die For Us/  (0 bytes)
 copying: train/Celestial Shore - Die For Us/bass.wav  (40859076 bytes)
 copying: train/Celestial Shore - Die For Us/drums.wav  (35927688 bytes)
 copying: train/Celestial Shore - Die For Us/other.wav  (45592061 bytes)
 copying: train/Celestial Shore - Die For Us/vocals.wav  (23481108 bytes)
 copying: train/Celestial Shore - Die For Us/mixture.wav  (46576283 bytes)
 copying: train/Johnny Lokke - Whisper To A Scream/  (0 bytes)
 copying: train/Johnny Lokke - Whisper To A Scream/bass.wav  (38184344 bytes)
 copying: train/Johnny Lokke - Whisper To A Scream/drums.wav  (40101365 bytes)
 copying: train/Johnny Lokke - Whisper To A Scream/other.wav  (40293527 bytes)
 copying: train/Johnny Lokke - Whisper To A Scream/vocals.wav  (32259839 bytes)
 copying: train/Johnny Lokke - Whisper To A Scream/mixture.wav  (42281831 bytes)
 copying: train/James May - Dont Let Go/  (0 bytes)
 copying: train/James May - Dont Let Go/bass.wav  (34814227 bytes)
 copying: train/James May - Dont Let Go/drums.wav  (32075805 bytes)
 copying: train/James May - Dont Let Go/other.wav  (36482651 bytes)
 copying: train/James May - Dont Let Go/vocals.wav  (24879098 bytes)
 copying: train/James May - Dont Let Go/mixture.wav  (38721756 bytes)
 copying: train/James May - If You Say/  (0 bytes)
 copying: train/James May - If You Say/bass.wav  (26847839 bytes)
 copying: train/James May - If You Say/drums.wav  (26489504 bytes)
 copying: train/James May - If You Say/other.wav  (29368639 bytes)
 copying: train/James May - If You Say/vocals.wav  (19024869 bytes)
 copying: train/James May - If You Say/mixture.wav  (32845793 bytes)
 copying: train/Young Griffo - Blood To Bone/  (0 bytes)
 copying: train/Young Griffo - Blood To Bone/bass.wav  (37625250 bytes)
 copying: train/Young Griffo - Blood To Bone/drums.wav  (32705245 bytes)
 copying: train/Young Griffo - Blood To Bone/other.wav  (34362340 bytes)
 copying: train/Young Griffo - Blood To Bone/vocals.wav  (17529120 bytes)
 copying: train/Young Griffo - Blood To Bone/mixture.wav  (39416865 bytes)
 copying: train/ANiMAL - Clinic A/  (0 bytes)
 copying: train/ANiMAL - Clinic A/bass.wav  (27732205 bytes)
 copying: train/ANiMAL - Clinic A/drums.wav  (31119349 bytes)
 copying: train/ANiMAL - Clinic A/other.wav  (37607676 bytes)
 copying: train/ANiMAL - Clinic A/vocals.wav  (26967534 bytes)
 copying: train/ANiMAL - Clinic A/mixture.wav  (39260822 bytes)
 copying: train/Strand Of Oaks - Spacestation/  (0 bytes)
 copying: train/Strand Of Oaks - Spacestation/bass.wav  (23847012 bytes)
 copying: train/Strand Of Oaks - Spacestation/drums.wav  (34023895 bytes)
 copying: train/Strand Of Oaks - Spacestation/other.wav  (37390496 bytes)
 copying: train/Strand Of Oaks - Spacestation/vocals.wav  (27951997 bytes)
 copying: train/Strand Of Oaks - Spacestation/mixture.wav  (38658834 bytes)
 copying: train/Chris Durban - Celebrate/  (0 bytes)
 copying: train/Chris Durban - Celebrate/bass.wav  (40946499 bytes)
 copying: train/Chris Durban - Celebrate/drums.wav  (37010893 bytes)
 copying: train/Chris Durban - Celebrate/other.wav  (44783184 bytes)
 copying: train/Chris Durban - Celebrate/vocals.wav  (31750066 bytes)
 copying: train/Chris Durban - Celebrate/mixture.wav  (48164128 bytes)
 copying: train/Johnny Lokke - Promises & Lies/  (0 bytes)
 copying: train/Johnny Lokke - Promises & Lies/bass.wav  (40110647 bytes)
 copying: train/Johnny Lokke - Promises & Lies/drums.wav  (43013740 bytes)
 copying: train/Johnny Lokke - Promises & Lies/other.wav  (45178723 bytes)
 copying: train/Johnny Lokke - Promises & Lies/vocals.wav  (29400927 bytes)
 copying: train/Johnny Lokke - Promises & Lies/mixture.wav  (47041365 bytes)
 copying: train/Drumtracks - Ghost Bitch/  (0 bytes)
 copying: train/Drumtracks - Ghost Bitch/bass.wav  (20963975 bytes)
 copying: train/Drumtracks - Ghost Bitch/drums.wav  (38063038 bytes)
 copying: train/Drumtracks - Ghost Bitch/other.wav  (52313129 bytes)
 copying: train/Drumtracks - Ghost Bitch/vocals.wav  (48346892 bytes)
 copying: train/Drumtracks - Ghost Bitch/mixture.wav  (55974733 bytes)
 copying: train/Titanium - Haunted Age/  (0 bytes)
 copying: train/Titanium - Haunted Age/bass.wav  (29974804 bytes)
 copying: train/Titanium - Haunted Age/drums.wav  (33695214 bytes)
 copying: train/Titanium - Haunted Age/other.wav  (37120330 bytes)
 copying: train/Titanium - Haunted Age/vocals.wav  (16281948 bytes)
 copying: train/Titanium - Haunted Age/mixture.wav  (38414151 bytes)
 copying: train/Actions - Devil's Words/  (0 bytes)
 copying: train/Actions - Devil's Words/bass.wav  (15687741 bytes)
 copying: train/Actions - Devil's Words/drums.wav  (29488147 bytes)
 copying: train/Actions - Devil's Words/other.wav  (28057180 bytes)
 copying: train/Actions - Devil's Words/vocals.wav  (26983123 bytes)
 copying: train/Actions - Devil's Words/mixture.wav  (32609324 bytes)
 copying: train/Music Delta - Country2/  (0 bytes)
 copying: train/Music Delta - Country2/bass.wav  (1326733 bytes)
 copying: train/Music Delta - Country2/drums.wav  (2658401 bytes)
 copying: train/Music Delta - Country2/other.wav  (2673324 bytes)
 copying: train/Music Delta - Country2/vocals.wav  (2623975 bytes)
 copying: train/Music Delta - Country2/mixture.wav  (2901096 bytes)
 copying: train/Helado Negro - Mitad Del Mundo/  (0 bytes)
 copying: train/Helado Negro - Mitad Del Mundo/bass.wav  (21424111 bytes)
 copying: train/Helado Negro - Mitad Del Mundo/drums.wav  (21598331 bytes)
 copying: train/Helado Negro - Mitad Del Mundo/other.wav  (25897318 bytes)
 copying: train/Helado Negro - Mitad Del Mundo/vocals.wav  (24609126 bytes)
 copying: train/Helado Negro - Mitad Del Mundo/mixture.wav  (28975327 bytes)
 copying: train/Skelpolu - Human Mistakes/  (0 bytes)
 copying: train/Skelpolu - Human Mistakes/bass.wav  (48845376 bytes)
 copying: train/Skelpolu - Human Mistakes/drums.wav  (43518715 bytes)
 copying: train/Skelpolu - Human Mistakes/other.wav  (48460540 bytes)
 copying: train/Skelpolu - Human Mistakes/vocals.wav  (30449429 bytes)
 copying: train/Skelpolu - Human Mistakes/mixture.wav  (52292791 bytes)
 copying: train/Steven Clark - Bounty/  (0 bytes)
 copying: train/Steven Clark - Bounty/bass.wav  (41169410 bytes)
 copying: train/Steven Clark - Bounty/drums.wav  (37051098 bytes)
 copying: train/Steven Clark - Bounty/other.wav  (45622618 bytes)
 copying: train/Steven Clark - Bounty/vocals.wav  (41337171 bytes)
 copying: train/Steven Clark - Bounty/mixture.wav  (47060174 bytes)
 copying: train/Tim Taler - Stalker/  (0 bytes)
 copying: train/Tim Taler - Stalker/bass.wav  (12268228 bytes)
 copying: train/Tim Taler - Stalker/drums.wav  (30935372 bytes)
 copying: train/Tim Taler - Stalker/other.wav  (32255735 bytes)
 copying: train/Tim Taler - Stalker/vocals.wav  (17690700 bytes)
 copying: train/Tim Taler - Stalker/mixture.wav  (34583096 bytes)
 copying: train/Music Delta - Hendrix/  (0 bytes)
 copying: train/Music Delta - Hendrix/bass.wav  (2477658 bytes)
 copying: train/Music Delta - Hendrix/drums.wav  (2836198 bytes)
 copying: train/Music Delta - Hendrix/other.wav  (2881635 bytes)
 copying: train/Music Delta - Hendrix/vocals.wav  (2713990 bytes)
 copying: train/Music Delta - Hendrix/mixture.wav  (3128434 bytes)
 copying: train/Bill Chudziak - Children Of No-one/  (0 bytes)
 copying: train/Bill Chudziak - Children Of No-one/bass.wav  (20829951 bytes)
 copying: train/Bill Chudziak - Children Of No-one/drums.wav  (23408355 bytes)
 copying: train/Bill Chudziak - Children Of No-one/other.wav  (34418612 bytes)
 copying: train/Bill Chudziak - Children Of No-one/vocals.wav  (20546615 bytes)
 copying: train/Bill Chudziak - Children Of No-one/mixture.wav  (35725881 bytes)
 copying: train/The Wrong'Uns - Rothko/  (0 bytes)
 copying: train/The Wrong'Uns - Rothko/bass.wav  (26122330 bytes)
 copying: train/The Wrong'Uns - Rothko/drums.wav  (26640859 bytes)
 copying: train/The Wrong'Uns - Rothko/other.wav  (30515570 bytes)
 copying: train/The Wrong'Uns - Rothko/vocals.wav  (22438520 bytes)
 copying: train/The Wrong'Uns - Rothko/mixture.wav  (31955767 bytes)
 copying: train/Matthew Entwistle - Dont You Ever/  (0 bytes)
 copying: train/Matthew Entwistle - Dont You Ever/bass.wav  (8754864 bytes)
 copying: train/Matthew Entwistle - Dont You Ever/drums.wav  (7503806 bytes)
 copying: train/Matthew Entwistle - Dont You Ever/other.wav  (16627614 bytes)
 copying: train/Matthew Entwistle - Dont You Ever/vocals.wav  (12670858 bytes)
 copying: train/Matthew Entwistle - Dont You Ever/mixture.wav  (17252593 bytes)
 copying: train/Flags - 54/  (0 bytes)
 copying: train/Flags - 54/bass.wav  (23662034 bytes)
 copying: train/Flags - 54/drums.wav  (43977318 bytes)
 copying: train/Flags - 54/other.wav  (35969759 bytes)
 copying: train/Flags - 54/vocals.wav  (18712500 bytes)
 copying: train/Flags - 54/mixture.wav  (45108038 bytes)
 copying: train/ANiMAL - Easy Tiger/  (0 bytes)
 copying: train/ANiMAL - Easy Tiger/bass.wav  (27647643 bytes)
 copying: train/ANiMAL - Easy Tiger/drums.wav  (29922093 bytes)
 copying: train/ANiMAL - Easy Tiger/other.wav  (28263620 bytes)
 copying: train/ANiMAL - Easy Tiger/vocals.wav  (28952280 bytes)
 copying: train/ANiMAL - Easy Tiger/mixture.wav  (33634607 bytes)
 copying: train/Meaxic - You Listen/  (0 bytes)
 copying: train/Meaxic - You Listen/bass.wav  (47127274 bytes)
 copying: train/Meaxic - You Listen/drums.wav  (50104734 bytes)
 copying: train/Meaxic - You Listen/other.wav  (63876011 bytes)
 copying: train/Meaxic - You Listen/vocals.wav  (20067360 bytes)
 copying: train/Meaxic - You Listen/mixture.wav  (66013807 bytes)
 copying: train/The Scarlet Brand - Les Fleurs Du Mal/  (0 bytes)
 copying: train/The Scarlet Brand - Les Fleurs Du Mal/bass.wav  (32847139 bytes)
 copying: train/The Scarlet Brand - Les Fleurs Du Mal/drums.wav  (33051318 bytes)
 copying: train/The Scarlet Brand - Les Fleurs Du Mal/other.wav  (42635526 bytes)
 copying: train/The Scarlet Brand - Les Fleurs Du Mal/vocals.wav  (24242995 bytes)
 copying: train/The Scarlet Brand - Les Fleurs Du Mal/mixture.wav  (47593188 bytes)
 copying: train/Music Delta - Grunge/  (0 bytes)
 copying: train/Music Delta - Grunge/bass.wav  (3301582 bytes)
 copying: train/Music Delta - Grunge/drums.wav  (6318052 bytes)
 copying: train/Music Delta - Grunge/other.wav  (6139161 bytes)
 copying: train/Music Delta - Grunge/vocals.wav  (5715162 bytes)
 copying: train/Music Delta - Grunge/mixture.wav  (6830357 bytes)
 copying: train/Triviul - Angelsaint/  (0 bytes)
 copying: train/Triviul - Angelsaint/bass.wav  (33623464 bytes)
 copying: train/Triviul - Angelsaint/drums.wav  (27929506 bytes)
 copying: train/Triviul - Angelsaint/other.wav  (34023561 bytes)
 copying: train/Triviul - Angelsaint/vocals.wav  (30748519 bytes)
 copying: train/Triviul - Angelsaint/mixture.wav  (37091861 bytes)
 copying: train/Traffic Experiment - Sirens/  (0 bytes)
 copying: train/Traffic Experiment - Sirens/bass.wav  (56972458 bytes)
 copying: train/Traffic Experiment - Sirens/drums.wav  (52463653 bytes)
 copying: train/Traffic Experiment - Sirens/other.wav  (67142630 bytes)
 copying: train/Traffic Experiment - Sirens/vocals.wav  (32440749 bytes)
 copying: train/Traffic Experiment - Sirens/mixture.wav  (68259383 bytes)
 copying: train/Lushlife - Toynbee Suite/  (0 bytes)
 copying: train/Lushlife - Toynbee Suite/bass.wav  (65301757 bytes)
 copying: train/Lushlife - Toynbee Suite/drums.wav  (55923247 bytes)
 copying: train/Lushlife - Toynbee Suite/other.wav  (91918200 bytes)
 copying: train/Lushlife - Toynbee Suite/vocals.wav  (64491867 bytes)
 copying: train/Lushlife - Toynbee Suite/mixture.wav  (98393804 bytes)
 copying: train/North To Alaska - All The Same/  (0 bytes)
 copying: train/North To Alaska - All The Same/bass.wav  (23117851 bytes)
 copying: train/North To Alaska - All The Same/drums.wav  (27420742 bytes)
 copying: train/North To Alaska - All The Same/other.wav  (36109983 bytes)
 copying: train/North To Alaska - All The Same/vocals.wav  (21403594 bytes)
 copying: train/North To Alaska - All The Same/mixture.wav  (37922682 bytes)
 copying: train/Sweet Lights - You Let Me Down/  (0 bytes)
 copying: train/Sweet Lights - You Let Me Down/bass.wav  (46961015 bytes)
 copying: train/Sweet Lights - You Let Me Down/drums.wav  (47803349 bytes)
 copying: train/Sweet Lights - You Let Me Down/other.wav  (61582067 bytes)
 copying: train/Sweet Lights - You Let Me Down/vocals.wav  (58777035 bytes)
 copying: train/Sweet Lights - You Let Me Down/mixture.wav  (63806379 bytes)
 copying: train/Fergessen - Back From The Start/  (0 bytes)
 copying: train/Fergessen - Back From The Start/bass.wav  (11917019 bytes)
 copying: train/Fergessen - Back From The Start/drums.wav  (23348469 bytes)
 copying: train/Fergessen - Back From The Start/other.wav  (22409023 bytes)
 copying: train/Fergessen - Back From The Start/vocals.wav  (16006778 bytes)
 copying: train/Fergessen - Back From The Start/mixture.wav  (25647670 bytes)
 copying: train/Spike Mullings - Mike's Sulking/  (0 bytes)
 copying: train/Spike Mullings - Mike's Sulking/bass.wav  (21655856 bytes)
 copying: train/Spike Mullings - Mike's Sulking/drums.wav  (36387062 bytes)
 copying: train/Spike Mullings - Mike's Sulking/other.wav  (39637182 bytes)
 copying: train/Spike Mullings - Mike's Sulking/vocals.wav  (13765782 bytes)
 copying: train/Spike Mullings - Mike's Sulking/mixture.wav  (41145992 bytes)
 copying: train/Alexander Ross - Velvet Curtain/  (0 bytes)
 copying: train/Alexander Ross - Velvet Curtain/bass.wav  (22881396 bytes)
 copying: train/Alexander Ross - Velvet Curtain/drums.wav  (52394482 bytes)
 copying: train/Alexander Ross - Velvet Curtain/other.wav  (74434891 bytes)
 copying: train/Alexander Ross - Velvet Curtain/vocals.wav  (38679308 bytes)
 copying: train/Alexander Ross - Velvet Curtain/mixture.wav  (78184231 bytes)
 copying: train/Alexander Ross - Goodbye Bolero/  (0 bytes)
 copying: train/Alexander Ross - Goodbye Bolero/bass.wav  (25502459 bytes)
 copying: train/Alexander Ross - Goodbye Bolero/drums.wav  (57243646 bytes)
 copying: train/Alexander Ross - Goodbye Bolero/other.wav  (63707324 bytes)
 copying: train/Alexander Ross - Goodbye Bolero/vocals.wav  (17386619 bytes)
 copying: train/Alexander Ross - Goodbye Bolero/mixture.wav  (66200220 bytes)
 copying: train/Music Delta - Reggae/  (0 bytes)
 copying: train/Music Delta - Reggae/bass.wav  (2019711 bytes)
 copying: train/Music Delta - Reggae/drums.wav  (2681119 bytes)
 copying: train/Music Delta - Reggae/other.wav  (2036473 bytes)
 copying: train/Music Delta - Reggae/vocals.wav  (2287012 bytes)
 copying: train/Music Delta - Reggae/mixture.wav  (2915672 bytes)
 copying: train/Music Delta - Rockabilly/  (0 bytes)
 copying: train/Music Delta - Rockabilly/bass.wav  (1766730 bytes)
 copying: train/Music Delta - Rockabilly/drums.wav  (3957781 bytes)
 copying: train/Music Delta - Rockabilly/other.wav  (4120749 bytes)
 copying: train/Music Delta - Rockabilly/vocals.wav  (3873594 bytes)
 copying: train/Music Delta - Rockabilly/mixture.wav  (4334592 bytes)
 copying: train/Wall Of Death - Femme/  (0 bytes)
 copying: train/Wall Of Death - Femme/bass.wav  (34557383 bytes)
 copying: train/Wall Of Death - Femme/drums.wav  (35760536 bytes)
 copying: train/Wall Of Death - Femme/other.wav  (36931196 bytes)
 copying: train/Wall Of Death - Femme/vocals.wav  (14591332 bytes)
 copying: train/Wall Of Death - Femme/mixture.wav  (37884581 bytes)
 copying: train/Faces On Film - Waiting For Ga/  (0 bytes)
 copying: train/Faces On Film - Waiting For Ga/bass.wav  (24809750 bytes)
 copying: train/Faces On Film - Waiting For Ga/drums.wav  (28038834 bytes)
 copying: train/Faces On Film - Waiting For Ga/other.wav  (42195372 bytes)
 copying: train/Faces On Film - Waiting For Ga/vocals.wav  (36106107 bytes)
 copying: train/Faces On Film - Waiting For Ga/mixture.wav  (42762302 bytes)
 copying: train/The Long Wait - Back Home To Blue/  (0 bytes)
 copying: train/The Long Wait - Back Home To Blue/bass.wav  (20543426 bytes)
 copying: train/The Long Wait - Back Home To Blue/drums.wav  (30167503 bytes)
 copying: train/The Long Wait - Back Home To Blue/other.wav  (38498313 bytes)
 copying: train/The Long Wait - Back Home To Blue/vocals.wav  (22633592 bytes)
 copying: train/The Long Wait - Back Home To Blue/mixture.wav  (40876160 bytes)
 copying: train/Music Delta - Beatles/  (0 bytes)
 copying: train/Music Delta - Beatles/bass.wav  (3170908 bytes)
 copying: train/Music Delta - Beatles/drums.wav  (5653753 bytes)
 copying: train/Music Delta - Beatles/other.wav  (5768084 bytes)
 copying: train/Music Delta - Beatles/vocals.wav  (5290840 bytes)
 copying: train/Music Delta - Beatles/mixture.wav  (6103510 bytes)
 copying: train/Music Delta - Country1/  (0 bytes)
 copying: train/Music Delta - Country1/bass.wav  (2569898 bytes)
 copying: train/Music Delta - Country1/drums.wav  (4533040 bytes)
 copying: train/Music Delta - Country1/other.wav  (5382003 bytes)
 copying: train/Music Delta - Country1/vocals.wav  (4404126 bytes)
 copying: train/Music Delta - Country1/mixture.wav  (5713521 bytes)
 copying: train/Hollow Ground - Left Blind/  (0 bytes)
 copying: train/Hollow Ground - Left Blind/bass.wav  (22916526 bytes)
 copying: train/Hollow Ground - Left Blind/drums.wav  (23792716 bytes)
 copying: train/Hollow Ground - Left Blind/other.wav  (24109554 bytes)
 copying: train/Hollow Ground - Left Blind/vocals.wav  (9224356 bytes)
 copying: train/Hollow Ground - Left Blind/mixture.wav  (25852254 bytes)
 copying: train/Giselle - Moss/  (0 bytes)
 copying: train/Giselle - Moss/bass.wav  (1473603 bytes)
 copying: train/Giselle - Moss/drums.wav  (18945992 bytes)
 copying: train/Giselle - Moss/other.wav  (30917723 bytes)
 copying: train/Giselle - Moss/vocals.wav  (24710498 bytes)
 copying: train/Giselle - Moss/mixture.wav  (31855696 bytes)
 copying: train/The So So Glos - Emergency/  (0 bytes)
 copying: train/The So So Glos - Emergency/bass.wav  (23691624 bytes)
 copying: train/The So So Glos - Emergency/drums.wav  (25114264 bytes)
 copying: train/The So So Glos - Emergency/other.wav  (25725398 bytes)
 copying: train/The So So Glos - Emergency/vocals.wav  (23252328 bytes)
 copying: train/The So So Glos - Emergency/mixture.wav  (27565579 bytes)
 copying: train/Dark Ride - Burning Bridges/  (0 bytes)
 copying: train/Dark Ride - Burning Bridges/bass.wav  (21137628 bytes)
 copying: train/Dark Ride - Burning Bridges/drums.wav  (35893269 bytes)
 copying: train/Dark Ride - Burning Bridges/other.wav  (32039329 bytes)
 copying: train/Dark Ride - Burning Bridges/vocals.wav  (27084708 bytes)
 copying: train/Dark Ride - Burning Bridges/mixture.wav  (37555485 bytes)
 copying: train/St Vitus - Word Gets Around/  (0 bytes)
 copying: train/St Vitus - Word Gets Around/bass.wav  (17091096 bytes)
 copying: train/St Vitus - Word Gets Around/drums.wav  (30743735 bytes)
 copying: train/St Vitus - Word Gets Around/other.wav  (31676997 bytes)
 copying: train/St Vitus - Word Gets Around/vocals.wav  (28858204 bytes)
 copying: train/St Vitus - Word Gets Around/mixture.wav  (37905781 bytes)
 copying: train/Jay Menon - Through My Eyes/  (0 bytes)
 copying: train/Jay Menon - Through My Eyes/bass.wav  (21000407 bytes)
 copying: train/Jay Menon - Through My Eyes/drums.wav  (19638300 bytes)
 copying: train/Jay Menon - Through My Eyes/other.wav  (35494036 bytes)
 copying: train/Jay Menon - Through My Eyes/vocals.wav  (25739716 bytes)
 copying: train/Jay Menon - Through My Eyes/mixture.wav  (37991604 bytes)
 copying: test/  (0 bytes)
 copying: test/Buitraker - Revo X/  (0 bytes)
 copying: test/Buitraker - Revo X/bass.wav  (37783284 bytes)
 copying: test/Buitraker - Revo X/drums.wav  (37359684 bytes)
 copying: test/Buitraker - Revo X/other.wav  (42245403 bytes)
 copying: test/Buitraker - Revo X/vocals.wav  (28450319 bytes)
 copying: test/Buitraker - Revo X/mixture.wav  (44538065 bytes)
 copying: test/M.E.R.C. Music - Knockout/  (0 bytes)
 copying: test/M.E.R.C. Music - Knockout/bass.wav  (20376046 bytes)
 copying: test/M.E.R.C. Music - Knockout/drums.wav  (31312737 bytes)
 copying: test/M.E.R.C. Music - Knockout/other.wav  (35137353 bytes)
 copying: test/M.E.R.C. Music - Knockout/vocals.wav  (35584171 bytes)
 copying: test/M.E.R.C. Music - Knockout/mixture.wav  (42532013 bytes)
 copying: test/The Sunshine Garcia Band - For I Am The Moon/  (0 bytes)
 copying: test/The Sunshine Garcia Band - For I Am The Moon/bass.wav  (40621919 bytes)
 copying: test/The Sunshine Garcia Band - For I Am The Moon/drums.wav  (45017491 bytes)
 copying: test/The Sunshine Garcia Band - For I Am The Moon/other.wav  (36715829 bytes)
 copying: test/The Sunshine Garcia Band - For I Am The Moon/vocals.wav  (44016788 bytes)
 copying: test/The Sunshine Garcia Band - For I Am The Moon/mixture.wav  (49101348 bytes)
 copying: test/PR - Oh No/  (0 bytes)
 copying: test/PR - Oh No/bass.wav  (8851187 bytes)
 copying: test/PR - Oh No/drums.wav  (10614295 bytes)
 copying: test/PR - Oh No/other.wav  (9361163 bytes)
 copying: test/PR - Oh No/vocals.wav  (5604926 bytes)
 copying: test/PR - Oh No/mixture.wav  (11641458 bytes)
 copying: test/Little Chicago's Finest - My Own/  (0 bytes)
 copying: test/Little Chicago's Finest - My Own/bass.wav  (26802495 bytes)
 copying: test/Little Chicago's Finest - My Own/drums.wav  (28186328 bytes)
 copying: test/Little Chicago's Finest - My Own/other.wav  (38825595 bytes)
 copying: test/Little Chicago's Finest - My Own/vocals.wav  (38391958 bytes)
 copying: test/Little Chicago's Finest - My Own/mixture.wav  (44739855 bytes)
 copying: test/Signe Jakobsen - What Have You Done To Me/  (0 bytes)
 copying: test/Signe Jakobsen - What Have You Done To Me/bass.wav  (17235616 bytes)
 copying: test/Signe Jakobsen - What Have You Done To Me/drums.wav  (21593443 bytes)
 copying: test/Signe Jakobsen - What Have You Done To Me/other.wav  (23291347 bytes)
 copying: test/Signe Jakobsen - What Have You Done To Me/vocals.wav  (22649144 bytes)
 copying: test/Signe Jakobsen - What Have You Done To Me/mixture.wav  (27452119 bytes)
 copying: test/The Mountaineering Club - Mallory/  (0 bytes)
 copying: test/The Mountaineering Club - Mallory/bass.wav  (26694218 bytes)
 copying: test/The Mountaineering Club - Mallory/drums.wav  (16652310 bytes)
 copying: test/The Mountaineering Club - Mallory/other.wav  (35998813 bytes)
 copying: test/The Mountaineering Club - Mallory/vocals.wav  (18997492 bytes)
 copying: test/The Mountaineering Club - Mallory/mixture.wav  (38195599 bytes)
 copying: test/Al James - Schoolboy Facination/  (0 bytes)
 copying: test/Al James - Schoolboy Facination/bass.wav  (24687055 bytes)
 copying: test/Al James - Schoolboy Facination/drums.wav  (28904706 bytes)
 copying: test/Al James - Schoolboy Facination/other.wav  (29748458 bytes)
 copying: test/Al James - Schoolboy Facination/vocals.wav  (28886259 bytes)
 copying: test/Al James - Schoolboy Facination/mixture.wav  (32589100 bytes)
 copying: test/Speak Softly - Like Horses/  (0 bytes)
 copying: test/Speak Softly - Like Horses/bass.wav  (6118254 bytes)
 copying: test/Speak Softly - Like Horses/drums.wav  (43866361 bytes)
 copying: test/Speak Softly - Like Horses/other.wav  (46780108 bytes)
 copying: test/Speak Softly - Like Horses/vocals.wav  (40515147 bytes)
 copying: test/Speak Softly - Like Horses/mixture.wav  (49320108 bytes)
 copying: test/Zeno - Signs/  (0 bytes)
 copying: test/Zeno - Signs/bass.wav  (28907756 bytes)
 copying: test/Zeno - Signs/drums.wav  (34411978 bytes)
 copying: test/Zeno - Signs/other.wav  (36170803 bytes)
 copying: test/Zeno - Signs/vocals.wav  (27397475 bytes)
 copying: test/Zeno - Signs/mixture.wav  (37853285 bytes)
 copying: test/Hollow Ground - Ill Fate/  (0 bytes)
 copying: test/Hollow Ground - Ill Fate/bass.wav  (21306735 bytes)
 copying: test/Hollow Ground - Ill Fate/drums.wav  (19232203 bytes)
 copying: test/Hollow Ground - Ill Fate/other.wav  (22871823 bytes)
 copying: test/Hollow Ground - Ill Fate/vocals.wav  (7978418 bytes)
 copying: test/Hollow Ground - Ill Fate/mixture.wav  (23504862 bytes)
 copying: test/Timboz - Pony/  (0 bytes)
 copying: test/Timboz - Pony/bass.wav  (31695483 bytes)
 copying: test/Timboz - Pony/drums.wav  (36758767 bytes)
 copying: test/Timboz - Pony/other.wav  (39888628 bytes)
 copying: test/Timboz - Pony/vocals.wav  (31740445 bytes)
 copying: test/Timboz - Pony/mixture.wav  (40688289 bytes)
 copying: test/Forkupines - Semantics/  (0 bytes)
 copying: test/Forkupines - Semantics/bass.wav  (35226758 bytes)
 copying: test/Forkupines - Semantics/drums.wav  (38357534 bytes)
 copying: test/Forkupines - Semantics/other.wav  (37526502 bytes)
 copying: test/Forkupines - Semantics/vocals.wav  (16745538 bytes)
 copying: test/Forkupines - Semantics/mixture.wav  (43643577 bytes)
 copying: test/Moosmusic - Big Dummy Shake/  (0 bytes)
 copying: test/Moosmusic - Big Dummy Shake/bass.wav  (22457535 bytes)
 copying: test/Moosmusic - Big Dummy Shake/drums.wav  (27205524 bytes)
 copying: test/Moosmusic - Big Dummy Shake/other.wav  (29703520 bytes)
 copying: test/Moosmusic - Big Dummy Shake/vocals.wav  (23447589 bytes)
 copying: test/Moosmusic - Big Dummy Shake/mixture.wav  (32207017 bytes)
 copying: test/Tom McKenzie - Directions/  (0 bytes)
 copying: test/Tom McKenzie - Directions/bass.wav  (15965708 bytes)
 copying: test/Tom McKenzie - Directions/drums.wav  (19776833 bytes)
 copying: test/Tom McKenzie - Directions/other.wav  (25248474 bytes)
 copying: test/Tom McKenzie - Directions/vocals.wav  (17044294 bytes)
 copying: test/Tom McKenzie - Directions/mixture.wav  (27580484 bytes)
 copying: test/Ben Carrigan - We'll Talk About It All Tonight/  (0 bytes)
 copying: test/Ben Carrigan - We'll Talk About It All Tonight/bass.wav  (11465510 bytes)
 copying: test/Ben Carrigan - We'll Talk About It All Tonight/drums.wav  (20158288 bytes)
 copying: test/Ben Carrigan - We'll Talk About It All Tonight/other.wav  (34711125 bytes)
 copying: test/Ben Carrigan - We'll Talk About It All Tonight/vocals.wav  (21318925 bytes)
 copying: test/Ben Carrigan - We'll Talk About It All Tonight/mixture.wav  (36042496 bytes)
 copying: test/Secretariat - Borderline/  (0 bytes)
 copying: test/Secretariat - Borderline/bass.wav  (37359774 bytes)
 copying: test/Secretariat - Borderline/drums.wav  (36007444 bytes)
 copying: test/Secretariat - Borderline/other.wav  (43535140 bytes)
 copying: test/Secretariat - Borderline/vocals.wav  (24736106 bytes)
 copying: test/Secretariat - Borderline/mixture.wav  (44622956 bytes)
 copying: test/AM Contra - Heart Peripheral/  (0 bytes)
 copying: test/AM Contra - Heart Peripheral/bass.wav  (15183664 bytes)
 copying: test/AM Contra - Heart Peripheral/drums.wav  (27899570 bytes)
 copying: test/AM Contra - Heart Peripheral/other.wav  (30364573 bytes)
 copying: test/AM Contra - Heart Peripheral/vocals.wav  (24948229 bytes)
 copying: test/AM Contra - Heart Peripheral/mixture.wav  (33401093 bytes)
 copying: test/Motor Tapes - Shore/  (0 bytes)
 copying: test/Motor Tapes - Shore/bass.wav  (29335118 bytes)
 copying: test/Motor Tapes - Shore/drums.wav  (27139154 bytes)
 copying: test/Motor Tapes - Shore/other.wav  (36077518 bytes)
 copying: test/Motor Tapes - Shore/vocals.wav  (22725631 bytes)
 copying: test/Motor Tapes - Shore/mixture.wav  (36823100 bytes)
 copying: test/Arise - Run Run Run/  (0 bytes)
 copying: test/Arise - Run Run Run/bass.wav  (32342936 bytes)
 copying: test/Arise - Run Run Run/drums.wav  (27650942 bytes)
 copying: test/Arise - Run Run Run/other.wav  (31177535 bytes)
 copying: test/Arise - Run Run Run/vocals.wav  (21608667 bytes)
 copying: test/Arise - Run Run Run/mixture.wav  (35943266 bytes)
 copying: test/Skelpolu - Resurrection/  (0 bytes)
 copying: test/Skelpolu - Resurrection/bass.wav  (26902001 bytes)
 copying: test/Skelpolu - Resurrection/drums.wav  (52122689 bytes)
 copying: test/Skelpolu - Resurrection/other.wav  (59911752 bytes)
 copying: test/Skelpolu - Resurrection/vocals.wav  (8640574 bytes)
 copying: test/Skelpolu - Resurrection/mixture.wav  (63791210 bytes)
 copying: test/Louis Cressy Band - Good Time/  (0 bytes)
 copying: test/Louis Cressy Band - Good Time/bass.wav  (34147822 bytes)
 copying: test/Louis Cressy Band - Good Time/drums.wav  (40388164 bytes)
 copying: test/Louis Cressy Band - Good Time/other.wav  (43753910 bytes)
 copying: test/Louis Cressy Band - Good Time/vocals.wav  (17115661 bytes)
 copying: test/Louis Cressy Band - Good Time/mixture.wav  (46075240 bytes)
 copying: test/Punkdisco - Oral Hygiene/  (0 bytes)
 copying: test/Punkdisco - Oral Hygiene/bass.wav  (21718286 bytes)
 copying: test/Punkdisco - Oral Hygiene/drums.wav  (19158605 bytes)
 copying: test/Punkdisco - Oral Hygiene/other.wav  (21920446 bytes)
 copying: test/Punkdisco - Oral Hygiene/vocals.wav  (14844916 bytes)
 copying: test/Punkdisco - Oral Hygiene/mixture.wav  (32380357 bytes)
 copying: test/We Fell From The Sky - Not You/  (0 bytes)
 copying: test/We Fell From The Sky - Not You/bass.wav  (26132973 bytes)
 copying: test/We Fell From The Sky - Not You/drums.wav  (29801534 bytes)
 copying: test/We Fell From The Sky - Not You/other.wav  (31590931 bytes)
 copying: test/We Fell From The Sky - Not You/vocals.wav  (17210259 bytes)
 copying: test/We Fell From The Sky - Not You/mixture.wav  (33092688 bytes)
 copying: test/Raft Monk - Tiring/  (0 bytes)
 copying: test/Raft Monk - Tiring/bass.wav  (27459328 bytes)
 copying: test/Raft Monk - Tiring/drums.wav  (26806135 bytes)
 copying: test/Raft Monk - Tiring/other.wav  (32679340 bytes)
 copying: test/Raft Monk - Tiring/vocals.wav  (24954539 bytes)
 copying: test/Raft Monk - Tiring/mixture.wav  (33753325 bytes)
 copying: test/BKS - Too Much/  (0 bytes)
 copying: test/BKS - Too Much/bass.wav  (30209794 bytes)
 copying: test/BKS - Too Much/drums.wav  (31174439 bytes)
 copying: test/BKS - Too Much/other.wav  (32273144 bytes)
 copying: test/BKS - Too Much/vocals.wav  (20044349 bytes)
 copying: test/BKS - Too Much/mixture.wav  (35446848 bytes)
 copying: test/Detsky Sad - Walkie Talkie/  (0 bytes)
 copying: test/Detsky Sad - Walkie Talkie/bass.wav  (13042895 bytes)
 copying: test/Detsky Sad - Walkie Talkie/drums.wav  (29191764 bytes)
 copying: test/Detsky Sad - Walkie Talkie/other.wav  (23439749 bytes)
 copying: test/Detsky Sad - Walkie Talkie/vocals.wav  (5912135 bytes)
 copying: test/Detsky Sad - Walkie Talkie/mixture.wav  (30918798 bytes)
 copying: test/Girls Under Glass - We Feel Alright/  (0 bytes)
 copying: test/Girls Under Glass - We Feel Alright/bass.wav  (45437533 bytes)
 copying: test/Girls Under Glass - We Feel Alright/drums.wav  (44382932 bytes)
 copying: test/Girls Under Glass - We Feel Alright/other.wav  (48222484 bytes)
 copying: test/Girls Under Glass - We Feel Alright/vocals.wav  (15867092 bytes)
 copying: test/Girls Under Glass - We Feel Alright/mixture.wav  (52121308 bytes)
 copying: test/The Long Wait - Dark Horses/  (0 bytes)
 copying: test/The Long Wait - Dark Horses/bass.wav  (40821770 bytes)
 copying: test/The Long Wait - Dark Horses/drums.wav  (31493685 bytes)
 copying: test/The Long Wait - Dark Horses/other.wav  (44425263 bytes)
 copying: test/The Long Wait - Dark Horses/vocals.wav  (32365555 bytes)
 copying: test/The Long Wait - Dark Horses/mixture.wav  (46582322 bytes)
 copying: test/BKS - Bulldozer/  (0 bytes)
 copying: test/BKS - Bulldozer/bass.wav  (43348229 bytes)
 copying: test/BKS - Bulldozer/drums.wav  (48016109 bytes)
 copying: test/BKS - Bulldozer/other.wav  (48599417 bytes)
 copying: test/BKS - Bulldozer/vocals.wav  (28536720 bytes)
 copying: test/BKS - Bulldozer/mixture.wav  (54053240 bytes)
 copying: test/The Easton Ellises (Baumi) - SDRNR/  (0 bytes)
 copying: test/The Easton Ellises (Baumi) - SDRNR/bass.wav  (22720489 bytes)
 copying: test/The Easton Ellises (Baumi) - SDRNR/drums.wav  (24256738 bytes)
 copying: test/The Easton Ellises (Baumi) - SDRNR/other.wav  (36035370 bytes)
 copying: test/The Easton Ellises (Baumi) - SDRNR/vocals.wav  (23300237 bytes)
 copying: test/The Easton Ellises (Baumi) - SDRNR/mixture.wav  (37971820 bytes)
 copying: test/Mu - Too Bright/  (0 bytes)
 copying: test/Mu - Too Bright/bass.wav  (11013465 bytes)
 copying: test/Mu - Too Bright/drums.wav  (30386869 bytes)
 copying: test/Mu - Too Bright/other.wav  (40040684 bytes)
 copying: test/Mu - Too Bright/vocals.wav  (33524996 bytes)
 copying: test/Mu - Too Bright/mixture.wav  (43247747 bytes)
 copying: test/Nerve 9 - Pray For The Rain/  (0 bytes)
 copying: test/Nerve 9 - Pray For The Rain/bass.wav  (41425740 bytes)
 copying: test/Nerve 9 - Pray For The Rain/drums.wav  (35221739 bytes)
 copying: test/Nerve 9 - Pray For The Rain/other.wav  (52157559 bytes)
 copying: test/Nerve 9 - Pray For The Rain/vocals.wav  (30836702 bytes)
 copying: test/Nerve 9 - Pray For The Rain/mixture.wav  (54630881 bytes)
 copying: test/PR - Happy Daze/  (0 bytes)
 copying: test/PR - Happy Daze/bass.wav  (12522203 bytes)
 copying: test/PR - Happy Daze/drums.wav  (24366294 bytes)
 copying: test/PR - Happy Daze/other.wav  (18473147 bytes)
 copying: test/PR - Happy Daze/vocals.wav  (10940426 bytes)
 copying: test/PR - Happy Daze/mixture.wav  (25825339 bytes)
 copying: test/Carlos Gonzalez - A Place For Us/  (0 bytes)
 copying: test/Carlos Gonzalez - A Place For Us/bass.wav  (11529428 bytes)
 copying: test/Carlos Gonzalez - A Place For Us/drums.wav  (28113291 bytes)
 copying: test/Carlos Gonzalez - A Place For Us/other.wav  (36919852 bytes)
 copying: test/Carlos Gonzalez - A Place For Us/vocals.wav  (31364806 bytes)
 copying: test/Carlos Gonzalez - A Place For Us/mixture.wav  (38462744 bytes)
 copying: test/Sambasevam Shanmugam - Kaathaadi/  (0 bytes)
 copying: test/Sambasevam Shanmugam - Kaathaadi/bass.wav  (20325623 bytes)
 copying: test/Sambasevam Shanmugam - Kaathaadi/drums.wav  (23951897 bytes)
 copying: test/Sambasevam Shanmugam - Kaathaadi/other.wav  (46995073 bytes)
 copying: test/Sambasevam Shanmugam - Kaathaadi/vocals.wav  (25407515 bytes)
 copying: test/Sambasevam Shanmugam - Kaathaadi/mixture.wav  (49860946 bytes)
 copying: test/The Doppler Shift - Atrophy/  (0 bytes)
 copying: test/The Doppler Shift - Atrophy/bass.wav  (36155557 bytes)
 copying: test/The Doppler Shift - Atrophy/drums.wav  (45711102 bytes)
 copying: test/The Doppler Shift - Atrophy/other.wav  (50977825 bytes)
 copying: test/The Doppler Shift - Atrophy/vocals.wav  (36638295 bytes)
 copying: test/The Doppler Shift - Atrophy/mixture.wav  (53234700 bytes)
 copying: test/The Easton Ellises - Falcon 69/  (0 bytes)
 copying: test/The Easton Ellises - Falcon 69/bass.wav  (31739428 bytes)
 copying: test/The Easton Ellises - Falcon 69/drums.wav  (34039287 bytes)
 copying: test/The Easton Ellises - Falcon 69/other.wav  (38388185 bytes)
 copying: test/The Easton Ellises - Falcon 69/vocals.wav  (31804880 bytes)
 copying: test/The Easton Ellises - Falcon 69/mixture.wav  (39989858 bytes)
 copying: test/Side Effects Project - Sing With Me/  (0 bytes)
 copying: test/Side Effects Project - Sing With Me/bass.wav  (19861553 bytes)
 copying: test/Side Effects Project - Sing With Me/drums.wav  (30787526 bytes)
 copying: test/Side Effects Project - Sing With Me/other.wav  (32050641 bytes)
 copying: test/Side Effects Project - Sing With Me/vocals.wav  (33848186 bytes)
 copying: test/Side Effects Project - Sing With Me/mixture.wav  (38820864 bytes)
 copying: test/Lyndsey Ollard - Catching Up/  (0 bytes)
 copying: test/Lyndsey Ollard - Catching Up/bass.wav  (18648821 bytes)
 copying: test/Lyndsey Ollard - Catching Up/drums.wav  (19604220 bytes)
 copying: test/Lyndsey Ollard - Catching Up/other.wav  (32149135 bytes)
 copying: test/Lyndsey Ollard - Catching Up/vocals.wav  (26519951 bytes)
 copying: test/Lyndsey Ollard - Catching Up/mixture.wav  (33884086 bytes)
 copying: test/Georgia Wonder - Siren/  (0 bytes)
 copying: test/Georgia Wonder - Siren/bass.wav  (46160891 bytes)
 copying: test/Georgia Wonder - Siren/drums.wav  (61001521 bytes)
 copying: test/Georgia Wonder - Siren/other.wav  (67717034 bytes)
 copying: test/Georgia Wonder - Siren/vocals.wav  (40388602 bytes)
 copying: test/Georgia Wonder - Siren/mixture.wav  (70378290 bytes)
 copying: test/Enda Reilly - Cur An Long Ag Seol/  (0 bytes)
 copying: test/Enda Reilly - Cur An Long Ag Seol/bass.wav  (15132333 bytes)
 copying: test/Enda Reilly - Cur An Long Ag Seol/drums.wav  (17069344 bytes)
 copying: test/Enda Reilly - Cur An Long Ag Seol/other.wav  (28522201 bytes)
 copying: test/Enda Reilly - Cur An Long Ag Seol/vocals.wav  (21851120 bytes)
 copying: test/Enda Reilly - Cur An Long Ag Seol/mixture.wav  (30105683 bytes)
 copying: test/Bobby Nobody - Stitch Up/  (0 bytes)
 copying: test/Bobby Nobody - Stitch Up/bass.wav  (28009229 bytes)
 copying: test/Bobby Nobody - Stitch Up/drums.wav  (28789314 bytes)
 copying: test/Bobby Nobody - Stitch Up/other.wav  (32176628 bytes)
 copying: test/Bobby Nobody - Stitch Up/vocals.wav  (23879272 bytes)
 copying: test/Bobby Nobody - Stitch Up/mixture.wav  (34703304 bytes)
 copying: test/Juliet's Rescue - Heartbeats/  (0 bytes)
 copying: test/Juliet's Rescue - Heartbeats/bass.wav  (31577391 bytes)
 copying: test/Juliet's Rescue - Heartbeats/drums.wav  (36533920 bytes)
 copying: test/Juliet's Rescue - Heartbeats/other.wav  (40208012 bytes)
 copying: test/Juliet's Rescue - Heartbeats/vocals.wav  (27878511 bytes)
 copying: test/Juliet's Rescue - Heartbeats/mixture.wav  (42212707 bytes)
 copying: test/Angels In Amplifiers - I'm Alright/  (0 bytes)
 copying: test/Angels In Amplifiers - I'm Alright/bass.wav  (23455437 bytes)
 copying: test/Angels In Amplifiers - I'm Alright/drums.wav  (26175045 bytes)
 copying: test/Angels In Amplifiers - I'm Alright/other.wav  (28110158 bytes)
 copying: test/Angels In Amplifiers - I'm Alright/vocals.wav  (21847447 bytes)
 copying: test/Angels In Amplifiers - I'm Alright/mixture.wav  (29274504 bytes)
 copying: test/Speak Softly - Broken Man/  (0 bytes)
 copying: test/Speak Softly - Broken Man/bass.wav  (7481338 bytes)
 copying: test/Speak Softly - Broken Man/drums.wav  (34654473 bytes)
 copying: test/Speak Softly - Broken Man/other.wav  (34794702 bytes)
 copying: test/Speak Softly - Broken Man/vocals.wav  (33764472 bytes)
 copying: test/Speak Softly - Broken Man/mixture.wav  (39798567 bytes)
 copying: test/Triviul feat. The Fiend - Widow/  (0 bytes)
 copying: test/Triviul feat. The Fiend - Widow/bass.wav  (27316690 bytes)
 copying: test/Triviul feat. The Fiend - Widow/drums.wav  (31135877 bytes)
 copying: test/Triviul feat. The Fiend - Widow/other.wav  (30626360 bytes)
 copying: test/Triviul feat. The Fiend - Widow/vocals.wav  (31143234 bytes)
 copying: test/Triviul feat. The Fiend - Widow/mixture.wav  (35894366 bytes)
 copying: test/Cristina Vane - So Easy/  (0 bytes)
 copying: test/Cristina Vane - So Easy/bass.wav  (34025911 bytes)
 copying: test/Cristina Vane - So Easy/drums.wav  (36014821 bytes)
 copying: test/Cristina Vane - So Easy/other.wav  (37162118 bytes)
 copying: test/Cristina Vane - So Easy/vocals.wav  (28981778 bytes)
 copying: test/Cristina Vane - So Easy/mixture.wav  (40651468 bytes)
 copying: test/Secretariat - Over The Top/  (0 bytes)
 copying: test/Secretariat - Over The Top/bass.wav  (33360768 bytes)
 copying: test/Secretariat - Over The Top/drums.wav  (34902233 bytes)
 copying: test/Secretariat - Over The Top/other.wav  (37433331 bytes)
 copying: test/Secretariat - Over The Top/vocals.wav  (20246835 bytes)
 copying: test/Secretariat - Over The Top/mixture.wav  (39919845 bytes)
 copying: test/James Elder & Mark M Thompson - The English Actor/  (0 bytes)
 copying: test/James Elder & Mark M Thompson - The English Actor/bass.wav  (17039240 bytes)
 copying: test/James Elder & Mark M Thompson - The English Actor/drums.wav  (28888836 bytes)
 copying: test/James Elder & Mark M Thompson - The English Actor/other.wav  (30777509 bytes)
 copying: test/James Elder & Mark M Thompson - The English Actor/vocals.wav  (24053057 bytes)
 copying: test/James Elder & Mark M Thompson - The English Actor/mixture.wav  (32381842 bytes)
Central Directory found...
no local entry: train/
no local entry: train/Skelpolu - Together Alone/
no local entry: train/Skelpolu - Together Alone/bass.wav
no local entry: train/Skelpolu - Together Alone/drums.wav
no local entry: train/Skelpolu - Together Alone/other.wav
no local entry: train/Skelpolu - Together Alone/vocals.wav
no local entry: train/Skelpolu - Together Alone/mixture.wav
no local entry: train/Jokers, Jacks & Kings - Sea Of Leaves/
no local entry: train/Jokers, Jacks & Kings - Sea Of Leaves/bass.wav
no local entry: train/Jokers, Jacks & Kings - Sea Of Leaves/drums.wav
no local entry: train/Jokers, Jacks & Kings - Sea Of Leaves/other.wav
no local entry: train/Jokers, Jacks & Kings - Sea Of Leaves/vocals.wav
no local entry: train/Jokers, Jacks & Kings - Sea Of Leaves/mixture.wav
no local entry: train/Leaf - Come Around/
no local entry: train/Leaf - Come Around/bass.wav
no local entry: train/Leaf - Come Around/drums.wav
no local entry: train/Leaf - Come Around/other.wav
no local entry: train/Leaf - Come Around/vocals.wav
no local entry: train/Leaf - Come Around/mixture.wav
no local entry: train/Young Griffo - Pennies/
no local entry: train/Young Griffo - Pennies/bass.wav
Zip64 EOCDR found ( 1 22656664012)...
Zip64 EOCDL found ( 1 22656664068)...
EOCDR found ( 1 22656664088)...
	zip warning: unexpected signature 50 4b 07 08 on disk 0 at 22656664110

	zip warning: skipping this signature...
no local entry: musdb18hq.zip
Zip64 EOCDR found ( 1 22656664213)...
Zip64 EOCDL found ( 1 22656664269)...
EOCDR found ( 1 22656664289)...
Repair successful. Unzipping repaired file.
Dataset successfully unzipped.
Running training script for model: mdx23c with dataset at /localscratch/kaim.53181160.0/MUSDB18HQ
[I 2025-01-29 07:59:13,869] A new study created in memory with name: no-name-728788ba-2887-4ba9-b7a8-2734eb1aaaa1
wandb: Using wandb-core as the SDK backend. Please refer to https://wandb.me/wandb-core for more information.
wandb: Currently logged in as: kaimikkelsen (kaimikkelsen-mcgill-university). Use `wandb login --relogin` to force relogin
wandb: Appending key for api.wandb.ai to your netrc file: /home/kaim/.netrc
wandb: Tracking run with wandb version 0.18.0
wandb: Run data is saved locally in /project/6002780/kaim/Music-Source-Separation-Training/wandb/run-20250129_075917-uehfobx6
wandb: Run `wandb offline` to turn off syncing.
wandb: Syncing run grateful-dew-35
wandb: ⭐️ View project at https://wandb.ai/kaimikkelsen-mcgill-university/msst
wandb: 🚀 View run at https://wandb.ai/kaimikkelsen-mcgill-university/msst/runs/uehfobx6
Optuna study started
Use augmentation for training
Dataset type: 1 Processes to use: 32 
Collecting metadata for ['/localscratch/kaim.53181160.0/MUSDB18HQ/train']
Warning: no tracks found in folder '/localscratch/kaim.53181160.0/MUSDB18HQ/train'. Please check it!
0it [00:00, ?it/s]0it [00:00, ?it/s]
No tracks found for training. Check paths you provided!
[1;34mwandb[0m: 🚀 View run [33mgrateful-dew-35[0m at: [34mhttps://wandb.ai/kaimikkelsen-mcgill-university/msst/runs/uehfobx6[0m
[1;34mwandb[0m: Find logs at: [1;35m../../../../../../project/6002780/kaim/Music-Source-Separation-Training/wandb/run-20250129_075917-uehfobx6/logs[0m
