Dataset already exists in /localscratch/kaim.54829571.0, skipping copy.
unzipping /localscratch/kaim.54829571.0/MUSDB18HQ.zip
Archive:  /localscratch/kaim.54829571.0/MUSDB18HQ.zip
replace /localscratch/kaim.54829571.0/MUSDB18HQ/train/Music Delta - Hendrix/other.wav? [y]es, [n]o, [A]ll, [N]one, [r]ename: Dataset successfully unzipped.
Dataset path set to: /localscratch/kaim.54829571.0/MUSDB18HQ
Running training script for model: htdemucs with dataset at /localscratch/kaim.54829571.0/MUSDB18HQ
wandb: Using wandb-core as the SDK backend. Please refer to https://wandb.me/wandb-core for more information.
wandb: Currently logged in as: kaimikkelsen (kaimikkelsen-mcgill-university). Use `wandb login --relogin` to force relogin
wandb: Appending key for api.wandb.ai to your netrc file: /home/kaim/.netrc
wandb: Tracking run with wandb version 0.18.0
wandb: Run data is saved locally in /project/6002780/kaim/Music-Source-Separation-Training/wandb/run-20250217_115005-anihe6l2
wandb: Run `wandb offline` to turn off syncing.
wandb: Syncing run htdemucs_['/localscratch/kaim.54829571.0/MUSDB18HQ/train']_2025-02-17
wandb: ⭐️ View project at https://wandb.ai/kaimikkelsen-mcgill-university/msst
wandb: 🚀 View run at https://wandb.ai/kaimikkelsen-mcgill-university/msst/runs/anihe6l2
parsing args
training model
Use augmentation for training
Dataset type: 1 Processes to use: 32 
Collecting metadata for ['/localscratch/kaim.54829571.0/MUSDB18HQ/train']
  0%|          | 0/86 [00:00<?, ?it/s]  1%|          | 1/86 [00:26<36:52, 26.03s/it]  2%|▏         | 2/86 [00:27<15:51, 11.33s/it]  3%|▎         | 3/86 [00:27<08:35,  6.21s/it]  6%|▌         | 5/86 [00:27<03:47,  2.81s/it]  8%|▊         | 7/86 [00:29<02:32,  1.93s/it] 16%|█▋        | 14/86 [00:29<00:45,  1.58it/s] 38%|███▊      | 33/86 [00:29<00:09,  5.55it/s] 44%|████▍     | 38/86 [00:30<00:07,  6.22it/s] 50%|█████     | 43/86 [00:31<00:07,  6.04it/s]100%|██████████| 86/86 [00:31<00:00,  2.76it/s]
Found tracks in dataset: 86
Instruments: ['drums', 'bass', 'other', 'vocals']
Metrics for training: ['sdr', 'l1_freq', 'si_sdr', 'neg_log_wmse', 'aura_stft', 'aura_mrstft', 'bleedless', 'fullness']. Metric for scheduler: sdr
Patience: 6 Reduce factor: 0.4542863469427565
Batch size: 2 Grad accum steps: 1 Effective batch size: 2
Dataset type: 1
Optimizer: adamw
Train for: 1000 epochs
Train epoch: 0 Learning rate: 1.80504892971876e-06
  0%|          | 0/1000 [00:00<?, ?it/s]  0%|          | 0/1000 [00:19<?, ?it/s]
Traceback (most recent call last):
  File "/project/6002780/kaim/Music-Source-Separation-Training/train.py", line 579, in <module>
    train_model(None)
  File "/project/6002780/kaim/Music-Source-Separation-Training/train.py", line 572, in train_model
    train_one_epoch(model, config, args, optimizer, device, device_ids, epoch,
  File "/project/6002780/kaim/Music-Source-Separation-Training/train.py", line 412, in train_one_epoch
    y_ = model(x)
  File "/project/6002780/kaim/Music-Source-Separation-Training/separation_env/lib/python3.10/site-packages/torch/nn/modules/module.py", line 1736, in _wrapped_call_impl
    return self._call_impl(*args, **kwargs)
  File "/project/6002780/kaim/Music-Source-Separation-Training/separation_env/lib/python3.10/site-packages/torch/nn/modules/module.py", line 1747, in _call_impl
    return forward_call(*args, **kwargs)
  File "/project/6002780/kaim/Music-Source-Separation-Training/models/demucs4ht.py", line 638, in forward
    x, pre = decode(x, skip, lengths.pop(-1))
  File "/project/6002780/kaim/Music-Source-Separation-Training/separation_env/lib/python3.10/site-packages/torch/nn/modules/module.py", line 1736, in _wrapped_call_impl
    return self._call_impl(*args, **kwargs)
  File "/project/6002780/kaim/Music-Source-Separation-Training/separation_env/lib/python3.10/site-packages/torch/nn/modules/module.py", line 1747, in _call_impl
    return forward_call(*args, **kwargs)
  File "/project/6002780/kaim/Music-Source-Separation-Training/separation_env/lib/python3.10/site-packages/demucs/hdemucs.py", line 313, in forward
    y = F.glu(self.norm1(self.rewrite(x)), dim=1)
  File "/project/6002780/kaim/Music-Source-Separation-Training/separation_env/lib/python3.10/site-packages/torch/nn/modules/module.py", line 1736, in _wrapped_call_impl
    return self._call_impl(*args, **kwargs)
  File "/project/6002780/kaim/Music-Source-Separation-Training/separation_env/lib/python3.10/site-packages/torch/nn/modules/module.py", line 1747, in _call_impl
    return forward_call(*args, **kwargs)
  File "/project/6002780/kaim/Music-Source-Separation-Training/separation_env/lib/python3.10/site-packages/torch/nn/modules/conv.py", line 554, in forward
    return self._conv_forward(input, self.weight, self.bias)
  File "/project/6002780/kaim/Music-Source-Separation-Training/separation_env/lib/python3.10/site-packages/torch/nn/modules/conv.py", line 549, in _conv_forward
    return F.conv2d(
torch.OutOfMemoryError: CUDA out of memory. Tried to allocate 162.00 MiB. GPU 0 has a total capacity of 31.73 GiB of which 128.69 MiB is free. Including non-PyTorch memory, this process has 31.60 GiB memory in use. Of the allocated memory 30.91 GiB is allocated by PyTorch, and 324.61 MiB is reserved by PyTorch but unallocated. If reserved but unallocated memory is large try setting PYTORCH_CUDA_ALLOC_CONF=expandable_segments:True to avoid fragmentation.  See documentation for Memory Management  (https://pytorch.org/docs/stable/notes/cuda.html#environment-variables)
[1;34mwandb[0m: 🚀 View run [33mhtdemucs_['/localscratch/kaim.54829571.0/MUSDB18HQ/train']_2025-02-17[0m at: [34mhttps://wandb.ai/kaimikkelsen-mcgill-university/msst/runs/anihe6l2[0m
[1;34mwandb[0m: Find logs at: [1;35m../../../../../../project/6002780/kaim/Music-Source-Separation-Training/wandb/run-20250217_115005-anihe6l2/logs[0m
