Running training script for model: htdemucs with dataset at ../data/MUSDB18HQ
wandb: Using wandb-core as the SDK backend. Please refer to https://wandb.me/wandb-core for more information.
wandb: Currently logged in as: kaimikkelsen (kaimikkelsen-mcgill-university). Use `wandb login --relogin` to force relogin
wandb: Appending key for api.wandb.ai to your netrc file: /Users/kaimikkelsen/.netrc
wandb: Tracking run with wandb version 0.18.5
wandb: Run data is saved locally in /Users/kaimikkelsen/canada_compute/Music-Source-Separation-Training/wandb/run-20250131_134833-i86js8vf
wandb: Run `wandb offline` to turn off syncing.
wandb: Syncing run htdemucs_['../data/MUSDB18HQ/train']_2025-01-31
wandb: ⭐️ View project at https://wandb.ai/kaimikkelsen-mcgill-university/msst
wandb: 🚀 View run at https://wandb.ai/kaimikkelsen-mcgill-university/msst/runs/i86js8vf
parsing args
training model
Use augmentation for training
Dataset type: 1 Processes to use: 8 
Collecting metadata for ['../data/MUSDB18HQ/train']
  0%|          | 0/80 [00:00<?, ?it/s]  1%|▏         | 1/80 [00:09<12:26,  9.45s/it] 21%|██▏       | 17/80 [00:09<00:25,  2.48it/s] 40%|████      | 32/80 [00:09<00:08,  5.55it/s] 57%|█████▊    | 46/80 [00:09<00:03,  9.40it/s] 78%|███████▊  | 62/80 [00:09<00:01, 15.33it/s] 95%|█████████▌| 76/80 [00:09<00:00, 21.91it/s]100%|██████████| 80/80 [00:09<00:00,  8.00it/s]
Found tracks in dataset: 80
CUDA is not available. Running on CPU.
Instruments: ['drums', 'bass', 'other', 'vocals']
Metrics for training: ['sdr', 'l1_freq', 'si_sdr', 'neg_log_wmse', 'aura_stft', 'aura_mrstft', 'bleedless', 'fullness']. Metric for scheduler: sdr
Patience: 2 Reduce factor: 0.95
Batch size: 2 Grad accum steps: 1 Effective batch size: 2
Dataset type: 1
Optimizer: adam
Train for: 1000 epochs
Train epoch: 0 Learning rate: 9e-05
  0%|          | 0/1000 [00:00<?, ?it/s]  0%|          | 0/1000 [01:38<?, ?it/s, loss=7.32, avg_loss=7.32]  0%|          | 1/1000 [01:38<27:14:17, 98.16s/it, loss=7.32, avg_loss=7.32]Process Process-11:
Process Process-12:
Process Process-9:
Exception ignored in: <function _MultiProcessingDataLoaderIter.__del__ at 0x105372cb0>
Traceback (most recent call last):
  File "/Users/kaimikkelsen/canada_compute/Music-Source-Separation-Training/separation_env/lib/python3.10/site-packages/torch/utils/data/dataloader.py", line 1604, in __del__
Process Process-10:
    self._shutdown_workers()
  File "/Users/kaimikkelsen/canada_compute/Music-Source-Separation-Training/separation_env/lib/python3.10/site-packages/torch/utils/data/dataloader.py", line 1568, in _shutdown_workers
    w.join(timeout=_utils.MP_STATUS_CHECK_INTERVAL)
  File "/Library/Frameworks/Python.framework/Versions/3.10/lib/python3.10/multiprocessing/process.py", line 149, in join
    res = self._popen.wait(timeout)
  File "/Library/Frameworks/Python.framework/Versions/3.10/lib/python3.10/multiprocessing/popen_fork.py", line 40, in wait
    if not wait([self.sentinel], timeout):
  File "/Library/Frameworks/Python.framework/Versions/3.10/lib/python3.10/multiprocessing/connection.py", line 936, in wait
    ready = selector.select(timeout)
  File "/Library/Frameworks/Python.framework/Versions/3.10/lib/python3.10/selectors.py", line 416, in select
    fd_event_list = self._selector.poll(timeout)
KeyboardInterrupt: 
Exception ignored in: <generator object tqdm.__iter__ at 0x135dff4c0>
Traceback (most recent call last):
  File "/Users/kaimikkelsen/canada_compute/Music-Source-Separation-Training/separation_env/lib/python3.10/site-packages/tqdm/std.py", line 1182, in __iter__
    yield obj
KeyboardInterrupt: 
Traceback (most recent call last):
  File "/Library/Frameworks/Python.framework/Versions/3.10/lib/python3.10/multiprocessing/process.py", line 318, in _bootstrap
Traceback (most recent call last):
  File "/Library/Frameworks/Python.framework/Versions/3.10/lib/python3.10/multiprocessing/process.py", line 318, in _bootstrap
    util._exit_function()
  File "/Library/Frameworks/Python.framework/Versions/3.10/lib/python3.10/multiprocessing/util.py", line 360, in _exit_function
Traceback (most recent call last):
  File "/Library/Frameworks/Python.framework/Versions/3.10/lib/python3.10/multiprocessing/process.py", line 318, in _bootstrap
    util._exit_function()
  File "/Library/Frameworks/Python.framework/Versions/3.10/lib/python3.10/multiprocessing/util.py", line 360, in _exit_function
    _run_finalizers()
  File "/Library/Frameworks/Python.framework/Versions/3.10/lib/python3.10/multiprocessing/util.py", line 300, in _run_finalizers
Traceback (most recent call last):
  File "/Library/Frameworks/Python.framework/Versions/3.10/lib/python3.10/multiprocessing/process.py", line 318, in _bootstrap
    _run_finalizers()
  File "/Library/Frameworks/Python.framework/Versions/3.10/lib/python3.10/multiprocessing/util.py", line 300, in _run_finalizers
    finalizer()
  File "/Library/Frameworks/Python.framework/Versions/3.10/lib/python3.10/multiprocessing/util.py", line 224, in __call__
    finalizer()
  File "/Library/Frameworks/Python.framework/Versions/3.10/lib/python3.10/multiprocessing/util.py", line 224, in __call__
    res = self._callback(*self._args, **self._kwargs)
  File "/Library/Frameworks/Python.framework/Versions/3.10/lib/python3.10/multiprocessing/queues.py", line 201, in _finalize_join
    res = self._callback(*self._args, **self._kwargs)
  File "/Library/Frameworks/Python.framework/Versions/3.10/lib/python3.10/multiprocessing/queues.py", line 201, in _finalize_join
    util._exit_function()
  File "/Library/Frameworks/Python.framework/Versions/3.10/lib/python3.10/multiprocessing/util.py", line 360, in _exit_function
    thread.join()
  File "/Library/Frameworks/Python.framework/Versions/3.10/lib/python3.10/threading.py", line 1083, in join
    thread.join()
  File "/Library/Frameworks/Python.framework/Versions/3.10/lib/python3.10/threading.py", line 1085, in join
    _run_finalizers()
  File "/Library/Frameworks/Python.framework/Versions/3.10/lib/python3.10/multiprocessing/util.py", line 300, in _run_finalizers
    if not self._started.is_set():
    if self is current_thread():
    finalizer()
  File "/Library/Frameworks/Python.framework/Versions/3.10/lib/python3.10/threading.py", line 546, in is_set
  File "/Library/Frameworks/Python.framework/Versions/3.10/lib/python3.10/multiprocessing/util.py", line 224, in __call__
    res = self._callback(*self._args, **self._kwargs)
  File "/Library/Frameworks/Python.framework/Versions/3.10/lib/python3.10/multiprocessing/queues.py", line 201, in _finalize_join
    thread.join()
  File "/Library/Frameworks/Python.framework/Versions/3.10/lib/python3.10/threading.py", line 1057, in join
KeyboardInterrupt

During handling of the above exception, another exception occurred:

Traceback (most recent call last):
  File "<string>", line 1, in <module>
    util._exit_function()
  File "/Library/Frameworks/Python.framework/Versions/3.10/lib/python3.10/multiprocessing/util.py", line 360, in _exit_function
    _run_finalizers()
  File "/Library/Frameworks/Python.framework/Versions/3.10/lib/python3.10/multiprocessing/util.py", line 300, in _run_finalizers
    def is_set(self):
    def join(self, timeout=None):
    finalizer()
  File "/Library/Frameworks/Python.framework/Versions/3.10/lib/python3.10/multiprocessing/util.py", line 224, in __call__
KeyboardInterrupt

During handling of the above exception, another exception occurred:

Traceback (most recent call last):
  File "<string>", line 1, in <module>
KeyboardInterrupt

During handling of the above exception, another exception occurred:

Traceback (most recent call last):
  File "<string>", line 1, in <module>
    res = self._callback(*self._args, **self._kwargs)
  File "/Library/Frameworks/Python.framework/Versions/3.10/lib/python3.10/multiprocessing/queues.py", line 201, in _finalize_join
    thread.join()
  File "/Library/Frameworks/Python.framework/Versions/3.10/lib/python3.10/threading.py", line 1089, in join
    self._wait_for_tstate_lock()
  File "/Library/Frameworks/Python.framework/Versions/3.10/lib/python3.10/threading.py", line 1105, in _wait_for_tstate_lock
    elif lock.acquire(block, timeout):
KeyboardInterrupt

During handling of the above exception, another exception occurred:

Traceback (most recent call last):
  File "<string>", line 1, in <module>
  File "/Library/Frameworks/Python.framework/Versions/3.10/lib/python3.10/multiprocessing/spawn.py", line 116, in spawn_main
  File "/Library/Frameworks/Python.framework/Versions/3.10/lib/python3.10/multiprocessing/spawn.py", line 116, in spawn_main
  File "/Library/Frameworks/Python.framework/Versions/3.10/lib/python3.10/multiprocessing/spawn.py", line 116, in spawn_main
    exitcode = _main(fd, parent_sentinel)
  File "/Library/Frameworks/Python.framework/Versions/3.10/lib/python3.10/multiprocessing/spawn.py", line 129, in _main
    exitcode = _main(fd, parent_sentinel)
  File "/Library/Frameworks/Python.framework/Versions/3.10/lib/python3.10/multiprocessing/spawn.py", line 129, in _main
    return self._bootstrap(parent_sentinel)
  File "/Library/Frameworks/Python.framework/Versions/3.10/lib/python3.10/multiprocessing/process.py", line 331, in _bootstrap
    traceback.print_exc()
  File "/Library/Frameworks/Python.framework/Versions/3.10/lib/python3.10/traceback.py", line 179, in print_exc
    print_exception(*sys.exc_info(), limit=limit, file=file, chain=chain)
  File "/Library/Frameworks/Python.framework/Versions/3.10/lib/python3.10/traceback.py", line 119, in print_exception
    return self._bootstrap(parent_sentinel)
  File "/Library/Frameworks/Python.framework/Versions/3.10/lib/python3.10/multiprocessing/process.py", line 331, in _bootstrap
    traceback.print_exc()
  File "/Library/Frameworks/Python.framework/Versions/3.10/lib/python3.10/traceback.py", line 179, in print_exc
    print_exception(*sys.exc_info(), limit=limit, file=file, chain=chain)
  File "/Library/Frameworks/Python.framework/Versions/3.10/lib/python3.10/traceback.py", line 119, in print_exception
    te = TracebackException(type(value), value, tb, limit=limit, compact=True)
  File "/Library/Frameworks/Python.framework/Versions/3.10/lib/python3.10/traceback.py", line 502, in __init__
    self.stack = StackSummary.extract(
  File "/Library/Frameworks/Python.framework/Versions/3.10/lib/python3.10/traceback.py", line 383, in extract
    te = TracebackException(type(value), value, tb, limit=limit, compact=True)
  File "/Library/Frameworks/Python.framework/Versions/3.10/lib/python3.10/traceback.py", line 502, in __init__
    f.line
  File "/Library/Frameworks/Python.framework/Versions/3.10/lib/python3.10/traceback.py", line 306, in line
    self.stack = StackSummary.extract(
  File "/Library/Frameworks/Python.framework/Versions/3.10/lib/python3.10/traceback.py", line 383, in extract
    self._line = linecache.getline(self.filename, self.lineno)
  File "/Library/Frameworks/Python.framework/Versions/3.10/lib/python3.10/linecache.py", line 30, in getline
    f.line
  File "/Library/Frameworks/Python.framework/Versions/3.10/lib/python3.10/traceback.py", line 306, in line
    self._line = linecache.getline(self.filename, self.lineno)
  File "/Library/Frameworks/Python.framework/Versions/3.10/lib/python3.10/linecache.py", line 30, in getline
  File "/Library/Frameworks/Python.framework/Versions/3.10/lib/python3.10/linecache.py", line 46, in getlines
  File "/Library/Frameworks/Python.framework/Versions/3.10/lib/python3.10/multiprocessing/spawn.py", line 129, in _main
  File "/Library/Frameworks/Python.framework/Versions/3.10/lib/python3.10/linecache.py", line 46, in getlines
    return updatecache(filename, module_globals)
  File "/Library/Frameworks/Python.framework/Versions/3.10/lib/python3.10/linecache.py", line 136, in updatecache
    with tokenize.open(fullname) as fp:
  File "/Library/Frameworks/Python.framework/Versions/3.10/lib/python3.10/tokenize.py", line 398, in open
    return self._bootstrap(parent_sentinel)
  File "/Library/Frameworks/Python.framework/Versions/3.10/lib/python3.10/multiprocessing/process.py", line 331, in _bootstrap
Error in sys.excepthook:
    return updatecache(filename, module_globals)
  File "/Library/Frameworks/Python.framework/Versions/3.10/lib/python3.10/linecache.py", line 136, in updatecache
    with tokenize.open(fullname) as fp:
  File "/Library/Frameworks/Python.framework/Versions/3.10/lib/python3.10/tokenize.py", line 398, in open
Traceback (most recent call last):
  File "/Library/Frameworks/Python.framework/Versions/3.10/lib/python3.10/linecache.py", line 46, in getlines
    return updatecache(filename, module_globals)
  File "/Library/Frameworks/Python.framework/Versions/3.10/lib/python3.10/linecache.py", line 136, in updatecache
    with tokenize.open(fullname) as fp:
  File "/Library/Frameworks/Python.framework/Versions/3.10/lib/python3.10/tokenize.py", line 396, in open
    traceback.print_exc()
  File "/Library/Frameworks/Python.framework/Versions/3.10/lib/python3.10/traceback.py", line 179, in print_exc
    text = TextIOWrapper(buffer, encoding, line_buffering=True)
    text = TextIOWrapper(buffer, encoding, line_buffering=True)
    print_exception(*sys.exc_info(), limit=limit, file=file, chain=chain)
  File "/Library/Frameworks/Python.framework/Versions/3.10/lib/python3.10/traceback.py", line 119, in print_exception
KeyboardInterrupt
    encoding, lines = detect_encoding(buffer.readline)
  File "/Library/Frameworks/Python.framework/Versions/3.10/lib/python3.10/tokenize.py", line 365, in detect_encoding
    first = read_or_stop()
  File "/Library/Frameworks/Python.framework/Versions/3.10/lib/python3.10/tokenize.py", line 323, in read_or_stop
    return readline()
  File "/Library/Frameworks/Python.framework/Versions/3.10/lib/python3.10/codecs.py", line 310, in __init__
    IncrementalDecoder.__init__(self, errors)
KeyboardInterrupt

    te = TracebackException(type(value), value, tb, limit=limit, compact=True)
  File "/Library/Frameworks/Python.framework/Versions/3.10/lib/python3.10/traceback.py", line 502, in __init__
    self.stack = StackSummary.extract(
  File "/Library/Frameworks/Python.framework/Versions/3.10/lib/python3.10/traceback.py", line 383, in extract
    f.line
  File "/Library/Frameworks/Python.framework/Versions/3.10/lib/python3.10/traceback.py", line 306, in line
    self._line = linecache.getline(self.filename, self.lineno)
  File "/Library/Frameworks/Python.framework/Versions/3.10/lib/python3.10/linecache.py", line 30, in getline
    lines = getlines(filename, module_globals)
  File "/Library/Frameworks/Python.framework/Versions/3.10/lib/python3.10/linecache.py", line 46, in getlines
    return updatecache(filename, module_globals)
  File "/Library/Frameworks/Python.framework/Versions/3.10/lib/python3.10/linecache.py", line 137, in updatecache
    lines = fp.readlines()
  File "/Library/Frameworks/Python.framework/Versions/3.10/lib/python3.10/codecs.py", line 319, in decode
    def decode(self, input, final=False):
KeyboardInterrupt
KeyboardInterrupt

Original exception was:
Traceback (most recent call last):
  File "/Users/kaimikkelsen/canada_compute/Music-Source-Separation-Training/train.py", line 579, in <module>
    train_model(None)
  File "/Users/kaimikkelsen/canada_compute/Music-Source-Separation-Training/train.py", line 572, in train_model
    train_one_epoch(model, config, args, optimizer, device, device_ids, epoch,
  File "/Users/kaimikkelsen/canada_compute/Music-Source-Separation-Training/train.py", line 412, in train_one_epoch
    y_ = model(x)
  File "/Users/kaimikkelsen/canada_compute/Music-Source-Separation-Training/separation_env/lib/python3.10/site-packages/torch/nn/modules/module.py", line 1736, in _wrapped_call_impl
    return self._call_impl(*args, **kwargs)
  File "/Users/kaimikkelsen/canada_compute/Music-Source-Separation-Training/separation_env/lib/python3.10/site-packages/torch/nn/modules/module.py", line 1747, in _call_impl
    return forward_call(*args, **kwargs)
  File "/Users/kaimikkelsen/canada_compute/Music-Source-Separation-Training/models/demucs4ht.py", line 627, in forward
    x, xt = self.crosstransformer(x, xt)
  File "/Users/kaimikkelsen/canada_compute/Music-Source-Separation-Training/separation_env/lib/python3.10/site-packages/torch/nn/modules/module.py", line 1736, in _wrapped_call_impl
    return self._call_impl(*args, **kwargs)
  File "/Users/kaimikkelsen/canada_compute/Music-Source-Separation-Training/separation_env/lib/python3.10/site-packages/torch/nn/modules/module.py", line 1747, in _call_impl
    return forward_call(*args, **kwargs)
  File "/Users/kaimikkelsen/canada_compute/Music-Source-Separation-Training/separation_env/lib/python3.10/site-packages/demucs/transformer.py", line 671, in forward
    x = self.layers[idx](x, xt)
  File "/Users/kaimikkelsen/canada_compute/Music-Source-Separation-Training/separation_env/lib/python3.10/site-packages/torch/nn/modules/module.py", line 1736, in _wrapped_call_impl
    return self._call_impl(*args, **kwargs)
  File "/Users/kaimikkelsen/canada_compute/Music-Source-Separation-Training/separation_env/lib/python3.10/site-packages/torch/nn/modules/module.py", line 1747, in _call_impl
    return forward_call(*args, **kwargs)
  File "/Users/kaimikkelsen/canada_compute/Music-Source-Separation-Training/separation_env/lib/python3.10/site-packages/demucs/transformer.py", line 494, in forward
    x = q + self.gamma_1(self._ca_block(self.norm1(q), self.norm2(k), mask))
  File "/Users/kaimikkelsen/canada_compute/Music-Source-Separation-Training/separation_env/lib/python3.10/site-packages/demucs/transformer.py", line 506, in _ca_block
    x = self.cross_attn(q, k, k, attn_mask=attn_mask, need_weights=False)[0]
  File "/Users/kaimikkelsen/canada_compute/Music-Source-Separation-Training/separation_env/lib/python3.10/site-packages/torch/nn/modules/module.py", line 1736, in _wrapped_call_impl
    return self._call_impl(*args, **kwargs)
  File "/Users/kaimikkelsen/canada_compute/Music-Source-Separation-Training/separation_env/lib/python3.10/site-packages/torch/nn/modules/module.py", line 1747, in _call_impl
    return forward_call(*args, **kwargs)
  File "/Users/kaimikkelsen/canada_compute/Music-Source-Separation-Training/separation_env/lib/python3.10/site-packages/torch/nn/modules/activation.py", line 1368, in forward
    attn_output, attn_output_weights = F.multi_head_attention_forward(
  File "/Users/kaimikkelsen/canada_compute/Music-Source-Separation-Training/separation_env/lib/python3.10/site-packages/torch/nn/functional.py", line 6285, in multi_head_attention_forward
    attn_output = linear(attn_output, out_proj_weight, out_proj_bias)
KeyboardInterrupt
[1;34mwandb[0m: 🚀 View run [33mhtdemucs_['../data/MUSDB18HQ/train']_2025-01-31[0m at: [34mhttps://wandb.ai/kaimikkelsen-mcgill-university/msst/runs/i86js8vf[0m
[1;34mwandb[0m: Find logs at: [1;35mwandb/run-20250131_134833-i86js8vf/logs[0m
