Moving ../data/MUSDB18HQ.zip to /localscratch/kaim.53624471.0 for faster access
created directory /localscratch/kaim.53624471.0/MUSDB18HQ
Unzipping dataset in /localscratch/kaim.53624471.0/MUSDB18HQ
Dataset successfully unzipped.
Dataset path set to: /localscratch/kaim.53624471.0/MUSDB18HQ
Running training script for model: htdemucs with dataset at /localscratch/kaim.53624471.0/MUSDB18HQ
[I 2025-02-03 07:12:04,588] A new study created in memory with name: no-name-50479e06-4b3e-4bcd-b9dd-445a786f6b01
wandb: Using wandb-core as the SDK backend. Please refer to https://wandb.me/wandb-core for more information.
wandb: Currently logged in as: kaimikkelsen (kaimikkelsen-mcgill-university). Use `wandb login --relogin` to force relogin
wandb: Appending key for api.wandb.ai to your netrc file: /home/kaim/.netrc
wandb: Tracking run with wandb version 0.18.0
wandb: Run data is saved locally in /project/6002780/kaim/Music-Source-Separation-Training/wandb/run-20250203_071229-twxrh85f
wandb: Run `wandb offline` to turn off syncing.
wandb: Syncing run htdemucs_['/localscratch/kaim.53624471.0/MUSDB18HQ/train']_2025-02-03
wandb: ⭐️ View project at https://wandb.ai/kaimikkelsen-mcgill-university/msst
wandb: 🚀 View run at https://wandb.ai/kaimikkelsen-mcgill-university/msst/runs/twxrh85f
Optuna study started
Initializing wandb: Namespace(model_type='htdemucs', config_path='configs/config_musdb18_htdemucs.yaml', start_check_point='', results_path='checkpoints/htdemucs_2025-02-03_06-59-23', data_path=['/localscratch/kaim.53624471.0/MUSDB18HQ/train'], dataset_type=1, valid_path=['/localscratch/kaim.53624471.0/MUSDB18HQ/validation'], num_workers=4, pin_memory=False, seed=785, device_ids=[0], use_multistft_loss=False, use_mse_loss=False, use_l1_loss=True, wandb_key='689bb384f0f7e0a9dbe275c4ba6458d13265990d', pre_valid=False, metrics=['sdr', 'l1_freq', 'si_sdr', 'neg_log_wmse', 'aura_stft', 'aura_mrstft', 'bleedless', 'fullness'], metric_for_scheduler='sdr', train_lora=False, lora_checkpoint='', lr=2.7680516483646923e-06, ema_momentum=0.9152687272467998, loudness_min=0.7705178238570757, loudness_max=1.4342628538639337, mixup_probs=(0.3, 0.03), mp3_compression_bitrate_min=58, mp3_compression_bitrate_max=259, channels=64, depth=6, t_layers=2, t_hidden_scale=7.354190206197758, t_heads=12, kernel_size=6, stride=2, t_weight_decay=1.2627358201170762e-06, dropout=0.46476046321080916, norm_groups=3)
Use augmentation for training
Dataset type: 1 Processes to use: 32 
Collecting metadata for ['/localscratch/kaim.53624471.0/MUSDB18HQ/train']
Warning: no tracks found in folder '/localscratch/kaim.53624471.0/MUSDB18HQ/train'. Please check it!
0it [00:00, ?it/s]0it [00:00, ?it/s]
No tracks found for training. Check paths you provided!
[1;34mwandb[0m: 🚀 View run [33mhtdemucs_['/localscratch/kaim.53624471.0/MUSDB18HQ/train']_2025-02-03[0m at: [34mhttps://wandb.ai/kaimikkelsen-mcgill-university/msst/runs/twxrh85f[0m
[1;34mwandb[0m: Find logs at: [1;35m../../../../../../project/6002780/kaim/Music-Source-Separation-Training/wandb/run-20250203_071229-twxrh85f/logs[0m
