Dataset path set to: 
Running training script for model: mdx23c with dataset at 
[I 2025-01-31 10:11:59,788] A new study created in memory with name: no-name-5628d7c4-bd59-4613-8c79-a696e39125e4
wandb: Using wandb-core as the SDK backend. Please refer to https://wandb.me/wandb-core for more information.
wandb: Currently logged in as: kaimikkelsen (kaimikkelsen-mcgill-university). Use `wandb login --relogin` to force relogin
wandb: Appending key for api.wandb.ai to your netrc file: /Users/kaimikkelsen/.netrc
wandb: Tracking run with wandb version 0.18.5
wandb: Run data is saved locally in /Users/kaimikkelsen/canada_compute/Music-Source-Separation-Training/wandb/run-20250131_101200-nj9n3sd1
wandb: Run `wandb offline` to turn off syncing.
wandb: Syncing run mdx23c_MUSDB18HQ_2025-01-31_10-11-56
wandb: ⭐️ View project at https://wandb.ai/kaimikkelsen-mcgill-university/msst
wandb: 🚀 View run at https://wandb.ai/kaimikkelsen-mcgill-university/msst/runs/nj9n3sd1
Optuna study started
args list :  Namespace(model_type='mdx23c', config_path='configs/config_musdb18_mdx23c.yaml', start_check_point='', results_path='checkpoints/mdx23c_2025-01-31_10-11-56', data_path=['/train'], dataset_type=1, valid_path=['/validation'], num_workers=4, pin_memory=False, seed=15, device_ids=[0], use_multistft_loss=True, use_mse_loss=True, use_l1_loss=False, wandb_key='689bb384f0f7e0a9dbe275c4ba6458d13265990d', pre_valid=False, metrics=['sdr', 'l1_freq', 'si_sdr', 'neg_log_wmse', 'aura_stft', 'aura_mrstft', 'bleedless', 'fullness'], metric_for_scheduler='sdr', train_lora=False, lora_checkpoint='', wandb_name='mdx23c_MUSDB18HQ_2025-01-31_10-11-56', lr=9.851955535723147e-05, ema_momentum=0.9059455263431434, loudness_min=0.2601443949879863, loudness_max=1.9099505474727767, mixup_probs=(0.1, 0.01), mp3_compression_bitrate_min=44, mp3_compression_bitrate_max=232, channels=128, depth=3, t_layers=5, t_hidden_scale=2.9490360406306606, t_heads=10, kernel_size=4, stride=2, t_weight_decay=3.392300135031384e-05, dropout=0.30933117322774095, norm_groups=5)
Use augmentation for training
Dataset type: 1 Processes to use: 8 
Collecting metadata for ['/train']
Warning: no tracks found in folder '/train'. Please check it!
0it [00:00, ?it/s]0it [00:00, ?it/s]
No tracks found for training. Check paths you provided!
[1;34mwandb[0m: 🚀 View run [33mmdx23c_MUSDB18HQ_2025-01-31_10-11-56[0m at: [34mhttps://wandb.ai/kaimikkelsen-mcgill-university/msst/runs/nj9n3sd1[0m
[1;34mwandb[0m: Find logs at: [1;35mwandb/run-20250131_101200-nj9n3sd1/logs[0m
